#
# There is insufficient memory for the Java Runtime Environment to continue.
# Native memory allocation (malloc) failed to allocate 1048576 bytes for AllocateHeap
# Possible reasons:
#   The system is out of physical RAM or swap space
#   The process is running with CompressedOops enabled, and the Java Heap may be blocking the growth of the native heap
# Possible solutions:
#   Reduce memory load on the system
#   Increase physical memory or swap space
#   Check if swap backing store is full
#   Decrease Java heap size (-Xmx/-Xms)
#   Decrease number of Java threads
#   Decrease Java thread stack sizes (-Xss)
#   Set larger code cache with -XX:ReservedCodeCacheSize=
#   JVM is running with Unscaled Compressed Oops mode in which the Java heap is
#     placed in the first 4GB address space. The Java Heap base address is the
#     maximum limit for the native heap growth. Please use -XX:HeapBaseMinAddress
#     to set the Java Heap base and to place the Java Heap above 4GB virtual address.
# This output file may be truncated or incomplete.
#
#  Out of Memory Error (src/hotspot/share/memory/allocation.cpp:46), pid=1644, tid=3116
#
# JRE version: OpenJDK Runtime Environment (11.0.15) (build 11.0.15+0-b2043.56-9505619)
# Java VM: OpenJDK 64-Bit Server VM (11.0.15+0-b2043.56-9505619, mixed mode, tiered, compressed oops, g1 gc, windows-amd64)
# No core dump will be written. Minidumps are not enabled by default on client versions of Windows
#

---------------  S U M M A R Y ------------

Command Line: --add-opens=java.base/java.util=ALL-UNNAMED --add-opens=java.base/java.lang=ALL-UNNAMED --add-opens=java.base/java.lang.invoke=ALL-UNNAMED --add-opens=java.base/java.util=ALL-UNNAMED --add-opens=java.prefs/java.util.prefs=ALL-UNNAMED --add-opens=java.prefs/java.util.prefs=ALL-UNNAMED --add-opens=java.base/java.nio.charset=ALL-UNNAMED --add-opens=java.base/java.net=ALL-UNNAMED --add-opens=java.base/java.util.concurrent.atomic=ALL-UNNAMED -Xmx1536m -Dfile.encoding=windows-1252 -Duser.country=US -Duser.language=en -Duser.variant org.gradle.launcher.daemon.bootstrap.GradleDaemon 7.5

Host: Intel(R) Celeron(R) N4000 CPU @ 1.10GHz, 2 cores, 3G,  Windows 10 , 64 bit Build 19041 (10.0.19041.1348)
Time: Sat Mar  4 21:20:43 2023 Mountain Standard Time elapsed time: 24.085116 seconds (0d 0h 0m 24s)

---------------  T H R E A D  ---------------

Current thread (0x0000029152576800):  VMThread "VM Thread" [stack: 0x000000c8e2500000,0x000000c8e2600000] [id=3116]

Stack: [0x000000c8e2500000,0x000000c8e2600000]
[error occurred during error reporting (printing stack bounds), id 0xc0000005, EXCEPTION_ACCESS_VIOLATION (0xc0000005) at pc=0x000002913d41113d]

Native frames: (J=compiled Java code, j=interpreted, Vv=VM code, C=native code)
V  [jvm.dll+0x64135a]
V  [jvm.dll+0x7d39f9]
V  [jvm.dll+0x7d51b9]
V  [jvm.dll+0x7d5805]
V  [jvm.dll+0x7d57bb]
V  [jvm.dll+0x640655]
V  [jvm.dll+0x640d68]
C  [ntdll.dll+0xa20cf]
C  [ntdll.dll+0x51454]
C  [ntdll.dll+0xa0bfe]
C  0x000002913d41113d

VM_Operation (0x000000c8e37f7000): CollectForMetadataAllocation, mode: safepoint, requested by thread 0x0000029154600000


---------------  P R O C E S S  ---------------

Threads class SMR info:
_java_thread_list=0x000002915712a8e0, length=35, elements={
0x00000291398e4000, 0x000002915259f800, 0x00000291525a0800, 0x00000291525fd800,
0x00000291525fe800, 0x00000291525ff800, 0x0000029152603000, 0x0000029152670800,
0x000002915262e000, 0x0000029152767800, 0x0000029153a30000, 0x00000291539e0800,
0x0000029152fef800, 0x00000291541fe800, 0x00000291544fd800, 0x00000291545fa800,
0x0000029154600000, 0x0000029154615000, 0x0000029154616000, 0x0000029154616800,
0x00000291529c0000, 0x00000291529bd800, 0x00000291529bf000, 0x00000291529be000,
0x00000291529c1800, 0x00000291529bb800, 0x00000291529c0800, 0x00000291529c2800,
0x00000291529bc800, 0x00000291538b5800, 0x00000291538b9800, 0x00000291538bb800,
0x00000291538b9000, 0x00000291538b7000, 0x00000291538bc000
}

Java Threads: ( => current thread )
  0x00000291398e4000 JavaThread "main" [_thread_blocked, id=3688, stack(0x000000c8e1f00000,0x000000c8e2000000)]
  0x000002915259f800 JavaThread "Reference Handler" daemon [_thread_blocked, id=2160, stack(0x000000c8e2600000,0x000000c8e2700000)]
  0x00000291525a0800 JavaThread "Finalizer" daemon [_thread_blocked, id=3436, stack(0x000000c8e2700000,0x000000c8e2800000)]
  0x00000291525fd800 JavaThread "Signal Dispatcher" daemon [_thread_blocked, id=3848, stack(0x000000c8e2800000,0x000000c8e2900000)]
  0x00000291525fe800 JavaThread "Attach Listener" daemon [_thread_blocked, id=1608, stack(0x000000c8e2900000,0x000000c8e2a00000)]
  0x00000291525ff800 JavaThread "Service Thread" daemon [_thread_blocked, id=1516, stack(0x000000c8e2a00000,0x000000c8e2b00000)]
  0x0000029152603000 JavaThread "C2 CompilerThread0" daemon [_thread_blocked, id=3928, stack(0x000000c8e2b00000,0x000000c8e2c00000)]
  0x0000029152670800 JavaThread "C1 CompilerThread0" daemon [_thread_blocked, id=1088, stack(0x000000c8e2c00000,0x000000c8e2d00000)]
  0x000002915262e000 JavaThread "Sweeper thread" daemon [_thread_blocked, id=4852, stack(0x000000c8e2d00000,0x000000c8e2e00000)]
  0x0000029152767800 JavaThread "Common-Cleaner" daemon [_thread_blocked, id=4292, stack(0x000000c8e2e00000,0x000000c8e2f00000)]
  0x0000029153a30000 JavaThread "Daemon health stats" [_thread_blocked, id=2016, stack(0x000000c8e3100000,0x000000c8e3200000)]
  0x00000291539e0800 JavaThread "Incoming local TCP Connector on port 58181" [_thread_in_native, id=4940, stack(0x000000c8e3200000,0x000000c8e3300000)]
  0x0000029152fef800 JavaThread "Daemon" [_thread_blocked, id=932, stack(0x000000c8e3300000,0x000000c8e3400000)]
  0x00000291541fe800 JavaThread "Handler for socket connection from /127.0.0.1:58181 to /127.0.0.1:58182" [_thread_in_native, id=1100, stack(0x000000c8e3400000,0x000000c8e3500000)]
  0x00000291544fd800 JavaThread "Daemon periodic checks" [_thread_blocked, id=3660, stack(0x000000c8e3500000,0x000000c8e3600000)]
  0x00000291545fa800 JavaThread "Cancel handler" [_thread_blocked, id=4404, stack(0x000000c8e3600000,0x000000c8e3700000)]
  0x0000029154600000 JavaThread "Daemon worker" [_thread_blocked, id=4432, stack(0x000000c8e3700000,0x000000c8e3800000)]
  0x0000029154615000 JavaThread "Asynchronous log dispatcher for DefaultDaemonConnection: socket connection from /127.0.0.1:58181 to /127.0.0.1:58182" [_thread_blocked, id=2596, stack(0x000000c8e3800000,0x000000c8e3900000)]
  0x0000029154616000 JavaThread "Stdin handler" [_thread_blocked, id=3552, stack(0x000000c8e3900000,0x000000c8e3a00000)]
  0x0000029154616800 JavaThread "Daemon client event forwarder" [_thread_blocked, id=708, stack(0x000000c8e3a00000,0x000000c8e3b00000)]
  0x00000291529c0000 JavaThread "Cache worker for journal cache (C:\Users\Admin\Downloads\FoodDeliveryApp-master\caches\journal-1)" [_thread_blocked, id=1260, stack(0x000000c8e3b00000,0x000000c8e3c00000)]
  0x00000291529bd800 JavaThread "File lock request listener" [_thread_in_native, id=4576, stack(0x000000c8e3c00000,0x000000c8e3d00000)]
  0x00000291529bf000 JavaThread "Cache worker for file hash cache (C:\Users\Admin\Downloads\FoodDeliveryApp-master\caches\7.5\fileHashes)" [_thread_blocked, id=2784, stack(0x000000c8e3d00000,0x000000c8e3e00000)]
  0x00000291529be000 JavaThread "File watcher server" daemon [_thread_in_native, id=5020, stack(0x000000c8e3e00000,0x000000c8e3f00000)]
  0x00000291529c1800 JavaThread "File watcher consumer" daemon [_thread_blocked, id=3356, stack(0x000000c8e3f00000,0x000000c8e4000000)]
  0x00000291529bb800 JavaThread "jar transforms" [_thread_blocked, id=1504, stack(0x000000c8e4000000,0x000000c8e4100000)]
  0x00000291529c0800 JavaThread "jar transforms Thread 2" [_thread_blocked, id=4596, stack(0x000000c8e4100000,0x000000c8e4200000)]
  0x00000291529c2800 JavaThread "Cache worker for checksums cache (C:\Users\Admin\AndroidStudioProjects\AnggitaPutriDayani\.gradle\7.5\checksums)" [_thread_blocked, id=4416, stack(0x000000c8e4200000,0x000000c8e4300000)]
  0x00000291529bc800 JavaThread "Cache worker for cache directory md-rule (C:\Users\Admin\Downloads\FoodDeliveryApp-master\caches\7.5\md-rule)" [_thread_blocked, id=4984, stack(0x000000c8e4300000,0x000000c8e4400000)]
  0x00000291538b5800 JavaThread "Cache worker for file content cache (C:\Users\Admin\Downloads\FoodDeliveryApp-master\caches\7.5\fileContent)" [_thread_blocked, id=1748, stack(0x000000c8e4400000,0x000000c8e4500000)]
  0x00000291538b9800 JavaThread "Cache worker for file hash cache (C:\Users\Admin\AndroidStudioProjects\AnggitaPutriDayani\.gradle\7.5\fileHashes)" [_thread_blocked, id=4976, stack(0x000000c8e4500000,0x000000c8e4600000)]
  0x00000291538bb800 JavaThread "Cache worker for cache directory md-supplier (C:\Users\Admin\Downloads\FoodDeliveryApp-master\caches\7.5\md-supplier)" [_thread_blocked, id=2976, stack(0x000000c8e4600000,0x000000c8e4700000)]
  0x00000291538b9000 JavaThread "Cache worker for execution history cache (C:\Users\Admin\Downloads\FoodDeliveryApp-master\caches\7.5\executionHistory)" [_thread_blocked, id=3652, stack(0x000000c8e4700000,0x000000c8e4800000)]
  0x00000291538b7000 JavaThread "Cache worker for dependencies-accessors (C:\Users\Admin\AndroidStudioProjects\AnggitaPutriDayani\.gradle\7.5\dependencies-accessors)" [_thread_blocked, id=3364, stack(0x000000c8e4800000,0x000000c8e4900000)]
  0x00000291538bc000 JavaThread "Cache worker for Build Output Cleanup Cache (C:\Users\Admin\AndroidStudioProjects\AnggitaPutriDayani\.gradle\buildOutputCleanup)" [_thread_blocked, id=604, stack(0x000000c8e4900000,0x000000c8e4a00000)]

Other Threads:
=>0x0000029152576800 VMThread "VM Thread" [stack: 0x000000c8e2500000,0x000000c8e2600000] [id=3116]
  0x0000029152793800 WatcherThread [stack: 0x000000c8e2f00000,0x000000c8e3000000] [id=3316]
  0x00000291398f8800 GCTaskThread "GC Thread#0" [stack: 0x000000c8e2000000,0x000000c8e2100000] [id=2568]
  0x000002915288b800 GCTaskThread "GC Thread#1" [stack: 0x000000c8e3000000,0x000000c8e3100000] [id=4676]
  0x000002913991f000 ConcurrentGCThread "G1 Main Marker" [stack: 0x000000c8e2100000,0x000000c8e2200000] [id=5048]
  0x0000029139920000 ConcurrentGCThread "G1 Conc#0" [stack: 0x000000c8e2200000,0x000000c8e2300000] [id=3628]
  0x0000029139960000 ConcurrentGCThread "G1 Refine#0" [stack: 0x000000c8e2300000,0x000000c8e2400000] [id=32]
  0x0000029139961000 ConcurrentGCThread "G1 Young RemSet Sampling" [stack: 0x000000c8e2400000,0x000000c8e2500000] [id=4832]

Threads with active compile tasks:

VM state:at safepoint (normal execution)

VM Mutex/Monitor currently owned by a thread:  ([mutex/lock_event])
[0x00000291398de9d0] Threads_lock - owner thread: 0x0000029152576800
[0x00000291398e0170] Heap_lock - owner thread: 0x0000029154600000

Heap address: 0x00000000a0000000, size: 1536 MB, Compressed Oops mode: 32-bit
Narrow klass base: 0x0000000000000000, Narrow klass shift: 3
Compressed class space size: 1073741824 Address: 0x0000000100000000

Heap:
 garbage-first heap   total 133120K, used 95411K [0x00000000a0000000, 0x0000000100000000)
  region size 1024K, 2 young (2048K), 2 survivors (2048K)
 Metaspace       used 50656K, capacity 52048K, committed 52144K, reserved 1101824K
  class space    used 6526K, capacity 7090K, committed 7168K, reserved 1048576K
Heap Regions: E=young(eden), S=young(survivor), O=old, HS=humongous(starts), HC=humongous(continues), CS=collection set, F=free, A=archive, TAMS=top-at-mark-start (previous, next)
|   0|0x00000000a0000000, 0x00000000a0100000, 0x00000000a0100000|100%| O|  |TAMS 0x00000000a0100000, 0x00000000a0100000| Untracked 
|   1|0x00000000a0100000, 0x00000000a0200000, 0x00000000a0200000|100%| O|  |TAMS 0x00000000a0200000, 0x00000000a0200000| Untracked 
|   2|0x00000000a0200000, 0x00000000a0300000, 0x00000000a0300000|100%| O|  |TAMS 0x00000000a0300000, 0x00000000a0300000| Untracked 
|   3|0x00000000a0300000, 0x00000000a0400000, 0x00000000a0400000|100%| O|  |TAMS 0x00000000a0400000, 0x00000000a0400000| Untracked 
|   4|0x00000000a0400000, 0x00000000a0500000, 0x00000000a0500000|100%|HS|  |TAMS 0x00000000a0500000, 0x00000000a0500000| Complete 
|   5|0x00000000a0500000, 0x00000000a0600000, 0x00000000a0600000|100%|HC|  |TAMS 0x00000000a0600000, 0x00000000a0600000| Complete 
|   6|0x00000000a0600000, 0x00000000a0700000, 0x00000000a0700000|100%|HC|  |TAMS 0x00000000a0700000, 0x00000000a0700000| Complete 
|   7|0x00000000a0700000, 0x00000000a0800000, 0x00000000a0800000|100%| O|  |TAMS 0x00000000a0800000, 0x00000000a0800000| Untracked 
|   8|0x00000000a0800000, 0x00000000a0900000, 0x00000000a0900000|100%| O|  |TAMS 0x00000000a0900000, 0x00000000a0900000| Untracked 
|   9|0x00000000a0900000, 0x00000000a0a00000, 0x00000000a0a00000|100%| O|  |TAMS 0x00000000a0a00000, 0x00000000a0a00000| Untracked 
|  10|0x00000000a0a00000, 0x00000000a0b00000, 0x00000000a0b00000|100%| O|  |TAMS 0x00000000a0b00000, 0x00000000a0b00000| Untracked 
|  11|0x00000000a0b00000, 0x00000000a0c00000, 0x00000000a0c00000|100%| O|  |TAMS 0x00000000a0c00000, 0x00000000a0c00000| Untracked 
|  12|0x00000000a0c00000, 0x00000000a0d00000, 0x00000000a0d00000|100%| O|  |TAMS 0x00000000a0d00000, 0x00000000a0d00000| Untracked 
|  13|0x00000000a0d00000, 0x00000000a0e00000, 0x00000000a0e00000|100%| O|  |TAMS 0x00000000a0e00000, 0x00000000a0e00000| Untracked 
|  14|0x00000000a0e00000, 0x00000000a0f00000, 0x00000000a0f00000|100%| O|  |TAMS 0x00000000a0f00000, 0x00000000a0f00000| Untracked 
|  15|0x00000000a0f00000, 0x00000000a1000000, 0x00000000a1000000|100%| O|  |TAMS 0x00000000a1000000, 0x00000000a1000000| Untracked 
|  16|0x00000000a1000000, 0x00000000a1100000, 0x00000000a1100000|100%| O|  |TAMS 0x00000000a1100000, 0x00000000a1100000| Untracked 
|  17|0x00000000a1100000, 0x00000000a1200000, 0x00000000a1200000|100%|HS|  |TAMS 0x00000000a1200000, 0x00000000a1200000| Complete 
|  18|0x00000000a1200000, 0x00000000a1300000, 0x00000000a1300000|100%|HC|  |TAMS 0x00000000a1300000, 0x00000000a1300000| Complete 
|  19|0x00000000a1300000, 0x00000000a1400000, 0x00000000a1400000|100%|HS|  |TAMS 0x00000000a1400000, 0x00000000a1400000| Complete 
|  20|0x00000000a1400000, 0x00000000a1500000, 0x00000000a1500000|100%|HC|  |TAMS 0x00000000a1500000, 0x00000000a1500000| Complete 
|  21|0x00000000a1500000, 0x00000000a1600000, 0x00000000a1600000|100%|HC|  |TAMS 0x00000000a1600000, 0x00000000a1600000| Complete 
|  22|0x00000000a1600000, 0x00000000a1700000, 0x00000000a1700000|100%|HS|  |TAMS 0x00000000a1700000, 0x00000000a1700000| Complete 
|  23|0x00000000a1700000, 0x00000000a1800000, 0x00000000a1800000|100%|HC|  |TAMS 0x00000000a1800000, 0x00000000a1800000| Complete 
|  24|0x00000000a1800000, 0x00000000a1900000, 0x00000000a1900000|100%|HC|  |TAMS 0x00000000a1900000, 0x00000000a1900000| Complete 
|  25|0x00000000a1900000, 0x00000000a1a00000, 0x00000000a1a00000|100%|HS|  |TAMS 0x00000000a1a00000, 0x00000000a1a00000| Complete 
|  26|0x00000000a1a00000, 0x00000000a1b00000, 0x00000000a1b00000|100%|HC|  |TAMS 0x00000000a1b00000, 0x00000000a1b00000| Complete 
|  27|0x00000000a1b00000, 0x00000000a1c00000, 0x00000000a1c00000|100%|HS|  |TAMS 0x00000000a1c00000, 0x00000000a1c00000| Complete 
|  28|0x00000000a1c00000, 0x00000000a1d00000, 0x00000000a1d00000|100%|HC|  |TAMS 0x00000000a1d00000, 0x00000000a1d00000| Complete 
|  29|0x00000000a1d00000, 0x00000000a1e00000, 0x00000000a1e00000|100%|HC|  |TAMS 0x00000000a1e00000, 0x00000000a1e00000| Complete 
|  30|0x00000000a1e00000, 0x00000000a1f00000, 0x00000000a1f00000|100%|HC|  |TAMS 0x00000000a1f00000, 0x00000000a1f00000| Complete 
|  31|0x00000000a1f00000, 0x00000000a2000000, 0x00000000a2000000|100%|HC|  |TAMS 0x00000000a2000000, 0x00000000a2000000| Complete 
|  32|0x00000000a2000000, 0x00000000a2100000, 0x00000000a2100000|100%| O|  |TAMS 0x00000000a2100000, 0x00000000a2100000| Untracked 
|  33|0x00000000a2100000, 0x00000000a2200000, 0x00000000a2200000|100%| O|  |TAMS 0x00000000a2200000, 0x00000000a2200000| Untracked 
|  34|0x00000000a2200000, 0x00000000a2300000, 0x00000000a2300000|100%|HS|  |TAMS 0x00000000a2300000, 0x00000000a2300000| Complete 
|  35|0x00000000a2300000, 0x00000000a2400000, 0x00000000a2400000|100%|HC|  |TAMS 0x00000000a2400000, 0x00000000a2400000| Complete 
|  36|0x00000000a2400000, 0x00000000a2500000, 0x00000000a2500000|100%|HC|  |TAMS 0x00000000a2500000, 0x00000000a2500000| Complete 
|  37|0x00000000a2500000, 0x00000000a2600000, 0x00000000a2600000|100%|HC|  |TAMS 0x00000000a2600000, 0x00000000a2600000| Complete 
|  38|0x00000000a2600000, 0x00000000a2700000, 0x00000000a2700000|100%|HC|  |TAMS 0x00000000a2700000, 0x00000000a2700000| Complete 
|  39|0x00000000a2700000, 0x00000000a2800000, 0x00000000a2800000|100%|HC|  |TAMS 0x00000000a2800000, 0x00000000a2800000| Complete 
|  40|0x00000000a2800000, 0x00000000a2900000, 0x00000000a2900000|100%|HC|  |TAMS 0x00000000a2900000, 0x00000000a2900000| Complete 
|  41|0x00000000a2900000, 0x00000000a2a00000, 0x00000000a2a00000|100%|HC|  |TAMS 0x00000000a2a00000, 0x00000000a2a00000| Complete 
|  42|0x00000000a2a00000, 0x00000000a2b00000, 0x00000000a2b00000|100%|HC|  |TAMS 0x00000000a2b00000, 0x00000000a2b00000| Complete 
|  43|0x00000000a2b00000, 0x00000000a2c00000, 0x00000000a2c00000|100%|HC|  |TAMS 0x00000000a2c00000, 0x00000000a2c00000| Complete 
|  44|0x00000000a2c00000, 0x00000000a2d00000, 0x00000000a2d00000|100%| O|  |TAMS 0x00000000a2d00000, 0x00000000a2d00000| Untracked 
|  45|0x00000000a2d00000, 0x00000000a2e00000, 0x00000000a2e00000|100%| O|  |TAMS 0x00000000a2e00000, 0x00000000a2e00000| Untracked 
|  46|0x00000000a2e00000, 0x00000000a2f00000, 0x00000000a2f00000|100%| O|  |TAMS 0x00000000a2f00000, 0x00000000a2f00000| Untracked 
|  47|0x00000000a2f00000, 0x00000000a3000000, 0x00000000a3000000|100%| O|  |TAMS 0x00000000a3000000, 0x00000000a3000000| Untracked 
|  48|0x00000000a3000000, 0x00000000a3100000, 0x00000000a3100000|100%| O|  |TAMS 0x00000000a3100000, 0x00000000a3100000| Untracked 
|  49|0x00000000a3100000, 0x00000000a3200000, 0x00000000a3200000|100%| O|  |TAMS 0x00000000a3200000, 0x00000000a3200000| Untracked 
|  50|0x00000000a3200000, 0x00000000a3300000, 0x00000000a3300000|100%|HS|  |TAMS 0x00000000a3300000, 0x00000000a3300000| Complete 
|  51|0x00000000a3300000, 0x00000000a3400000, 0x00000000a3400000|100%|HC|  |TAMS 0x00000000a3400000, 0x00000000a3400000| Complete 
|  52|0x00000000a3400000, 0x00000000a3500000, 0x00000000a3500000|100%| O|  |TAMS 0x00000000a3500000, 0x00000000a3500000| Untracked 
|  53|0x00000000a3500000, 0x00000000a3600000, 0x00000000a3600000|100%| O|  |TAMS 0x00000000a3600000, 0x00000000a3600000| Untracked 
|  54|0x00000000a3600000, 0x00000000a3700000, 0x00000000a3700000|100%| O|  |TAMS 0x00000000a3700000, 0x00000000a3700000| Untracked 
|  55|0x00000000a3700000, 0x00000000a3800000, 0x00000000a3800000|100%| O|  |TAMS 0x00000000a3800000, 0x00000000a3800000| Untracked 
|  56|0x00000000a3800000, 0x00000000a3900000, 0x00000000a3900000|100%| O|  |TAMS 0x00000000a3900000, 0x00000000a3900000| Untracked 
|  57|0x00000000a3900000, 0x00000000a3a00000, 0x00000000a3a00000|100%| O|  |TAMS 0x00000000a3a00000, 0x00000000a3a00000| Untracked 
|  58|0x00000000a3a00000, 0x00000000a3b00000, 0x00000000a3b00000|100%| O|  |TAMS 0x00000000a3b00000, 0x00000000a3b00000| Untracked 
|  59|0x00000000a3b00000, 0x00000000a3c00000, 0x00000000a3c00000|100%|HS|  |TAMS 0x00000000a3c00000, 0x00000000a3c00000| Complete 
|  60|0x00000000a3c00000, 0x00000000a3d00000, 0x00000000a3d00000|100%|HC|  |TAMS 0x00000000a3d00000, 0x00000000a3d00000| Complete 
|  61|0x00000000a3d00000, 0x00000000a3e00000, 0x00000000a3e00000|100%|HC|  |TAMS 0x00000000a3e00000, 0x00000000a3e00000| Complete 
|  62|0x00000000a3e00000, 0x00000000a3f00000, 0x00000000a3f00000|100%|HC|  |TAMS 0x00000000a3f00000, 0x00000000a3f00000| Complete 
|  63|0x00000000a3f00000, 0x00000000a4000000, 0x00000000a4000000|100%|HC|  |TAMS 0x00000000a4000000, 0x00000000a4000000| Complete 
|  64|0x00000000a4000000, 0x00000000a4100000, 0x00000000a4100000|100%|HC|  |TAMS 0x00000000a4100000, 0x00000000a4100000| Complete 
|  65|0x00000000a4100000, 0x00000000a4200000, 0x00000000a4200000|100%|HC|  |TAMS 0x00000000a4200000, 0x00000000a4200000| Complete 
|  66|0x00000000a4200000, 0x00000000a4300000, 0x00000000a4300000|100%|HC|  |TAMS 0x00000000a4300000, 0x00000000a4300000| Complete 
|  67|0x00000000a4300000, 0x00000000a4400000, 0x00000000a4400000|100%|HC|  |TAMS 0x00000000a4400000, 0x00000000a4400000| Complete 
|  68|0x00000000a4400000, 0x00000000a4500000, 0x00000000a4500000|100%|HC|  |TAMS 0x00000000a4500000, 0x00000000a4500000| Complete 
|  69|0x00000000a4500000, 0x00000000a4600000, 0x00000000a4600000|100%|HS|  |TAMS 0x00000000a4600000, 0x00000000a4600000| Complete 
|  70|0x00000000a4600000, 0x00000000a4700000, 0x00000000a4700000|100%|HC|  |TAMS 0x00000000a4700000, 0x00000000a4700000| Complete 
|  71|0x00000000a4700000, 0x00000000a4800000, 0x00000000a4800000|100%|HS|  |TAMS 0x00000000a4800000, 0x00000000a4800000| Complete 
|  72|0x00000000a4800000, 0x00000000a4900000, 0x00000000a4900000|100%|HC|  |TAMS 0x00000000a4900000, 0x00000000a4900000| Complete 
|  73|0x00000000a4900000, 0x00000000a4a00000, 0x00000000a4a00000|100%|HC|  |TAMS 0x00000000a4a00000, 0x00000000a4a00000| Complete 
|  74|0x00000000a4a00000, 0x00000000a4b00000, 0x00000000a4b00000|100%|HS|  |TAMS 0x00000000a4b00000, 0x00000000a4b00000| Complete 
|  75|0x00000000a4b00000, 0x00000000a4c00000, 0x00000000a4c00000|100%|HC|  |TAMS 0x00000000a4c00000, 0x00000000a4c00000| Complete 
|  76|0x00000000a4c00000, 0x00000000a4d00000, 0x00000000a4d00000|100%|HS|  |TAMS 0x00000000a4d00000, 0x00000000a4d00000| Complete 
|  77|0x00000000a4d00000, 0x00000000a4e00000, 0x00000000a4e00000|100%|HC|  |TAMS 0x00000000a4e00000, 0x00000000a4e00000| Complete 
|  78|0x00000000a4e00000, 0x00000000a4f00000, 0x00000000a4f00000|100%|HC|  |TAMS 0x00000000a4f00000, 0x00000000a4f00000| Complete 
|  79|0x00000000a4f00000, 0x00000000a5000000, 0x00000000a5000000|100%| O|  |TAMS 0x00000000a5000000, 0x00000000a5000000| Untracked 
|  80|0x00000000a5000000, 0x00000000a5100000, 0x00000000a5100000|100%| O|  |TAMS 0x00000000a5100000, 0x00000000a5100000| Untracked 
|  81|0x00000000a5100000, 0x00000000a5200000, 0x00000000a5200000|100%| O|  |TAMS 0x00000000a5200000, 0x00000000a5200000| Untracked 
|  82|0x00000000a5200000, 0x00000000a5300000, 0x00000000a5300000|100%| O|  |TAMS 0x00000000a5300000, 0x00000000a5300000| Untracked 
|  83|0x00000000a5300000, 0x00000000a5400000, 0x00000000a5400000|100%| O|  |TAMS 0x00000000a5400000, 0x00000000a5400000| Untracked 
|  84|0x00000000a5400000, 0x00000000a5500000, 0x00000000a5500000|100%| O|  |TAMS 0x00000000a5437200, 0x00000000a5500000| Untracked 
|  85|0x00000000a5500000, 0x00000000a5600000, 0x00000000a5600000|100%|HS|  |TAMS 0x00000000a5500000, 0x00000000a5600000| Complete 
|  86|0x00000000a5600000, 0x00000000a5700000, 0x00000000a5700000|100%|HC|  |TAMS 0x00000000a5600000, 0x00000000a5700000| Complete 
|  87|0x00000000a5700000, 0x00000000a5800000, 0x00000000a5800000|100%|HC|  |TAMS 0x00000000a5700000, 0x00000000a5800000| Complete 
|  88|0x00000000a5800000, 0x00000000a5900000, 0x00000000a5900000|100%|HC|  |TAMS 0x00000000a5800000, 0x00000000a5900000| Complete 
|  89|0x00000000a5900000, 0x00000000a5a00000, 0x00000000a5a00000|100%|HC|  |TAMS 0x00000000a5900000, 0x00000000a5a00000| Complete 
|  90|0x00000000a5a00000, 0x00000000a5b00000, 0x00000000a5b00000|100%| O|  |TAMS 0x00000000a5a00000, 0x00000000a5b00000| Untracked 
|  91|0x00000000a5b00000, 0x00000000a5b34c00, 0x00000000a5c00000| 20%| O|  |TAMS 0x00000000a5b00000, 0x00000000a5b34c00| Untracked 
|  92|0x00000000a5c00000, 0x00000000a5c00000, 0x00000000a5d00000|  0%| F|  |TAMS 0x00000000a5c00000, 0x00000000a5c00000| Untracked 
|  93|0x00000000a5d00000, 0x00000000a5d00000, 0x00000000a5e00000|  0%| F|  |TAMS 0x00000000a5d00000, 0x00000000a5d00000| Untracked 
|  94|0x00000000a5e00000, 0x00000000a5e00000, 0x00000000a5f00000|  0%| F|  |TAMS 0x00000000a5e00000, 0x00000000a5e00000| Untracked 
|  95|0x00000000a5f00000, 0x00000000a5f00000, 0x00000000a6000000|  0%| F|  |TAMS 0x00000000a5f00000, 0x00000000a5f00000| Untracked 
|  96|0x00000000a6000000, 0x00000000a6000000, 0x00000000a6100000|  0%| F|  |TAMS 0x00000000a6000000, 0x00000000a6000000| Untracked 
|  97|0x00000000a6100000, 0x00000000a6100000, 0x00000000a6200000|  0%| F|  |TAMS 0x00000000a6100000, 0x00000000a6100000| Untracked 
|  98|0x00000000a6200000, 0x00000000a6200000, 0x00000000a6300000|  0%| F|  |TAMS 0x00000000a6200000, 0x00000000a6200000| Untracked 
|  99|0x00000000a6300000, 0x00000000a6300000, 0x00000000a6400000|  0%| F|  |TAMS 0x00000000a6300000, 0x00000000a6300000| Untracked 
| 100|0x00000000a6400000, 0x00000000a6400000, 0x00000000a6500000|  0%| F|  |TAMS 0x00000000a6400000, 0x00000000a6400000| Untracked 
| 101|0x00000000a6500000, 0x00000000a6500000, 0x00000000a6600000|  0%| F|  |TAMS 0x00000000a6500000, 0x00000000a6500000| Untracked 
| 102|0x00000000a6600000, 0x00000000a6600000, 0x00000000a6700000|  0%| F|  |TAMS 0x00000000a6600000, 0x00000000a6600000| Untracked 
| 103|0x00000000a6700000, 0x00000000a6700000, 0x00000000a6800000|  0%| F|  |TAMS 0x00000000a6700000, 0x00000000a6700000| Untracked 
| 104|0x00000000a6800000, 0x00000000a6800000, 0x00000000a6900000|  0%| F|  |TAMS 0x00000000a6800000, 0x00000000a6800000| Untracked 
| 105|0x00000000a6900000, 0x00000000a6900000, 0x00000000a6a00000|  0%| F|  |TAMS 0x00000000a6900000, 0x00000000a6900000| Untracked 
| 106|0x00000000a6a00000, 0x00000000a6a00000, 0x00000000a6b00000|  0%| F|  |TAMS 0x00000000a6a00000, 0x00000000a6a00000| Untracked 
| 107|0x00000000a6b00000, 0x00000000a6b00000, 0x00000000a6c00000|  0%| F|  |TAMS 0x00000000a6b00000, 0x00000000a6b00000| Untracked 
| 108|0x00000000a6c00000, 0x00000000a6c00000, 0x00000000a6d00000|  0%| F|  |TAMS 0x00000000a6c00000, 0x00000000a6c00000| Untracked 
| 109|0x00000000a6d00000, 0x00000000a6d00000, 0x00000000a6e00000|  0%| F|  |TAMS 0x00000000a6d00000, 0x00000000a6d00000| Untracked 
| 110|0x00000000a6e00000, 0x00000000a6e00000, 0x00000000a6f00000|  0%| F|  |TAMS 0x00000000a6e00000, 0x00000000a6e00000| Untracked 
| 111|0x00000000a6f00000, 0x00000000a6f00000, 0x00000000a7000000|  0%| F|  |TAMS 0x00000000a6f00000, 0x00000000a6f00000| Untracked 
| 112|0x00000000a7000000, 0x00000000a7000000, 0x00000000a7100000|  0%| F|  |TAMS 0x00000000a7000000, 0x00000000a7000000| Untracked 
| 113|0x00000000a7100000, 0x00000000a7100000, 0x00000000a7200000|  0%| F|  |TAMS 0x00000000a7100000, 0x00000000a7100000| Untracked 
| 114|0x00000000a7200000, 0x00000000a7200000, 0x00000000a7300000|  0%| F|  |TAMS 0x00000000a7200000, 0x00000000a7200000| Untracked 
| 115|0x00000000a7300000, 0x00000000a7300000, 0x00000000a7400000|  0%| F|  |TAMS 0x00000000a7300000, 0x00000000a7300000| Untracked 
| 116|0x00000000a7400000, 0x00000000a7400000, 0x00000000a7500000|  0%| F|  |TAMS 0x00000000a7400000, 0x00000000a7400000| Untracked 
| 117|0x00000000a7500000, 0x00000000a75f8070, 0x00000000a7600000| 96%| S|CS|TAMS 0x00000000a7500000, 0x00000000a7500000| Complete 
| 118|0x00000000a7600000, 0x00000000a7700000, 0x00000000a7700000|100%| S|CS|TAMS 0x00000000a7600000, 0x00000000a7600000| Complete 
| 119|0x00000000a7700000, 0x00000000a7700000, 0x00000000a7800000|  0%| F|  |TAMS 0x00000000a7700000, 0x00000000a7700000| Untracked 
| 120|0x00000000a7800000, 0x00000000a7800000, 0x00000000a7900000|  0%| F|  |TAMS 0x00000000a7800000, 0x00000000a7800000| Untracked 
| 121|0x00000000a7900000, 0x00000000a7900000, 0x00000000a7a00000|  0%| F|  |TAMS 0x00000000a7900000, 0x00000000a7900000| Untracked 
| 122|0x00000000a7a00000, 0x00000000a7a00000, 0x00000000a7b00000|  0%| F|  |TAMS 0x00000000a7a00000, 0x00000000a7a00000| Untracked 
| 123|0x00000000a7b00000, 0x00000000a7b00000, 0x00000000a7c00000|  0%| F|  |TAMS 0x00000000a7b00000, 0x00000000a7b00000| Untracked 
| 124|0x00000000a7c00000, 0x00000000a7c00000, 0x00000000a7d00000|  0%| F|  |TAMS 0x00000000a7c00000, 0x00000000a7c00000| Untracked 
| 125|0x00000000a7d00000, 0x00000000a7d00000, 0x00000000a7e00000|  0%| F|  |TAMS 0x00000000a7d00000, 0x00000000a7d00000| Untracked 
| 126|0x00000000a7e00000, 0x00000000a7e00000, 0x00000000a7f00000|  0%| F|  |TAMS 0x00000000a7e00000, 0x00000000a7e00000| Untracked 
| 127|0x00000000a7f00000, 0x00000000a7f00000, 0x00000000a8000000|  0%| F|  |TAMS 0x00000000a7f00000, 0x00000000a7f00000| Untracked 
| 128|0x00000000a8000000, 0x00000000a8000000, 0x00000000a8100000|  0%| F|  |TAMS 0x00000000a8000000, 0x00000000a8000000| Untracked 
| 129|0x00000000a8100000, 0x00000000a8100000, 0x00000000a8200000|  0%| F|  |TAMS 0x00000000a8100000, 0x00000000a8100000| Untracked 

Card table byte_map: [0x000002914c410000,0x000002914c710000] _byte_map_base: 0x000002914bf10000

Marking Bits (Prev, Next): (CMBitMap*) 0x0000029139917ff8, (CMBitMap*) 0x0000029139918030
 Prev Bits: [0x000002914ca10000, 0x000002914e210000)
 Next Bits: [0x000002914e210000, 0x000002914fa10000)

Polling page: 0x0000029137760000

Metaspace:

Usage:
  Non-class:     43.90 MB capacity,    43.10 MB ( 98%) used,   689.93 KB (  2%) free+waste,   138.00 KB ( <1%) overhead. 
      Class:      6.92 MB capacity,     6.37 MB ( 92%) used,   495.85 KB (  7%) free+waste,    67.62 KB ( <1%) overhead. 
       Both:     50.83 MB capacity,    49.47 MB ( 97%) used,     1.16 MB (  2%) free+waste,   205.62 KB ( <1%) overhead. 

Virtual space:
  Non-class space:       52.00 MB reserved,      43.92 MB ( 84%) committed 
      Class space:        1.00 GB reserved,       7.00 MB ( <1%) committed 
             Both:        1.05 GB reserved,      50.92 MB (  5%) committed 

Chunk freelists:
   Non-Class:  18.00 KB
       Class:  14.00 KB
        Both:  32.00 KB

MaxMetaspaceSize: 17179869184.00 GB
CompressedClassSpaceSize: 1.00 GB
Initial GC threshold: 20.80 MB
Current GC threshold: 82.07 MB
CDS: off

CodeHeap 'non-profiled nmethods': size=120064Kb used=2573Kb max_used=2573Kb free=117491Kb
 bounds [0x0000029144ed0000, 0x0000029145160000, 0x000002914c410000]
CodeHeap 'profiled nmethods': size=120000Kb used=10212Kb max_used=10212Kb free=109787Kb
 bounds [0x000002913d9a0000, 0x000002913e3a0000, 0x0000029144ed0000]
CodeHeap 'non-nmethods': size=5696Kb used=2293Kb max_used=2332Kb free=3402Kb
 bounds [0x000002913d410000, 0x000002913d680000, 0x000002913d9a0000]
 total_blobs=5379 nmethods=4582 adapters=710
 compilation: enabled
              stopped_count=0, restarted_count=0
 full_count=0

Compilation events (20 events):
Event: 23.820 Thread 0x0000029152603000 4546       4       org.objectweb.asm.ByteVector::put12 (64 bytes)
Event: 23.821 Thread 0x0000029152670800 4580       3       com.google.common.collect.Lists::newArrayList (8 bytes)
Event: 23.822 Thread 0x0000029152670800 nmethod 4580 0x000002913e395910 code [0x000002913e395ae0, 0x000002913e395df8]
Event: 23.823 Thread 0x0000029152603000 nmethod 4546 0x0000029145150a10 code [0x0000029145150bc0, 0x0000029145150d68]
Event: 23.823 Thread 0x0000029152603000 4578       4       org.gradle.internal.Cast::uncheckedCast (2 bytes)
Event: 23.823 Thread 0x0000029152603000 nmethod 4578 0x0000029145150f10 code [0x00000291451510a0, 0x00000291451510d8]
Event: 23.824 Thread 0x0000029152603000 4581   !   4       java.lang.invoke.MemberName::getMethodType (203 bytes)
Event: 23.825 Thread 0x0000029152670800 4582       3       java.net.URI::match (56 bytes)
Event: 23.825 Thread 0x0000029152670800 nmethod 4582 0x000002913e395f10 code [0x000002913e3960c0, 0x000002913e396378]
Event: 23.825 Thread 0x0000029152670800 4583       1       org.gradle.internal.logging.events.ProgressStartEvent::getParentProgressOperationId (5 bytes)
Event: 23.826 Thread 0x0000029152670800 nmethod 4583 0x0000029145151210 code [0x00000291451513c0, 0x0000029145151478]
Event: 23.826 Thread 0x0000029152670800 4584       3       org.gradle.internal.logging.events.OutputEvent::<init> (5 bytes)
Event: 23.826 Thread 0x0000029152670800 nmethod 4584 0x000002913e396410 code [0x000002913e3965c0, 0x000002913e396718]
Event: 23.833 Thread 0x0000029152603000 nmethod 4581 0x0000029145151510 code [0x0000029145151700, 0x0000029145151d68]
Event: 23.839 Thread 0x0000029152603000 4585   !   4       java.net.URL::set (114 bytes)
Event: 23.849 Thread 0x0000029152603000 nmethod 4585 0x0000029145152090 code [0x0000029145152220, 0x0000029145152ab8]
Event: 23.849 Thread 0x0000029152603000 4586       4       java.net.URLStreamHandler::setURL (73 bytes)
Event: 23.857 Thread 0x0000029152603000 nmethod 4586 0x0000029145152b90 code [0x0000029145152d60, 0x0000029145153038]
Event: 23.901 Thread 0x0000029152670800 4587       3       java.util.jar.Manifest::read (340 bytes)
Event: 23.903 Thread 0x0000029152670800 nmethod 4587 0x000002913e396810 code [0x000002913e396c00, 0x000002913e398838]

GC Heap History (20 events):
Event: 17.992 GC heap before
{Heap before GC invocations=32 (full 0):
 garbage-first heap   total 110592K, used 82945K [0x00000000a0000000, 0x0000000100000000)
  region size 1024K, 25 young (25600K), 2 survivors (2048K)
 Metaspace       used 44671K, capacity 45874K, committed 46128K, reserved 1089536K
  class space    used 5708K, capacity 6148K, committed 6272K, reserved 1048576K
}
Event: 18.002 GC heap after
{Heap after GC invocations=33 (full 0):
 garbage-first heap   total 110592K, used 61505K [0x00000000a0000000, 0x0000000100000000)
  region size 1024K, 3 young (3072K), 3 survivors (3072K)
 Metaspace       used 44671K, capacity 45874K, committed 46128K, reserved 1089536K
  class space    used 5708K, capacity 6148K, committed 6272K, reserved 1048576K
}
Event: 18.231 GC heap before
{Heap before GC invocations=34 (full 0):
 garbage-first heap   total 110592K, used 61505K [0x00000000a0000000, 0x0000000100000000)
  region size 1024K, 4 young (4096K), 3 survivors (3072K)
 Metaspace       used 44671K, capacity 45874K, committed 46128K, reserved 1089536K
  class space    used 5708K, capacity 6148K, committed 6272K, reserved 1048576K
}
Event: 18.242 GC heap after
{Heap after GC invocations=35 (full 0):
 garbage-first heap   total 110592K, used 61906K [0x00000000a0000000, 0x0000000100000000)
  region size 1024K, 2 young (2048K), 2 survivors (2048K)
 Metaspace       used 44671K, capacity 45874K, committed 46128K, reserved 1089536K
  class space    used 5708K, capacity 6148K, committed 6272K, reserved 1048576K
}
Event: 18.705 GC heap before
{Heap before GC invocations=36 (full 0):
 garbage-first heap   total 110592K, used 72146K [0x00000000a0000000, 0x0000000100000000)
  region size 1024K, 3 young (3072K), 2 survivors (2048K)
 Metaspace       used 44671K, capacity 45874K, committed 46128K, reserved 1089536K
  class space    used 5708K, capacity 6148K, committed 6272K, reserved 1048576K
}
Event: 18.711 GC heap after
{Heap after GC invocations=37 (full 0):
 garbage-first heap   total 133120K, used 72202K [0x00000000a0000000, 0x0000000100000000)
  region size 1024K, 2 young (2048K), 2 survivors (2048K)
 Metaspace       used 44671K, capacity 45874K, committed 46128K, reserved 1089536K
  class space    used 5708K, capacity 6148K, committed 6272K, reserved 1048576K
}
Event: 18.882 GC heap before
{Heap before GC invocations=38 (full 0):
 garbage-first heap   total 133120K, used 77322K [0x00000000a0000000, 0x0000000100000000)
  region size 1024K, 3 young (3072K), 2 survivors (2048K)
 Metaspace       used 44671K, capacity 45874K, committed 46128K, reserved 1089536K
  class space    used 5708K, capacity 6148K, committed 6272K, reserved 1048576K
}
Event: 18.888 GC heap after
{Heap after GC invocations=39 (full 0):
 garbage-first heap   total 133120K, used 78015K [0x00000000a0000000, 0x0000000100000000)
  region size 1024K, 3 young (3072K), 3 survivors (3072K)
 Metaspace       used 44671K, capacity 45874K, committed 46128K, reserved 1089536K
  class space    used 5708K, capacity 6148K, committed 6272K, reserved 1048576K
}
Event: 20.329 GC heap before
{Heap before GC invocations=40 (full 0):
 garbage-first heap   total 133120K, used 96447K [0x00000000a0000000, 0x0000000100000000)
  region size 1024K, 18 young (18432K), 3 survivors (3072K)
 Metaspace       used 45373K, capacity 46628K, committed 46896K, reserved 1089536K
  class space    used 5786K, capacity 6247K, committed 6272K, reserved 1048576K
}
Event: 20.348 GC heap after
{Heap after GC invocations=41 (full 0):
 garbage-first heap   total 133120K, used 85204K [0x00000000a0000000, 0x0000000100000000)
  region size 1024K, 3 young (3072K), 3 survivors (3072K)
 Metaspace       used 45373K, capacity 46628K, committed 46896K, reserved 1089536K
  class space    used 5786K, capacity 6247K, committed 6272K, reserved 1048576K
}
Event: 21.342 GC heap before
{Heap before GC invocations=42 (full 0):
 garbage-first heap   total 133120K, used 104660K [0x00000000a0000000, 0x0000000100000000)
  region size 1024K, 21 young (21504K), 3 survivors (3072K)
 Metaspace       used 47036K, capacity 48343K, committed 48560K, reserved 1091584K
  class space    used 5910K, capacity 6390K, committed 6400K, reserved 1048576K
}
Event: 21.354 GC heap after
{Heap after GC invocations=43 (full 0):
 garbage-first heap   total 133120K, used 86236K [0x00000000a0000000, 0x0000000100000000)
  region size 1024K, 2 young (2048K), 2 survivors (2048K)
 Metaspace       used 47036K, capacity 48343K, committed 48560K, reserved 1091584K
  class space    used 5910K, capacity 6390K, committed 6400K, reserved 1048576K
}
Event: 21.862 GC heap before
{Heap before GC invocations=43 (full 0):
 garbage-first heap   total 133120K, used 104668K [0x00000000a0000000, 0x0000000100000000)
  region size 1024K, 20 young (20480K), 2 survivors (2048K)
 Metaspace       used 47573K, capacity 48926K, committed 49200K, reserved 1091584K
  class space    used 5996K, capacity 6473K, committed 6528K, reserved 1048576K
}
Event: 21.872 GC heap after
{Heap after GC invocations=44 (full 0):
 garbage-first heap   total 133120K, used 87652K [0x00000000a0000000, 0x0000000100000000)
  region size 1024K, 2 young (2048K), 2 survivors (2048K)
 Metaspace       used 47573K, capacity 48926K, committed 49200K, reserved 1091584K
  class space    used 5996K, capacity 6473K, committed 6528K, reserved 1048576K
}
Event: 22.904 GC heap before
{Heap before GC invocations=45 (full 0):
 garbage-first heap   total 133120K, used 100964K [0x00000000a0000000, 0x0000000100000000)
  region size 1024K, 16 young (16384K), 2 survivors (2048K)
 Metaspace       used 48672K, capacity 50056K, committed 50224K, reserved 1093632K
  class space    used 6185K, capacity 6723K, committed 6784K, reserved 1048576K
}
Event: 22.914 GC heap after
{Heap after GC invocations=46 (full 0):
 garbage-first heap   total 133120K, used 88284K [0x00000000a0000000, 0x0000000100000000)
  region size 1024K, 2 young (2048K), 2 survivors (2048K)
 Metaspace       used 48672K, capacity 50056K, committed 50224K, reserved 1093632K
  class space    used 6185K, capacity 6723K, committed 6784K, reserved 1048576K
}
Event: 23.619 GC heap before
{Heap before GC invocations=47 (full 0):
 garbage-first heap   total 133120K, used 112860K [0x00000000a0000000, 0x0000000100000000)
  region size 1024K, 21 young (21504K), 2 survivors (2048K)
 Metaspace       used 50031K, capacity 51522K, committed 51760K, reserved 1093632K
  class space    used 6421K, capacity 7000K, committed 7040K, reserved 1048576K
}
Event: 23.630 GC heap after
{Heap after GC invocations=48 (full 0):
 garbage-first heap   total 133120K, used 95060K [0x00000000a0000000, 0x0000000100000000)
  region size 1024K, 3 young (3072K), 3 survivors (3072K)
 Metaspace       used 50031K, capacity 51522K, committed 51760K, reserved 1093632K
  class space    used 6421K, capacity 7000K, committed 7040K, reserved 1048576K
}
Event: 23.940 GC heap before
{Heap before GC invocations=48 (full 0):
 garbage-first heap   total 133120K, used 105300K [0x00000000a0000000, 0x0000000100000000)
  region size 1024K, 14 young (14336K), 3 survivors (3072K)
 Metaspace       used 50656K, capacity 52048K, committed 52144K, reserved 1099776K
  class space    used 6526K, capacity 7090K, committed 7168K, reserved 1048576K
}
Event: 23.950 GC heap after
{Heap after GC invocations=49 (full 0):
 garbage-first heap   total 133120K, used 95411K [0x00000000a0000000, 0x0000000100000000)
  region size 1024K, 2 young (2048K), 2 survivors (2048K)
 Metaspace       used 50656K, capacity 52048K, committed 52144K, reserved 1099776K
  class space    used 6526K, capacity 7090K, committed 7168K, reserved 1048576K
}

Deoptimization events (20 events):
Event: 23.782 Thread 0x0000029154600000 Uncommon trap: trap_request=0xffffffc6 fr.pc=0x0000029144ff9018 relative=0x0000000000000238
Event: 23.782 Thread 0x0000029154600000 Uncommon trap: reason=bimorphic_or_optimized_type_check action=maybe_recompile pc=0x0000029144ff9018 method=com.google.common.base.CharMatcher.indexIn(Ljava/lang/CharSequence;I)I @ 31 c2
Event: 23.782 Thread 0x0000029154600000 DEOPT PACKING pc=0x0000029144ff9018 sp=0x000000c8e37f6df0
Event: 23.782 Thread 0x0000029154600000 DEOPT UNPACKING pc=0x000002913d45a1a9 sp=0x000000c8e37f6d98 mode 2
Event: 23.792 Thread 0x0000029154600000 Uncommon trap: trap_request=0xffffffc6 fr.pc=0x0000029144ff9018 relative=0x0000000000000238
Event: 23.792 Thread 0x0000029154600000 Uncommon trap: reason=bimorphic_or_optimized_type_check action=maybe_recompile pc=0x0000029144ff9018 method=com.google.common.base.CharMatcher.indexIn(Ljava/lang/CharSequence;I)I @ 31 c2
Event: 23.792 Thread 0x0000029154600000 DEOPT PACKING pc=0x0000029144ff9018 sp=0x000000c8e37f6df0
Event: 23.792 Thread 0x0000029154600000 DEOPT UNPACKING pc=0x000002913d45a1a9 sp=0x000000c8e37f6d98 mode 2
Event: 23.805 Thread 0x0000029154600000 Uncommon trap: trap_request=0xffffffc6 fr.pc=0x0000029144ff9018 relative=0x0000000000000238
Event: 23.805 Thread 0x0000029154600000 Uncommon trap: reason=bimorphic_or_optimized_type_check action=maybe_recompile pc=0x0000029144ff9018 method=com.google.common.base.CharMatcher.indexIn(Ljava/lang/CharSequence;I)I @ 31 c2
Event: 23.805 Thread 0x0000029154600000 DEOPT PACKING pc=0x0000029144ff9018 sp=0x000000c8e37f8830
Event: 23.805 Thread 0x0000029154600000 DEOPT UNPACKING pc=0x000002913d45a1a9 sp=0x000000c8e37f87d8 mode 2
Event: 23.822 Thread 0x0000029154600000 Uncommon trap: trap_request=0xffffff4d fr.pc=0x0000029144f38f90 relative=0x00000000000001d0
Event: 23.822 Thread 0x0000029154600000 Uncommon trap: reason=unstable_if action=reinterpret pc=0x0000029144f38f90 method=java.net.URI$Parser.scan(IILjava/lang/String;)I @ 26 c2
Event: 23.822 Thread 0x0000029154600000 DEOPT PACKING pc=0x0000029144f38f90 sp=0x000000c8e37f7ca0
Event: 23.822 Thread 0x0000029154600000 DEOPT UNPACKING pc=0x000002913d45a1a9 sp=0x000000c8e37f7c30 mode 2
Event: 23.822 Thread 0x0000029154600000 Uncommon trap: trap_request=0xffffff4d fr.pc=0x00000291450711c4 relative=0x00000000000000a4
Event: 23.822 Thread 0x0000029154600000 Uncommon trap: reason=unstable_if action=reinterpret pc=0x00000291450711c4 method=java.net.URI.match(CJJ)Z @ 45 c2
Event: 23.822 Thread 0x0000029154600000 DEOPT PACKING pc=0x00000291450711c4 sp=0x000000c8e37f7950
Event: 23.822 Thread 0x0000029154600000 DEOPT UNPACKING pc=0x000002913d45a1a9 sp=0x000000c8e37f78d8 mode 2

Classes redefined (0 events):
No events

Internal exceptions (20 events):
Event: 22.107 Thread 0x0000029154600000 Exception <a 'java/lang/ClassNotFoundException'{0x00000000a7ef50b8}: org/jetbrains/plugins/gradle/model/scala/ScalaModelCustomizer> (0x00000000a7ef50b8) thrown at [src/hotspot/share/classfile/systemDictionary.cpp, line 230]
Event: 23.097 Thread 0x0000029154600000 Exception <a 'java/lang/ClassNotFoundException'{0x00000000a8082688}: org/gradle/api/internal/project/DefaultProject_DecoratedBeanInfo> (0x00000000a8082688) thrown at [src/hotspot/share/classfile/systemDictionary.cpp, line 230]
Event: 23.097 Thread 0x0000029154600000 Exception <a 'java/lang/ClassNotFoundException'{0x00000000a809c7c0}: org/gradle/api/internal/project/DefaultProjectBeanInfo> (0x00000000a809c7c0) thrown at [src/hotspot/share/classfile/systemDictionary.cpp, line 230]
Event: 23.098 Thread 0x0000029154600000 Exception <a 'java/lang/ClassNotFoundException'{0x00000000a80b6940}: org/gradle/api/internal/project/DefaultProjectCustomizer> (0x00000000a80b6940) thrown at [src/hotspot/share/classfile/systemDictionary.cpp, line 230]
Event: 23.104 Thread 0x0000029154600000 Exception <a 'java/lang/ClassNotFoundException'{0x00000000a7f65ab0}: org/gradle/api/internal/project/DefaultProject_DecoratedCustomizer> (0x00000000a7f65ab0) thrown at [src/hotspot/share/classfile/systemDictionary.cpp, line 230]
Event: 23.237 Thread 0x0000029154600000 Exception <a 'java/lang/NoSuchMethodError'{0x00000000a78e5d68}: 'java.lang.Object java.lang.invoke.DelegatingMethodHandle$Holder.reinvoke_L(java.lang.Object, java.lang.Object, java.lang.Object, java.lang.Object, java.lang.Object, java.lang.Object, java.lang.Object, java.lang.Object, java.lang.Object, java.lang.Object, java.lang.Object, java.lang.Object, java.lang.Object, java.lang.Object, java.lang.Object, java.lang.Object, java.lang.Object, java.lang.Object, java.lang.Object, java.lang.Object, java.lang.O
Event: 23.238 Thread 0x0000029154600000 Exception <a 'java/lang/NoSuchMethodError'{0x00000000a78f21c0}: 'java.lang.Object java.lang.invoke.Invokers$Holder.invoker(java.lang.Object, java.lang.Object, java.lang.Object, java.lang.Object, java.lang.Object, java.lang.Object, java.lang.Object, java.lang.Object, java.lang.Object, java.lang.Object, java.lang.Object, java.lang.Object, java.lang.Object, java.lang.Object, java.lang.Object, java.lang.Object, java.lang.Object, java.lang.Object, java.lang.Object, java.lang.Object, java.lang.Object)'> (0x00000
Event: 23.238 Thread 0x0000029154600000 Exception <a 'java/lang/NoSuchMethodError'{0x00000000a78f9d28}: 'java.lang.Object java.lang.invoke.DelegatingMethodHandle$Holder.delegate(java.lang.Object, java.lang.Object, java.lang.Object, java.lang.Object, java.lang.Object, java.lang.Object, java.lang.Object, java.lang.Object, java.lang.Object, java.lang.Object, java.lang.Object, java.lang.Object, java.lang.Object, java.lang.Object, java.lang.Object, java.lang.Object, java.lang.Object, java.lang.Object, java.lang.Object, java.lang.Object, java.lang.Obj
Event: 23.255 Thread 0x0000029154600000 Exception <a 'java/lang/NoSuchMethodError'{0x00000000a7743c58}: 'java.lang.Object java.lang.invoke.DirectMethodHandle$Holder.invokeStatic(java.lang.Object, java.lang.Object, java.lang.Object, java.lang.Object, java.lang.Object, java.lang.Object, java.lang.Object, java.lang.Object, java.lang.Object, java.lang.Object, java.lang.Object, java.lang.Object, java.lang.Object, java.lang.Object, java.lang.Object)'> (0x00000000a7743c58) thrown at [src/hotspot/share/interpreter/linkResolver.cpp, line 773]
Event: 23.259 Thread 0x0000029154600000 Exception <a 'java/lang/NoSuchMethodError'{0x00000000a7754d30}: 'java.lang.Object java.lang.invoke.DirectMethodHandle$Holder.invokeStatic(java.lang.Object, java.lang.Object, java.lang.Object, java.lang.Object, java.lang.Object, java.lang.Object, java.lang.Object, java.lang.Object, java.lang.Object, java.lang.Object, java.lang.Object, java.lang.Object, java.lang.Object, java.lang.Object, java.lang.Object, java.lang.Object)'> (0x00000000a7754d30) thrown at [src/hotspot/share/interpreter/linkResolver.cpp, lin
Event: 23.261 Thread 0x0000029154600000 Exception <a 'java/lang/NoSuchMethodError'{0x00000000a77669c0}: 'java.lang.Object java.lang.invoke.DelegatingMethodHandle$Holder.reinvoke_L(java.lang.Object, java.lang.Object, java.lang.Object, java.lang.Object, java.lang.Object, java.lang.Object, java.lang.Object, java.lang.Object, java.lang.Object, java.lang.Object, java.lang.Object, java.lang.Object, java.lang.Object, java.lang.Object, java.lang.Object, java.lang.Object, java.lang.Object, java.lang.Object, java.lang.Object, java.lang.Object)'> (0x000000
Event: 23.538 Thread 0x0000029154600000 Implicit null exception at 0x0000029144fbde74 to 0x0000029144fbe084
Event: 23.759 Thread 0x0000029154600000 Exception <a 'java/lang/ClassNotFoundException'{0x00000000a7f27ad8}: build_9044xaqra7tvtejjojuxpje4hBeanInfo> (0x00000000a7f27ad8) thrown at [src/hotspot/share/classfile/systemDictionary.cpp, line 230]
Event: 23.759 Thread 0x0000029154600000 Exception <a 'java/lang/ClassNotFoundException'{0x00000000a7f3f558}: org/gradle/api/internal/project/ProjectScriptBeanInfo> (0x00000000a7f3f558) thrown at [src/hotspot/share/classfile/systemDictionary.cpp, line 230]
Event: 23.760 Thread 0x0000029154600000 Exception <a 'java/lang/ClassNotFoundException'{0x00000000a7f57410}: org/gradle/api/internal/project/ProjectScriptCustomizer> (0x00000000a7f57410) thrown at [src/hotspot/share/classfile/systemDictionary.cpp, line 230]
Event: 23.761 Thread 0x0000029154600000 Exception <a 'java/lang/ClassNotFoundException'{0x00000000a7f73768}: build_9044xaqra7tvtejjojuxpje4hCustomizer> (0x00000000a7f73768) thrown at [src/hotspot/share/classfile/systemDictionary.cpp, line 230]
Event: 23.778 Thread 0x0000029154600000 Exception <a 'java/lang/ClassNotFoundException'{0x00000000a7ffb610}: org/gradle/plugin/use/internal/PluginRequestCollector$PluginDependenciesSpecImplBeanInfo> (0x00000000a7ffb610) thrown at [src/hotspot/share/classfile/systemDictionary.cpp, line 230]
Event: 23.780 Thread 0x0000029154600000 Exception <a 'java/lang/ClassNotFoundException'{0x00000000a7e2db18}: org/gradle/plugin/use/internal/PluginRequestCollector$PluginDependenciesSpecImplCustomizer> (0x00000000a7e2db18) thrown at [src/hotspot/share/classfile/systemDictionary.cpp, line 230]
Event: 23.785 Thread 0x0000029154600000 Exception <a 'java/lang/ClassNotFoundException'{0x00000000a7e94d68}: org/gradle/plugin/use/internal/PluginRequestCollector$PluginDependencySpecImplBeanInfo> (0x00000000a7e94d68) thrown at [src/hotspot/share/classfile/systemDictionary.cpp, line 230]
Event: 23.786 Thread 0x0000029154600000 Exception <a 'java/lang/ClassNotFoundException'{0x00000000a7ec5d08}: org/gradle/plugin/use/internal/PluginRequestCollector$PluginDependencySpecImplCustomizer> (0x00000000a7ec5d08) thrown at [src/hotspot/share/classfile/systemDictionary.cpp, line 230]

Events (20 events):
Event: 23.932 loading class org/gradle/internal/resource/transport/DefaultExternalResourceRepository done
Event: 23.933 loading class org/gradle/internal/resource/transfer/DefaultCacheAwareExternalResourceAccessor
Event: 23.933 loading class org/gradle/internal/resource/transfer/DefaultCacheAwareExternalResourceAccessor done
Event: 23.934 loading class org/gradle/internal/resource/ExternalResource$ContentAndMetadataAction
Event: 23.934 loading class org/gradle/internal/resource/ExternalResource$ContentAndMetadataAction done
Event: 23.935 loading class org/gradle/internal/resource/transfer/CacheAwareExternalResourceAccessor$ResourceFileStore
Event: 23.935 loading class org/gradle/internal/resource/transfer/CacheAwareExternalResourceAccessor$ResourceFileStore done
Event: 23.935 loading class org/gradle/api/internal/artifacts/repositories/DefaultMavenArtifactRepository$MavenSnapshotDecoratingSource
Event: 23.935 loading class org/gradle/api/internal/artifacts/repositories/DefaultMavenArtifactRepository$MavenSnapshotDecoratingSource done
Event: 23.936 loading class org/gradle/api/internal/artifacts/repositories/metadata/DefaultGradleModuleMetadataSource
Event: 23.936 loading class org/gradle/api/internal/artifacts/repositories/metadata/DefaultGradleModuleMetadataSource done
Event: 23.936 loading class org/gradle/api/internal/artifacts/repositories/metadata/GradleModuleMetadataCompatibilityConverter
Event: 23.936 loading class org/gradle/api/internal/artifacts/repositories/metadata/GradleModuleMetadataCompatibilityConverter done
Event: 23.937 loading class org/gradle/api/internal/artifacts/ivyservice/ivyresolve/parser/DescriptorParseContext
Event: 23.937 loading class org/gradle/api/internal/artifacts/ivyservice/ivyresolve/parser/DescriptorParseContext done
Event: 23.938 loading class org/gradle/internal/component/model/ModuleDescriptorArtifactMetadata
Event: 23.938 loading class org/gradle/internal/component/model/ModuleDescriptorArtifactMetadata done
Event: 23.939 loading class org/gradle/api/internal/artifacts/repositories/metadata/MavenMetadataArtifactProvider
Event: 23.939 loading class org/gradle/api/internal/artifacts/repositories/metadata/MavenMetadataArtifactProvider done
Event: 23.939 Executing VM operation: CollectForMetadataAllocation


Dynamic libraries:
0x00007ff7d4a90000 - 0x00007ff7d4a9a000 	C:\Program Files\Android\Android Studio\jbr\bin\java.exe
0x00007fff3ac90000 - 0x00007fff3ae85000 	C:\Windows\SYSTEM32\ntdll.dll
0x00007fff3a150000 - 0x00007fff3a20e000 	C:\Windows\System32\KERNEL32.DLL
0x00007fff38700000 - 0x00007fff389c8000 	C:\Windows\System32\KERNELBASE.dll
0x00007fff38440000 - 0x00007fff38540000 	C:\Windows\System32\ucrtbase.dll
0x00007fff2eb30000 - 0x00007fff2eb47000 	C:\Program Files\Android\Android Studio\jbr\bin\jli.dll
0x00007fff32130000 - 0x00007fff3214b000 	C:\Program Files\Android\Android Studio\jbr\bin\VCRUNTIME140.dll
0x00007fff38d50000 - 0x00007fff38ef1000 	C:\Windows\System32\USER32.dll
0x00007fff290c0000 - 0x00007fff2935a000 	C:\Windows\WinSxS\amd64_microsoft.windows.common-controls_6595b64144ccf1df_6.0.19041.1110_none_60b5254171f9507e\COMCTL32.dll
0x00007fff386d0000 - 0x00007fff386f2000 	C:\Windows\System32\win32u.dll
0x00007fff39080000 - 0x00007fff390ab000 	C:\Windows\System32\GDI32.dll
0x00007fff39290000 - 0x00007fff3932e000 	C:\Windows\System32\msvcrt.dll
0x00007fff38b60000 - 0x00007fff38c6d000 	C:\Windows\System32\gdi32full.dll
0x00007fff383a0000 - 0x00007fff3843d000 	C:\Windows\System32\msvcp_win.dll
0x00007fff3a420000 - 0x00007fff3a450000 	C:\Windows\System32\IMM32.DLL
0x00007fff35c50000 - 0x00007fff35c5c000 	C:\Program Files\Android\Android Studio\jbr\bin\vcruntime140_1.dll
0x00007fff209c0000 - 0x00007fff20a4d000 	C:\Program Files\Android\Android Studio\jbr\bin\msvcp140.dll
0x00007fff06d00000 - 0x00007fff078bc000 	C:\Program Files\Android\Android Studio\jbr\bin\server\jvm.dll
0x00007fff3aa60000 - 0x00007fff3ab0c000 	C:\Windows\System32\ADVAPI32.dll
0x00007fff38f00000 - 0x00007fff38f9b000 	C:\Windows\System32\sechost.dll
0x00007fff3a2f0000 - 0x00007fff3a41a000 	C:\Windows\System32\RPCRT4.dll
0x00007fff38fa0000 - 0x00007fff38fa8000 	C:\Windows\System32\PSAPI.DLL
0x00007fff227c0000 - 0x00007fff227e7000 	C:\Windows\SYSTEM32\WINMM.dll
0x00007fff33290000 - 0x00007fff33299000 	C:\Windows\SYSTEM32\WSOCK32.dll
0x00007fff2df30000 - 0x00007fff2df3a000 	C:\Windows\SYSTEM32\VERSION.dll
0x00007fff39de0000 - 0x00007fff39e4b000 	C:\Windows\System32\WS2_32.dll
0x00007fff36440000 - 0x00007fff36452000 	C:\Windows\SYSTEM32\kernel.appcore.dll
0x00007fff33280000 - 0x00007fff33290000 	C:\Program Files\Android\Android Studio\jbr\bin\verify.dll
0x00007fff240d0000 - 0x00007fff242b4000 	C:\Windows\SYSTEM32\DBGHELP.DLL
0x00007fff240a0000 - 0x00007fff240cc000 	C:\Windows\SYSTEM32\dbgcore.DLL
0x00007fff38ad0000 - 0x00007fff38b53000 	C:\Windows\System32\bcryptPrimitives.dll
0x00007fff33250000 - 0x00007fff33278000 	C:\Program Files\Android\Android Studio\jbr\bin\java.dll
0x00007fff33240000 - 0x00007fff3324a000 	C:\Program Files\Android\Android Studio\jbr\bin\jimage.dll
0x00007fff1fcc0000 - 0x00007fff1fcd8000 	C:\Program Files\Android\Android Studio\jbr\bin\zip.dll
0x00007fff39330000 - 0x00007fff39a74000 	C:\Windows\System32\SHELL32.dll
0x00007fff36640000 - 0x00007fff36dd4000 	C:\Windows\SYSTEM32\windows.storage.dll
0x00007fff39a80000 - 0x00007fff39dd5000 	C:\Windows\System32\combase.dll
0x00007fff37d20000 - 0x00007fff37d4e000 	C:\Windows\SYSTEM32\Wldp.dll
0x00007fff390b0000 - 0x00007fff3915d000 	C:\Windows\System32\SHCORE.dll
0x00007fff39010000 - 0x00007fff39065000 	C:\Windows\System32\shlwapi.dll
0x00007fff38290000 - 0x00007fff382af000 	C:\Windows\SYSTEM32\profapi.dll
0x00007fff1fc30000 - 0x00007fff1fc49000 	C:\Program Files\Android\Android Studio\jbr\bin\net.dll
0x00007fff30180000 - 0x00007fff3028c000 	C:\Windows\SYSTEM32\WINHTTP.dll
0x00007fff37a80000 - 0x00007fff37aea000 	C:\Windows\system32\mswsock.dll
0x00007fff081c0000 - 0x00007fff081d3000 	C:\Program Files\Android\Android Studio\jbr\bin\nio.dll
0x00007fff20510000 - 0x00007fff20537000 	C:\Users\Admin\Downloads\FoodDeliveryApp-master\native\e1d6ef7f7dcc3fd88c89a11ec53ec762bb8ba0a96d01ffa2cd45eb1d1d8dd5c5\windows-amd64\native-platform.dll
0x00007fff0aea0000 - 0x00007fff0afe4000 	C:\Users\Admin\Downloads\FoodDeliveryApp-master\native\0d407fdbe67a94daf76414ababcb853783967236a71b16ec16e742cd7a986fd3\windows-amd64\native-platform-file-events.dll
0x00007fff265a0000 - 0x00007fff265aa000 	C:\Program Files\Android\Android Studio\jbr\bin\management.dll
0x00007fff258d0000 - 0x00007fff258db000 	C:\Program Files\Android\Android Studio\jbr\bin\management_ext.dll
0x00007fff37c70000 - 0x00007fff37c88000 	C:\Windows\SYSTEM32\CRYPTSP.dll
0x00007fff375b0000 - 0x00007fff375e4000 	C:\Windows\system32\rsaenh.dll
0x00007fff38540000 - 0x00007fff38567000 	C:\Windows\System32\bcrypt.dll
0x00007fff381f0000 - 0x00007fff3821e000 	C:\Windows\SYSTEM32\USERENV.dll
0x00007fff37c90000 - 0x00007fff37c9c000 	C:\Windows\SYSTEM32\CRYPTBASE.dll
0x00007fff37770000 - 0x00007fff377ab000 	C:\Windows\SYSTEM32\IPHLPAPI.DLL
0x00007fff3aa50000 - 0x00007fff3aa58000 	C:\Windows\System32\NSI.dll
0x00007fff2fc70000 - 0x00007fff2fc87000 	C:\Windows\SYSTEM32\dhcpcsvc6.DLL
0x00007fff30a70000 - 0x00007fff30a8d000 	C:\Windows\SYSTEM32\dhcpcsvc.DLL
0x00007fff377b0000 - 0x00007fff3787b000 	C:\Windows\SYSTEM32\DNSAPI.dll

dbghelp: loaded successfully - version: 4.0.5 - missing functions: none
symbol engine: initialized successfully - sym options: 0x614 - pdb path: .;C:\Program Files\Android\Android Studio\jbr\bin;C:\Windows\SYSTEM32;C:\Windows\WinSxS\amd64_microsoft.windows.common-controls_6595b64144ccf1df_6.0.19041.1110_none_60b5254171f9507e;C:\Program Files\Android\Android Studio\jbr\bin\server;C:\Users\Admin\Downloads\FoodDeliveryApp-master\native\e1d6ef7f7dcc3fd88c89a11ec53ec762bb8ba0a96d01ffa2cd45eb1d1d8dd5c5\windows-amd64;C:\Users\Admin\Downloads\FoodDeliveryApp-master\native\0d407fdbe67a94daf76414ababcb853783967236a71b16ec16e742cd7a986fd3\windows-amd64

VM Arguments:
jvm_args: --add-opens=java.base/java.util=ALL-UNNAMED --add-opens=java.base/java.lang=ALL-UNNAMED --add-opens=java.base/java.lang.invoke=ALL-UNNAMED --add-opens=java.base/java.util=ALL-UNNAMED --add-opens=java.prefs/java.util.prefs=ALL-UNNAMED --add-opens=java.prefs/java.util.prefs=ALL-UNNAMED --add-opens=java.base/java.nio.charset=ALL-UNNAMED --add-opens=java.base/java.net=ALL-UNNAMED --add-opens=java.base/java.util.concurrent.atomic=ALL-UNNAMED -Xmx1536m -Dfile.encoding=windows-1252 -Duser.country=US -Duser.language=en -Duser.variant 
java_command: org.gradle.launcher.daemon.bootstrap.GradleDaemon 7.5
java_class_path (initial): C:\Users\Admin\Downloads\FoodDeliveryApp-master\wrapper\dists\gradle-7.5-bin\f1w0cc9nuo0eivz97x2xlu9sv\gradle-7.5\lib\gradle-launcher-7.5.jar
Launcher Type: SUN_STANDARD

[Global flags]
     intx CICompilerCount                          = 2                                         {product} {ergonomic}
     uint ConcGCThreads                            = 1                                         {product} {ergonomic}
     uint G1ConcRefinementThreads                  = 2                                         {product} {ergonomic}
   size_t G1HeapRegionSize                         = 1048576                                   {product} {ergonomic}
    uintx GCDrainStackTargetSize                   = 64                                        {product} {ergonomic}
   size_t InitialHeapSize                          = 65011712                                  {product} {ergonomic}
   size_t MarkStackSize                            = 4194304                                   {product} {ergonomic}
   size_t MaxHeapSize                              = 1610612736                                {product} {command line}
   size_t MaxNewSize                               = 965738496                                 {product} {ergonomic}
   size_t MinHeapDeltaBytes                        = 1048576                                   {product} {ergonomic}
    uintx NonNMethodCodeHeapSize                   = 5825164                                {pd product} {ergonomic}
    uintx NonProfiledCodeHeapSize                  = 122916538                              {pd product} {ergonomic}
    uintx ProfiledCodeHeapSize                     = 122916538                              {pd product} {ergonomic}
    uintx ReservedCodeCacheSize                    = 251658240                              {pd product} {ergonomic}
     bool SegmentedCodeCache                       = true                                      {product} {ergonomic}
     bool UseCompressedClassPointers               = true                                 {lp64_product} {ergonomic}
     bool UseCompressedOops                        = true                                 {lp64_product} {ergonomic}
     bool UseG1GC                                  = true                                      {product} {ergonomic}
     bool UseLargePagesIndividualAllocation        = false                                  {pd product} {ergonomic}

Logging:
Log output configuration:
 #0: stdout all=warning uptime,level,tags
 #1: stderr all=off uptime,level,tags

Environment Variables:
PATH=C:\Program Files\Common Files\Oracle\Java\javapath;C:\Windows\system32;C:\Windows;C:\Windows\System32\Wbem;C:\Windows\System32\WindowsPowerShell\v1.0\;C:\Windows\System32\OpenSSH\;C:\Program Files (x86)\Microsoft SQL Server\160\DTS\Binn\;C:\Program Files\Azure Data Studio\bin;C:\Users\Admin\AppData\Local\Microsoft\WindowsApps;C:\Users\Admin\AppData\Local\Programs\Microsoft VS Code\bin;C:\Program Files\Azure Data Studio\bin
USERNAME=Admin
OS=Windows_NT
PROCESSOR_IDENTIFIER=Intel64 Family 6 Model 122 Stepping 1, GenuineIntel



---------------  S Y S T E M  ---------------

OS: Windows 10 , 64 bit Build 19041 (10.0.19041.1348)
OS uptime: 0 days 3:08 hours

CPU:total 2 (initial active 2) (2 cores per cpu, 1 threads per core) family 6 model 122 stepping 1 microcode 0x32, cmov, cx8, fxsr, mmx, sse, sse2, sse3, ssse3, sse4.1, sse4.2, popcnt, aes, clmul, erms, 3dnowpref, tsc, tscinvbit, sha

Memory: 4k page, system-wide physical 3918M (239M free)
TotalPageFile size 3918M (AvailPageFile size 4M)
current process WorkingSet (physical memory assigned to process): 199M, peak: 225M
current process commit charge ("private bytes"): 308M, peak: 309M

vm_info: OpenJDK 64-Bit Server VM (11.0.15+0-b2043.56-9505619) for windows-amd64 JRE (11.0.15+0-b2043.56-9505619), built on Jan 19 2023 02:48:00 by "builduser" with unknown MS VC++:1929

END.
