#
# There is insufficient memory for the Java Runtime Environment to continue.
# Native memory allocation (mmap) failed to map 52428800 bytes for Failed to commit area from 0x00000000a8200000 to 0x00000000ab400000 of length 52428800.
# Possible reasons:
#   The system is out of physical RAM or swap space
#   The process is running with CompressedOops enabled, and the Java Heap may be blocking the growth of the native heap
# Possible solutions:
#   Reduce memory load on the system
#   Increase physical memory or swap space
#   Check if swap backing store is full
#   Decrease Java heap size (-Xmx/-Xms)
#   Decrease number of Java threads
#   Decrease Java thread stack sizes (-Xss)
#   Set larger code cache with -XX:ReservedCodeCacheSize=
#   JVM is running with Unscaled Compressed Oops mode in which the Java heap is
#     placed in the first 4GB address space. The Java Heap base address is the
#     maximum limit for the native heap growth. Please use -XX:HeapBaseMinAddress
#     to set the Java Heap base and to place the Java Heap above 4GB virtual address.
# This output file may be truncated or incomplete.
#
#  Out of Memory Error (src/hotspot/os/windows/os_windows.cpp:3627), pid=2588, tid=160
#
# JRE version: OpenJDK Runtime Environment (11.0.15) (build 11.0.15+0-b2043.56-9505619)
# Java VM: OpenJDK 64-Bit Server VM (11.0.15+0-b2043.56-9505619, mixed mode, tiered, compressed oops, g1 gc, windows-amd64)
# No core dump will be written. Minidumps are not enabled by default on client versions of Windows
#

---------------  S U M M A R Y ------------

Command Line: --add-opens=java.base/java.util=ALL-UNNAMED --add-opens=java.base/java.lang=ALL-UNNAMED --add-opens=java.base/java.lang.invoke=ALL-UNNAMED --add-opens=java.base/java.util=ALL-UNNAMED --add-opens=java.prefs/java.util.prefs=ALL-UNNAMED --add-opens=java.prefs/java.util.prefs=ALL-UNNAMED --add-opens=java.base/java.nio.charset=ALL-UNNAMED --add-opens=java.base/java.net=ALL-UNNAMED --add-opens=java.base/java.util.concurrent.atomic=ALL-UNNAMED -Xmx1536m -Dfile.encoding=windows-1252 -Duser.country=US -Duser.language=en -Duser.variant org.gradle.launcher.daemon.bootstrap.GradleDaemon 7.5

Host: Intel(R) Celeron(R) N4000 CPU @ 1.10GHz, 2 cores, 3G,  Windows 10 , 64 bit Build 19041 (10.0.19041.1348)
Time: Sat Mar  4 21:26:03 2023 Mountain Standard Time elapsed time: 37.472728 seconds (0d 0h 0m 37s)

---------------  T H R E A D  ---------------

Current thread (0x0000019cb2dcb800):  VMThread "VM Thread" [stack: 0x0000000b58100000,0x0000000b58200000] [id=160]

Stack: [0x0000000b58100000,0x0000000b58200000]
[error occurred during error reporting (printing stack bounds), id 0xc0000005, EXCEPTION_ACCESS_VIOLATION (0xc0000005) at pc=0x0000019c9d56113d]

Native frames: (J=compiled Java code, j=interpreted, Vv=VM code, C=native code)
V  [jvm.dll+0x64135a]
V  [jvm.dll+0x7d39f9]
V  [jvm.dll+0x7d51b9]
V  [jvm.dll+0x7d5805]
V  [jvm.dll+0x7d57bb]
V  [jvm.dll+0x640655]
V  [jvm.dll+0x640d68]
C  [ntdll.dll+0xa20cf]
C  [ntdll.dll+0x51454]
C  [ntdll.dll+0xa0bfe]
C  0x0000019c9d56113d

VM_Operation (0x0000000b593f1e40): G1CollectForAllocation, mode: safepoint, requested by thread 0x0000019cb5207800


---------------  P R O C E S S  ---------------

Threads class SMR info:
_java_thread_list=0x0000019cb9a193b0, length=56, elements={
0x0000019c9824e000, 0x0000019cb2df1000, 0x0000019cb2df4800, 0x0000019cb2e4f800,
0x0000019cb2e50800, 0x0000019cb2e52000, 0x0000019cb2e56000, 0x0000019cb2fc0000,
0x0000019cb2fc5000, 0x0000019cb302e000, 0x0000019cb3ec0800, 0x0000019cb4182800,
0x0000019cb4a67800, 0x0000019cb48ed000, 0x0000019cb4987000, 0x0000019cb4e9b000,
0x0000019cb5207800, 0x0000019cb4a3f000, 0x0000019cb39ee800, 0x0000019cb39ef800,
0x0000019cb3a42000, 0x0000019cb3a40000, 0x0000019cb3a40800, 0x0000019cb3a41800,
0x0000019cb744a800, 0x0000019cb744c800, 0x0000019cb7449000, 0x0000019cb744a000,
0x0000019cb744b800, 0x0000019cb7447800, 0x0000019cb744d000, 0x0000019cb744e000,
0x0000019cb7448000, 0x0000019cb7453000, 0x0000019cb744e800, 0x0000019cb7451000,
0x0000019cb7453800, 0x0000019cb744f800, 0x0000019cb7455800, 0x0000019cb7454800,
0x0000019cb7456000, 0x0000019cb784a000, 0x0000019cb7849000, 0x0000019cb784a800,
0x0000019cb784d000, 0x0000019cb784e000, 0x0000019cb784b800, 0x0000019cb784c800,
0x0000019cb7848800, 0x0000019cb7854800, 0x0000019cb784f000, 0x0000019cb7855800,
0x0000019cb7851800, 0x0000019cb784f800, 0x0000019cb7856000, 0x0000019cb7850800
}

Java Threads: ( => current thread )
  0x0000019c9824e000 JavaThread "main" [_thread_blocked, id=1364, stack(0x0000000b57b00000,0x0000000b57c00000)]
  0x0000019cb2df1000 JavaThread "Reference Handler" daemon [_thread_blocked, id=4468, stack(0x0000000b58200000,0x0000000b58300000)]
  0x0000019cb2df4800 JavaThread "Finalizer" daemon [_thread_blocked, id=3648, stack(0x0000000b58300000,0x0000000b58400000)]
  0x0000019cb2e4f800 JavaThread "Signal Dispatcher" daemon [_thread_blocked, id=3664, stack(0x0000000b58400000,0x0000000b58500000)]
  0x0000019cb2e50800 JavaThread "Attach Listener" daemon [_thread_blocked, id=3896, stack(0x0000000b58500000,0x0000000b58600000)]
  0x0000019cb2e52000 JavaThread "Service Thread" daemon [_thread_blocked, id=3760, stack(0x0000000b58600000,0x0000000b58700000)]
  0x0000019cb2e56000 JavaThread "C2 CompilerThread0" daemon [_thread_blocked, id=5048, stack(0x0000000b58700000,0x0000000b58800000)]
  0x0000019cb2fc0000 JavaThread "C1 CompilerThread0" daemon [_thread_blocked, id=3104, stack(0x0000000b58800000,0x0000000b58900000)]
  0x0000019cb2fc5000 JavaThread "Sweeper thread" daemon [_thread_blocked, id=2820, stack(0x0000000b58900000,0x0000000b58a00000)]
  0x0000019cb302e000 JavaThread "Common-Cleaner" daemon [_thread_blocked, id=3416, stack(0x0000000b58a00000,0x0000000b58b00000)]
  0x0000019cb3ec0800 JavaThread "Daemon health stats" [_thread_blocked, id=4524, stack(0x0000000b58d00000,0x0000000b58e00000)]
  0x0000019cb4182800 JavaThread "Incoming local TCP Connector on port 58473" [_thread_in_native, id=1492, stack(0x0000000b58e00000,0x0000000b58f00000)]
  0x0000019cb4a67800 JavaThread "Daemon periodic checks" [_thread_blocked, id=4356, stack(0x0000000b58f00000,0x0000000b59000000)]
  0x0000019cb48ed000 JavaThread "Daemon" [_thread_blocked, id=748, stack(0x0000000b59000000,0x0000000b59100000)]
  0x0000019cb4987000 JavaThread "Handler for socket connection from /127.0.0.1:58473 to /127.0.0.1:58474" [_thread_in_native, id=4700, stack(0x0000000b59100000,0x0000000b59200000)]
  0x0000019cb4e9b000 JavaThread "Cancel handler" [_thread_blocked, id=4928, stack(0x0000000b59200000,0x0000000b59300000)]
  0x0000019cb5207800 JavaThread "Daemon worker" [_thread_blocked, id=3876, stack(0x0000000b59300000,0x0000000b59400000)]
  0x0000019cb4a3f000 JavaThread "Asynchronous log dispatcher for DefaultDaemonConnection: socket connection from /127.0.0.1:58473 to /127.0.0.1:58474" [_thread_blocked, id=4116, stack(0x0000000b59400000,0x0000000b59500000)]
  0x0000019cb39ee800 JavaThread "Stdin handler" [_thread_blocked, id=4380, stack(0x0000000b59500000,0x0000000b59600000)]
  0x0000019cb39ef800 JavaThread "Daemon client event forwarder" [_thread_blocked, id=4640, stack(0x0000000b59600000,0x0000000b59700000)]
  0x0000019cb3a42000 JavaThread "Cache worker for journal cache (C:\Users\Admin\Downloads\FoodDeliveryApp-master\caches\journal-1)" [_thread_blocked, id=2296, stack(0x0000000b59700000,0x0000000b59800000)]
  0x0000019cb3a40000 JavaThread "File lock request listener" [_thread_in_native, id=1980, stack(0x0000000b59800000,0x0000000b59900000)]
  0x0000019cb3a40800 JavaThread "Cache worker for file hash cache (C:\Users\Admin\Downloads\FoodDeliveryApp-master\caches\7.5\fileHashes)" [_thread_blocked, id=1516, stack(0x0000000b59900000,0x0000000b59a00000)]
  0x0000019cb3a41800 JavaThread "File watcher server" daemon [_thread_in_native, id=3048, stack(0x0000000b59a00000,0x0000000b59b00000)]
  0x0000019cb744a800 JavaThread "File watcher consumer" daemon [_thread_blocked, id=932, stack(0x0000000b59b00000,0x0000000b59c00000)]
  0x0000019cb744c800 JavaThread "jar transforms" [_thread_blocked, id=420, stack(0x0000000b59c00000,0x0000000b59d00000)]
  0x0000019cb7449000 JavaThread "jar transforms Thread 2" [_thread_blocked, id=1092, stack(0x0000000b59d00000,0x0000000b59e00000)]
  0x0000019cb744a000 JavaThread "Cache worker for checksums cache (C:\Users\Admin\AndroidStudioProjects\AnggitaPutriDayani\.gradle\7.5\checksums)" [_thread_blocked, id=2744, stack(0x0000000b59e00000,0x0000000b59f00000)]
  0x0000019cb744b800 JavaThread "Cache worker for cache directory md-rule (C:\Users\Admin\Downloads\FoodDeliveryApp-master\caches\7.5\md-rule)" [_thread_blocked, id=4328, stack(0x0000000b59f00000,0x0000000b5a000000)]
  0x0000019cb7447800 JavaThread "Cache worker for file content cache (C:\Users\Admin\Downloads\FoodDeliveryApp-master\caches\7.5\fileContent)" [_thread_blocked, id=3180, stack(0x0000000b5a000000,0x0000000b5a100000)]
  0x0000019cb744d000 JavaThread "Cache worker for file hash cache (C:\Users\Admin\AndroidStudioProjects\AnggitaPutriDayani\.gradle\7.5\fileHashes)" [_thread_blocked, id=4404, stack(0x0000000b5a100000,0x0000000b5a200000)]
  0x0000019cb744e000 JavaThread "Cache worker for cache directory md-supplier (C:\Users\Admin\Downloads\FoodDeliveryApp-master\caches\7.5\md-supplier)" [_thread_blocked, id=4252, stack(0x0000000b5a200000,0x0000000b5a300000)]
  0x0000019cb7448000 JavaThread "Cache worker for execution history cache (C:\Users\Admin\Downloads\FoodDeliveryApp-master\caches\7.5\executionHistory)" [_thread_blocked, id=708, stack(0x0000000b5a300000,0x0000000b5a400000)]
  0x0000019cb7453000 JavaThread "Cache worker for dependencies-accessors (C:\Users\Admin\AndroidStudioProjects\AnggitaPutriDayani\.gradle\7.5\dependencies-accessors)" [_thread_blocked, id=1284, stack(0x0000000b5a400000,0x0000000b5a500000)]
  0x0000019cb744e800 JavaThread "Cache worker for Build Output Cleanup Cache (C:\Users\Admin\AndroidStudioProjects\AnggitaPutriDayani\.gradle\buildOutputCleanup)" [_thread_blocked, id=620, stack(0x0000000b5a500000,0x0000000b5a600000)]
  0x0000019cb7451000 JavaThread "Unconstrained build operations" [_thread_blocked, id=2388, stack(0x0000000b5a600000,0x0000000b5a700000)]
  0x0000019cb7453800 JavaThread "Unconstrained build operations Thread 2" [_thread_blocked, id=3248, stack(0x0000000b5a700000,0x0000000b5a800000)]
  0x0000019cb744f800 JavaThread "Unconstrained build operations Thread 3" [_thread_blocked, id=4692, stack(0x0000000b5a800000,0x0000000b5a900000)]
  0x0000019cb7455800 JavaThread "Unconstrained build operations Thread 4" [_thread_blocked, id=2692, stack(0x0000000b5a900000,0x0000000b5aa00000)]
  0x0000019cb7454800 JavaThread "Unconstrained build operations Thread 5" [_thread_blocked, id=1016, stack(0x0000000b5aa00000,0x0000000b5ab00000)]
  0x0000019cb7456000 JavaThread "Unconstrained build operations Thread 6" [_thread_blocked, id=3088, stack(0x0000000b5ab00000,0x0000000b5ac00000)]
  0x0000019cb784a000 JavaThread "Unconstrained build operations Thread 7" [_thread_blocked, id=2688, stack(0x0000000b5ac00000,0x0000000b5ad00000)]
  0x0000019cb7849000 JavaThread "Unconstrained build operations Thread 8" [_thread_blocked, id=516, stack(0x0000000b5ad00000,0x0000000b5ae00000)]
  0x0000019cb784a800 JavaThread "Unconstrained build operations Thread 9" [_thread_blocked, id=3352, stack(0x0000000b5ae00000,0x0000000b5af00000)]
  0x0000019cb784d000 JavaThread "Unconstrained build operations Thread 10" [_thread_blocked, id=3932, stack(0x0000000b5af00000,0x0000000b5b000000)]
  0x0000019cb784e000 JavaThread "Unconstrained build operations Thread 11" [_thread_blocked, id=2964, stack(0x0000000b5b000000,0x0000000b5b100000)]
  0x0000019cb784b800 JavaThread "Unconstrained build operations Thread 12" [_thread_blocked, id=1612, stack(0x0000000b5b100000,0x0000000b5b200000)]
  0x0000019cb784c800 JavaThread "Unconstrained build operations Thread 13" [_thread_blocked, id=4124, stack(0x0000000b5b200000,0x0000000b5b300000)]
  0x0000019cb7848800 JavaThread "Unconstrained build operations Thread 14" [_thread_blocked, id=4360, stack(0x0000000b5b300000,0x0000000b5b400000)]
  0x0000019cb7854800 JavaThread "Unconstrained build operations Thread 15" [_thread_blocked, id=3288, stack(0x0000000b5b400000,0x0000000b5b500000)]
  0x0000019cb784f000 JavaThread "Unconstrained build operations Thread 16" [_thread_blocked, id=4968, stack(0x0000000b5b500000,0x0000000b5b600000)]
  0x0000019cb7855800 JavaThread "Unconstrained build operations Thread 17" [_thread_blocked, id=2116, stack(0x0000000b5b600000,0x0000000b5b700000)]
  0x0000019cb7851800 JavaThread "Unconstrained build operations Thread 18" [_thread_blocked, id=1700, stack(0x0000000b5b700000,0x0000000b5b800000)]
  0x0000019cb784f800 JavaThread "Unconstrained build operations Thread 19" [_thread_blocked, id=4776, stack(0x0000000b5b800000,0x0000000b5b900000)]
  0x0000019cb7856000 JavaThread "Unconstrained build operations Thread 20" [_thread_blocked, id=3704, stack(0x0000000b5b900000,0x0000000b5ba00000)]
  0x0000019cb7850800 JavaThread "Memory manager" [_thread_blocked, id=288, stack(0x0000000b5bc00000,0x0000000b5bd00000)]

Other Threads:
=>0x0000019cb2dcb800 VMThread "VM Thread" [stack: 0x0000000b58100000,0x0000000b58200000] [id=160]
  0x0000019cb3096000 WatcherThread [stack: 0x0000000b58b00000,0x0000000b58c00000] [id=408]
  0x0000019c98268000 GCTaskThread "GC Thread#0" [stack: 0x0000000b57c00000,0x0000000b57d00000] [id=4180]
  0x0000019cb31f1000 GCTaskThread "GC Thread#1" [stack: 0x0000000b58c00000,0x0000000b58d00000] [id=4664]
  0x0000019c98290000 ConcurrentGCThread "G1 Main Marker" [stack: 0x0000000b57d00000,0x0000000b57e00000] [id=1020]
  0x0000019c98291000 ConcurrentGCThread "G1 Conc#0" [stack: 0x0000000b57e00000,0x0000000b57f00000] [id=2468]
  0x0000019c982d2800 ConcurrentGCThread "G1 Refine#0" [stack: 0x0000000b57f00000,0x0000000b58000000] [id=1652]
  0x0000019c982d3800 ConcurrentGCThread "G1 Young RemSet Sampling" [stack: 0x0000000b58000000,0x0000000b58100000] [id=3532]

Threads with active compile tasks:
C2 CompilerThread0    37695 6439       4       sun.security.provider.SHA2::implCompress0 (466 bytes)

VM state:at safepoint (normal execution)

VM Mutex/Monitor currently owned by a thread:  ([mutex/lock_event])
[0x0000019c9822a580] Threads_lock - owner thread: 0x0000019cb2dcb800
[0x0000019c9822bd20] Heap_lock - owner thread: 0x0000019cb5207800

Heap address: 0x00000000a0000000, size: 1536 MB, Compressed Oops mode: 32-bit
Narrow klass base: 0x0000000000000000, Narrow klass shift: 3
Compressed class space size: 1073741824 Address: 0x0000000100000000

Heap:
 garbage-first heap   total 184320K, used 109990K [0x00000000a0000000, 0x0000000100000000)
  region size 1024K, 1 young (1024K), 1 survivors (1024K)
 Metaspace       used 62715K, capacity 64583K, committed 64688K, reserved 1105920K
  class space    used 7970K, capacity 8680K, committed 8704K, reserved 1048576K
Heap Regions: E=young(eden), S=young(survivor), O=old, HS=humongous(starts), HC=humongous(continues), CS=collection set, F=free, A=archive, TAMS=top-at-mark-start (previous, next)
|   0|0x00000000a0000000, 0x00000000a0100000, 0x00000000a0100000|100%| O|  |TAMS 0x00000000a0100000, 0x00000000a0100000| Untracked 
|   1|0x00000000a0100000, 0x00000000a0200000, 0x00000000a0200000|100%| O|  |TAMS 0x00000000a0200000, 0x00000000a0200000| Untracked 
|   2|0x00000000a0200000, 0x00000000a0300000, 0x00000000a0300000|100%| O|  |TAMS 0x00000000a0300000, 0x00000000a0300000| Untracked 
|   3|0x00000000a0300000, 0x00000000a0400000, 0x00000000a0400000|100%| O|  |TAMS 0x00000000a0400000, 0x00000000a0400000| Untracked 
|   4|0x00000000a0400000, 0x00000000a0500000, 0x00000000a0500000|100%|HS|  |TAMS 0x00000000a0500000, 0x00000000a0500000| Complete 
|   5|0x00000000a0500000, 0x00000000a0600000, 0x00000000a0600000|100%|HC|  |TAMS 0x00000000a0600000, 0x00000000a0600000| Complete 
|   6|0x00000000a0600000, 0x00000000a0700000, 0x00000000a0700000|100%|HC|  |TAMS 0x00000000a0700000, 0x00000000a0700000| Complete 
|   7|0x00000000a0700000, 0x00000000a0800000, 0x00000000a0800000|100%| O|  |TAMS 0x00000000a0800000, 0x00000000a0800000| Untracked 
|   8|0x00000000a0800000, 0x00000000a0900000, 0x00000000a0900000|100%| O|  |TAMS 0x00000000a0900000, 0x00000000a0900000| Untracked 
|   9|0x00000000a0900000, 0x00000000a0a00000, 0x00000000a0a00000|100%| O|  |TAMS 0x00000000a0a00000, 0x00000000a0a00000| Untracked 
|  10|0x00000000a0a00000, 0x00000000a0b00000, 0x00000000a0b00000|100%| O|  |TAMS 0x00000000a0b00000, 0x00000000a0b00000| Untracked 
|  11|0x00000000a0b00000, 0x00000000a0c00000, 0x00000000a0c00000|100%| O|  |TAMS 0x00000000a0c00000, 0x00000000a0c00000| Untracked 
|  12|0x00000000a0c00000, 0x00000000a0d00000, 0x00000000a0d00000|100%| O|  |TAMS 0x00000000a0d00000, 0x00000000a0d00000| Untracked 
|  13|0x00000000a0d00000, 0x00000000a0e00000, 0x00000000a0e00000|100%| O|  |TAMS 0x00000000a0e00000, 0x00000000a0e00000| Untracked 
|  14|0x00000000a0e00000, 0x00000000a0f00000, 0x00000000a0f00000|100%| O|  |TAMS 0x00000000a0f00000, 0x00000000a0f00000| Untracked 
|  15|0x00000000a0f00000, 0x00000000a1000000, 0x00000000a1000000|100%| O|  |TAMS 0x00000000a1000000, 0x00000000a1000000| Untracked 
|  16|0x00000000a1000000, 0x00000000a1100000, 0x00000000a1100000|100%|HS|  |TAMS 0x00000000a1100000, 0x00000000a1100000| Complete 
|  17|0x00000000a1100000, 0x00000000a1200000, 0x00000000a1200000|100%|HC|  |TAMS 0x00000000a1200000, 0x00000000a1200000| Complete 
|  18|0x00000000a1200000, 0x00000000a1300000, 0x00000000a1300000|100%|HS|  |TAMS 0x00000000a1300000, 0x00000000a1300000| Complete 
|  19|0x00000000a1300000, 0x00000000a1400000, 0x00000000a1400000|100%|HC|  |TAMS 0x00000000a1400000, 0x00000000a1400000| Complete 
|  20|0x00000000a1400000, 0x00000000a1500000, 0x00000000a1500000|100%|HC|  |TAMS 0x00000000a1500000, 0x00000000a1500000| Complete 
|  21|0x00000000a1500000, 0x00000000a1600000, 0x00000000a1600000|100%|HS|  |TAMS 0x00000000a1600000, 0x00000000a1600000| Complete 
|  22|0x00000000a1600000, 0x00000000a1700000, 0x00000000a1700000|100%|HC|  |TAMS 0x00000000a1700000, 0x00000000a1700000| Complete 
|  23|0x00000000a1700000, 0x00000000a1800000, 0x00000000a1800000|100%|HC|  |TAMS 0x00000000a1800000, 0x00000000a1800000| Complete 
|  24|0x00000000a1800000, 0x00000000a1900000, 0x00000000a1900000|100%|HS|  |TAMS 0x00000000a1900000, 0x00000000a1900000| Complete 
|  25|0x00000000a1900000, 0x00000000a1a00000, 0x00000000a1a00000|100%|HC|  |TAMS 0x00000000a1a00000, 0x00000000a1a00000| Complete 
|  26|0x00000000a1a00000, 0x00000000a1b00000, 0x00000000a1b00000|100%| O|  |TAMS 0x00000000a1b00000, 0x00000000a1b00000| Untracked 
|  27|0x00000000a1b00000, 0x00000000a1c00000, 0x00000000a1c00000|100%| O|  |TAMS 0x00000000a1c00000, 0x00000000a1c00000| Untracked 
|  28|0x00000000a1c00000, 0x00000000a1d00000, 0x00000000a1d00000|100%| O|  |TAMS 0x00000000a1d00000, 0x00000000a1d00000| Untracked 
|  29|0x00000000a1d00000, 0x00000000a1e00000, 0x00000000a1e00000|100%| O|  |TAMS 0x00000000a1e00000, 0x00000000a1e00000| Untracked 
|  30|0x00000000a1e00000, 0x00000000a1f00000, 0x00000000a1f00000|100%| O|  |TAMS 0x00000000a1f00000, 0x00000000a1f00000| Untracked 
|  31|0x00000000a1f00000, 0x00000000a2000000, 0x00000000a2000000|100%|HS|  |TAMS 0x00000000a2000000, 0x00000000a2000000| Complete 
|  32|0x00000000a2000000, 0x00000000a2100000, 0x00000000a2100000|100%|HC|  |TAMS 0x00000000a2100000, 0x00000000a2100000| Complete 
|  33|0x00000000a2100000, 0x00000000a2200000, 0x00000000a2200000|100%|HC|  |TAMS 0x00000000a2200000, 0x00000000a2200000| Complete 
|  34|0x00000000a2200000, 0x00000000a2300000, 0x00000000a2300000|100%|HC|  |TAMS 0x00000000a2300000, 0x00000000a2300000| Complete 
|  35|0x00000000a2300000, 0x00000000a2400000, 0x00000000a2400000|100%|HC|  |TAMS 0x00000000a2400000, 0x00000000a2400000| Complete 
|  36|0x00000000a2400000, 0x00000000a2500000, 0x00000000a2500000|100%|HC|  |TAMS 0x00000000a2500000, 0x00000000a2500000| Complete 
|  37|0x00000000a2500000, 0x00000000a2600000, 0x00000000a2600000|100%|HC|  |TAMS 0x00000000a2600000, 0x00000000a2600000| Complete 
|  38|0x00000000a2600000, 0x00000000a2700000, 0x00000000a2700000|100%|HC|  |TAMS 0x00000000a2700000, 0x00000000a2700000| Complete 
|  39|0x00000000a2700000, 0x00000000a2800000, 0x00000000a2800000|100%|HC|  |TAMS 0x00000000a2800000, 0x00000000a2800000| Complete 
|  40|0x00000000a2800000, 0x00000000a2900000, 0x00000000a2900000|100%|HC|  |TAMS 0x00000000a2900000, 0x00000000a2900000| Complete 
|  41|0x00000000a2900000, 0x00000000a2a00000, 0x00000000a2a00000|100%|HS|  |TAMS 0x00000000a2a00000, 0x00000000a2a00000| Complete 
|  42|0x00000000a2a00000, 0x00000000a2b00000, 0x00000000a2b00000|100%|HC|  |TAMS 0x00000000a2b00000, 0x00000000a2b00000| Complete 
|  43|0x00000000a2b00000, 0x00000000a2c00000, 0x00000000a2c00000|100%|HS|  |TAMS 0x00000000a2c00000, 0x00000000a2c00000| Complete 
|  44|0x00000000a2c00000, 0x00000000a2d00000, 0x00000000a2d00000|100%|HC|  |TAMS 0x00000000a2d00000, 0x00000000a2d00000| Complete 
|  45|0x00000000a2d00000, 0x00000000a2e00000, 0x00000000a2e00000|100%|HC|  |TAMS 0x00000000a2e00000, 0x00000000a2e00000| Complete 
|  46|0x00000000a2e00000, 0x00000000a2f00000, 0x00000000a2f00000|100%|HC|  |TAMS 0x00000000a2f00000, 0x00000000a2f00000| Complete 
|  47|0x00000000a2f00000, 0x00000000a3000000, 0x00000000a3000000|100%|HC|  |TAMS 0x00000000a3000000, 0x00000000a3000000| Complete 
|  48|0x00000000a3000000, 0x00000000a3100000, 0x00000000a3100000|100%| O|  |TAMS 0x00000000a3100000, 0x00000000a3100000| Untracked 
|  49|0x00000000a3100000, 0x00000000a3200000, 0x00000000a3200000|100%| O|  |TAMS 0x00000000a3200000, 0x00000000a3200000| Untracked 
|  50|0x00000000a3200000, 0x00000000a3300000, 0x00000000a3300000|100%| O|  |TAMS 0x00000000a3300000, 0x00000000a3300000| Untracked 
|  51|0x00000000a3300000, 0x00000000a3400000, 0x00000000a3400000|100%| O|  |TAMS 0x00000000a3400000, 0x00000000a3400000| Untracked 
|  52|0x00000000a3400000, 0x00000000a3500000, 0x00000000a3500000|100%| O|  |TAMS 0x00000000a3500000, 0x00000000a3500000| Untracked 
|  53|0x00000000a3500000, 0x00000000a3600000, 0x00000000a3600000|100%| O|  |TAMS 0x00000000a3600000, 0x00000000a3600000| Untracked 
|  54|0x00000000a3600000, 0x00000000a3700000, 0x00000000a3700000|100%| O|  |TAMS 0x00000000a3700000, 0x00000000a3700000| Untracked 
|  55|0x00000000a3700000, 0x00000000a3800000, 0x00000000a3800000|100%| O|  |TAMS 0x00000000a3800000, 0x00000000a3800000| Untracked 
|  56|0x00000000a3800000, 0x00000000a3900000, 0x00000000a3900000|100%| O|  |TAMS 0x00000000a3900000, 0x00000000a3900000| Untracked 
|  57|0x00000000a3900000, 0x00000000a3a00000, 0x00000000a3a00000|100%| O|  |TAMS 0x00000000a3a00000, 0x00000000a3a00000| Untracked 
|  58|0x00000000a3a00000, 0x00000000a3b00000, 0x00000000a3b00000|100%|HS|  |TAMS 0x00000000a3b00000, 0x00000000a3b00000| Complete 
|  59|0x00000000a3b00000, 0x00000000a3c00000, 0x00000000a3c00000|100%|HC|  |TAMS 0x00000000a3c00000, 0x00000000a3c00000| Complete 
|  60|0x00000000a3c00000, 0x00000000a3d00000, 0x00000000a3d00000|100%| O|  |TAMS 0x00000000a3d00000, 0x00000000a3d00000| Untracked 
|  61|0x00000000a3d00000, 0x00000000a3e00000, 0x00000000a3e00000|100%| O|  |TAMS 0x00000000a3e00000, 0x00000000a3e00000| Untracked 
|  62|0x00000000a3e00000, 0x00000000a3f00000, 0x00000000a3f00000|100%|HS|  |TAMS 0x00000000a3f00000, 0x00000000a3f00000| Complete 
|  63|0x00000000a3f00000, 0x00000000a4000000, 0x00000000a4000000|100%|HC|  |TAMS 0x00000000a4000000, 0x00000000a4000000| Complete 
|  64|0x00000000a4000000, 0x00000000a4100000, 0x00000000a4100000|100%|HC|  |TAMS 0x00000000a4100000, 0x00000000a4100000| Complete 
|  65|0x00000000a4100000, 0x00000000a4200000, 0x00000000a4200000|100%|HC|  |TAMS 0x00000000a4200000, 0x00000000a4200000| Complete 
|  66|0x00000000a4200000, 0x00000000a4300000, 0x00000000a4300000|100%|HC|  |TAMS 0x00000000a4300000, 0x00000000a4300000| Complete 
|  67|0x00000000a4300000, 0x00000000a4400000, 0x00000000a4400000|100%|HC|  |TAMS 0x00000000a4400000, 0x00000000a4400000| Complete 
|  68|0x00000000a4400000, 0x00000000a4500000, 0x00000000a4500000|100%|HC|  |TAMS 0x00000000a4500000, 0x00000000a4500000| Complete 
|  69|0x00000000a4500000, 0x00000000a4600000, 0x00000000a4600000|100%|HC|  |TAMS 0x00000000a4600000, 0x00000000a4600000| Complete 
|  70|0x00000000a4600000, 0x00000000a4700000, 0x00000000a4700000|100%|HC|  |TAMS 0x00000000a4700000, 0x00000000a4700000| Complete 
|  71|0x00000000a4700000, 0x00000000a4800000, 0x00000000a4800000|100%|HC|  |TAMS 0x00000000a4800000, 0x00000000a4800000| Complete 
|  72|0x00000000a4800000, 0x00000000a4900000, 0x00000000a4900000|100%| O|  |TAMS 0x00000000a4900000, 0x00000000a4900000| Untracked 
|  73|0x00000000a4900000, 0x00000000a4a00000, 0x00000000a4a00000|100%| O|  |TAMS 0x00000000a4a00000, 0x00000000a4a00000| Untracked 
|  74|0x00000000a4a00000, 0x00000000a4b00000, 0x00000000a4b00000|100%|HS|  |TAMS 0x00000000a4b00000, 0x00000000a4b00000| Complete 
|  75|0x00000000a4b00000, 0x00000000a4c00000, 0x00000000a4c00000|100%|HC|  |TAMS 0x00000000a4c00000, 0x00000000a4c00000| Complete 
|  76|0x00000000a4c00000, 0x00000000a4d00000, 0x00000000a4d00000|100%|HC|  |TAMS 0x00000000a4d00000, 0x00000000a4d00000| Complete 
|  77|0x00000000a4d00000, 0x00000000a4e00000, 0x00000000a4e00000|100%|HS|  |TAMS 0x00000000a4e00000, 0x00000000a4e00000| Complete 
|  78|0x00000000a4e00000, 0x00000000a4f00000, 0x00000000a4f00000|100%|HC|  |TAMS 0x00000000a4f00000, 0x00000000a4f00000| Complete 
|  79|0x00000000a4f00000, 0x00000000a5000000, 0x00000000a5000000|100%|HS|  |TAMS 0x00000000a5000000, 0x00000000a5000000| Complete 
|  80|0x00000000a5000000, 0x00000000a5100000, 0x00000000a5100000|100%|HC|  |TAMS 0x00000000a5100000, 0x00000000a5100000| Complete 
|  81|0x00000000a5100000, 0x00000000a5200000, 0x00000000a5200000|100%|HC|  |TAMS 0x00000000a5200000, 0x00000000a5200000| Complete 
|  82|0x00000000a5200000, 0x00000000a5300000, 0x00000000a5300000|100%| O|  |TAMS 0x00000000a5300000, 0x00000000a5300000| Untracked 
|  83|0x00000000a5300000, 0x00000000a5400000, 0x00000000a5400000|100%| O|  |TAMS 0x00000000a5400000, 0x00000000a5400000| Untracked 
|  84|0x00000000a5400000, 0x00000000a5500000, 0x00000000a5500000|100%| O|  |TAMS 0x00000000a5500000, 0x00000000a5500000| Untracked 
|  85|0x00000000a5500000, 0x00000000a5600000, 0x00000000a5600000|100%| O|  |TAMS 0x00000000a5600000, 0x00000000a5600000| Untracked 
|  86|0x00000000a5600000, 0x00000000a5700000, 0x00000000a5700000|100%|HS|  |TAMS 0x00000000a5700000, 0x00000000a5700000| Complete 
|  87|0x00000000a5700000, 0x00000000a5800000, 0x00000000a5800000|100%|HC|  |TAMS 0x00000000a5800000, 0x00000000a5800000| Complete 
|  88|0x00000000a5800000, 0x00000000a5900000, 0x00000000a5900000|100%|HC|  |TAMS 0x00000000a5900000, 0x00000000a5900000| Complete 
|  89|0x00000000a5900000, 0x00000000a5a00000, 0x00000000a5a00000|100%|HC|  |TAMS 0x00000000a5a00000, 0x00000000a5a00000| Complete 
|  90|0x00000000a5a00000, 0x00000000a5b00000, 0x00000000a5b00000|100%|HC|  |TAMS 0x00000000a5b00000, 0x00000000a5b00000| Complete 
|  91|0x00000000a5b00000, 0x00000000a5c00000, 0x00000000a5c00000|100%| O|  |TAMS 0x00000000a5c00000, 0x00000000a5c00000| Untracked 
|  92|0x00000000a5c00000, 0x00000000a5d00000, 0x00000000a5d00000|100%| O|  |TAMS 0x00000000a5d00000, 0x00000000a5d00000| Untracked 
|  93|0x00000000a5d00000, 0x00000000a5e00000, 0x00000000a5e00000|100%| O|  |TAMS 0x00000000a5e00000, 0x00000000a5e00000| Untracked 
|  94|0x00000000a5e00000, 0x00000000a5f00000, 0x00000000a5f00000|100%| O|  |TAMS 0x00000000a5f00000, 0x00000000a5f00000| Untracked 
|  95|0x00000000a5f00000, 0x00000000a6000000, 0x00000000a6000000|100%|HS|  |TAMS 0x00000000a6000000, 0x00000000a6000000| Complete 
|  96|0x00000000a6000000, 0x00000000a6100000, 0x00000000a6100000|100%|HS|  |TAMS 0x00000000a6100000, 0x00000000a6100000| Complete 
|  97|0x00000000a6100000, 0x00000000a6200000, 0x00000000a6200000|100%| O|  |TAMS 0x00000000a6200000, 0x00000000a6200000| Untracked 
|  98|0x00000000a6200000, 0x00000000a6300000, 0x00000000a6300000|100%| O|  |TAMS 0x00000000a6300000, 0x00000000a6300000| Untracked 
|  99|0x00000000a6300000, 0x00000000a6400000, 0x00000000a6400000|100%| O|  |TAMS 0x00000000a6400000, 0x00000000a6400000| Untracked 
| 100|0x00000000a6400000, 0x00000000a6500000, 0x00000000a6500000|100%| O|  |TAMS 0x00000000a6500000, 0x00000000a6500000| Untracked 
| 101|0x00000000a6500000, 0x00000000a6600000, 0x00000000a6600000|100%| O|  |TAMS 0x00000000a6600000, 0x00000000a6600000| Untracked 
| 102|0x00000000a6600000, 0x00000000a6700000, 0x00000000a6700000|100%| O|  |TAMS 0x00000000a6700000, 0x00000000a6700000| Untracked 
| 103|0x00000000a6700000, 0x00000000a6800000, 0x00000000a6800000|100%| O|  |TAMS 0x00000000a6800000, 0x00000000a6800000| Untracked 
| 104|0x00000000a6800000, 0x00000000a6900000, 0x00000000a6900000|100%| O|  |TAMS 0x00000000a6900000, 0x00000000a6900000| Untracked 
| 105|0x00000000a6900000, 0x00000000a6a00000, 0x00000000a6a00000|100%| O|  |TAMS 0x00000000a69b8600, 0x00000000a6a00000| Untracked 
| 106|0x00000000a6a00000, 0x00000000a6a69800, 0x00000000a6b00000| 41%| O|  |TAMS 0x00000000a6a00000, 0x00000000a6a69800| Untracked 
| 107|0x00000000a6b00000, 0x00000000a6b00000, 0x00000000a6c00000|  0%| F|  |TAMS 0x00000000a6b00000, 0x00000000a6b00000| Untracked 
| 108|0x00000000a6c00000, 0x00000000a6c00000, 0x00000000a6d00000|  0%| F|  |TAMS 0x00000000a6c00000, 0x00000000a6c00000| Untracked 
| 109|0x00000000a6d00000, 0x00000000a6d00000, 0x00000000a6e00000|  0%| F|  |TAMS 0x00000000a6d00000, 0x00000000a6d00000| Untracked 
| 110|0x00000000a6e00000, 0x00000000a6e00000, 0x00000000a6f00000|  0%| F|  |TAMS 0x00000000a6e00000, 0x00000000a6e00000| Untracked 
| 111|0x00000000a6f00000, 0x00000000a6f00000, 0x00000000a7000000|  0%| F|  |TAMS 0x00000000a6f00000, 0x00000000a6f00000| Untracked 
| 112|0x00000000a7000000, 0x00000000a7000000, 0x00000000a7100000|  0%| F|  |TAMS 0x00000000a7000000, 0x00000000a7000000| Untracked 
| 113|0x00000000a7100000, 0x00000000a7100000, 0x00000000a7200000|  0%| F|  |TAMS 0x00000000a7100000, 0x00000000a7100000| Untracked 
| 114|0x00000000a7200000, 0x00000000a7200000, 0x00000000a7300000|  0%| F|  |TAMS 0x00000000a7200000, 0x00000000a7200000| Untracked 
| 115|0x00000000a7300000, 0x00000000a7300000, 0x00000000a7400000|  0%| F|  |TAMS 0x00000000a7300000, 0x00000000a7300000| Untracked 
| 116|0x00000000a7400000, 0x00000000a7400000, 0x00000000a7500000|  0%| F|  |TAMS 0x00000000a7400000, 0x00000000a7400000| Untracked 
| 117|0x00000000a7500000, 0x00000000a7500000, 0x00000000a7600000|  0%| F|  |TAMS 0x00000000a7500000, 0x00000000a7500000| Untracked 
| 118|0x00000000a7600000, 0x00000000a7600000, 0x00000000a7700000|  0%| F|  |TAMS 0x00000000a7600000, 0x00000000a7600000| Untracked 
| 119|0x00000000a7700000, 0x00000000a7700000, 0x00000000a7800000|  0%| F|  |TAMS 0x00000000a7700000, 0x00000000a7700000| Untracked 
| 120|0x00000000a7800000, 0x00000000a7800000, 0x00000000a7900000|  0%| F|  |TAMS 0x00000000a7800000, 0x00000000a7800000| Untracked 
| 121|0x00000000a7900000, 0x00000000a7900000, 0x00000000a7a00000|  0%| F|  |TAMS 0x00000000a7900000, 0x00000000a7900000| Untracked 
| 122|0x00000000a7a00000, 0x00000000a7a00000, 0x00000000a7b00000|  0%| F|  |TAMS 0x00000000a7a00000, 0x00000000a7a00000| Untracked 
| 123|0x00000000a7b00000, 0x00000000a7b00000, 0x00000000a7c00000|  0%| F|  |TAMS 0x00000000a7b00000, 0x00000000a7b00000| Untracked 
| 124|0x00000000a7c00000, 0x00000000a7c00000, 0x00000000a7d00000|  0%| F|  |TAMS 0x00000000a7c00000, 0x00000000a7c00000| Untracked 
| 125|0x00000000a7d00000, 0x00000000a7e00000, 0x00000000a7e00000|100%| S|CS|TAMS 0x00000000a7d00000, 0x00000000a7d00000| Complete 
| 126|0x00000000a7e00000, 0x00000000a7e00000, 0x00000000a7f00000|  0%| F|  |TAMS 0x00000000a7e00000, 0x00000000a7e00000| Untracked 
| 127|0x00000000a7f00000, 0x00000000a7f00000, 0x00000000a8000000|  0%| F|  |TAMS 0x00000000a7f00000, 0x00000000a7f00000| Untracked 
| 128|0x00000000a8000000, 0x00000000a8000000, 0x00000000a8100000|  0%| F|  |TAMS 0x00000000a8000000, 0x00000000a8000000| Untracked 
| 129|0x00000000a8100000, 0x00000000a8100000, 0x00000000a8200000|  0%| F|  |TAMS 0x00000000a8100000, 0x00000000a8100000| Untracked 

Card table byte_map: [0x0000019cacc60000,0x0000019cacf60000] _byte_map_base: 0x0000019cac760000

Marking Bits (Prev, Next): (CMBitMap*) 0x0000019c98289180, (CMBitMap*) 0x0000019c98289148
 Prev Bits: [0x0000019caea60000, 0x0000019cb0260000)
 Next Bits: [0x0000019cad260000, 0x0000019caea60000)

Polling page: 0x0000019c98090000

Metaspace:

Usage:
  Non-class:     54.59 MB capacity,    53.46 MB ( 98%) used,   977.94 KB (  2%) free+waste,   180.81 KB ( <1%) overhead. 
      Class:      8.48 MB capacity,     7.78 MB ( 92%) used,   622.02 KB (  7%) free+waste,    87.12 KB (  1%) overhead. 
       Both:     63.07 MB capacity,    61.25 MB ( 97%) used,     1.56 MB (  2%) free+waste,   267.94 KB ( <1%) overhead. 

Virtual space:
  Non-class space:       56.00 MB reserved,      54.67 MB ( 98%) committed 
      Class space:        1.00 GB reserved,       8.50 MB ( <1%) committed 
             Both:        1.05 GB reserved,      63.17 MB (  6%) committed 

Chunk freelists:
   Non-Class:  17.00 KB
       Class:  24.00 KB
        Both:  41.00 KB

MaxMetaspaceSize: 17179869184.00 GB
CompressedClassSpaceSize: 1.00 GB
Initial GC threshold: 20.80 MB
Current GC threshold: 104.45 MB
CDS: off

CodeHeap 'non-profiled nmethods': size=120064Kb used=3660Kb max_used=3660Kb free=116403Kb
 bounds [0x0000019ca5020000, 0x0000019ca53c0000, 0x0000019cac560000]
CodeHeap 'profiled nmethods': size=120000Kb used=13812Kb max_used=13812Kb free=106188Kb
 bounds [0x0000019c9daf0000, 0x0000019c9e870000, 0x0000019ca5020000]
CodeHeap 'non-nmethods': size=5696Kb used=2344Kb max_used=2384Kb free=3352Kb
 bounds [0x0000019c9d560000, 0x0000019c9d7d0000, 0x0000019c9daf0000]
 total_blobs=7295 nmethods=6430 adapters=778
 compilation: enabled
              stopped_count=0, restarted_count=0
 full_count=0

Compilation events (20 events):
Event: 37.298 Thread 0x0000019cb2fc0000 6445       3       java.util.Date::equals (28 bytes)
Event: 37.298 Thread 0x0000019cb2fc0000 nmethod 6445 0x0000019c9e86b110 code [0x0000019c9e86b300, 0x0000019c9e86b7f8]
Event: 37.305 Thread 0x0000019cb2fc0000 6446       1       java.security.Provider$Service::getType (5 bytes)
Event: 37.305 Thread 0x0000019cb2fc0000 nmethod 6446 0x0000019ca53b1590 code [0x0000019ca53b1740, 0x0000019ca53b17f8]
Event: 37.305 Thread 0x0000019cb2fc0000 6447       1       java.security.Provider$Service::getAlgorithm (5 bytes)
Event: 37.305 Thread 0x0000019cb2fc0000 nmethod 6447 0x0000019ca53b1890 code [0x0000019ca53b1a40, 0x0000019ca53b1af8]
Event: 37.305 Thread 0x0000019cb2fc0000 6448       1       java.security.Provider$Service::getAliases (5 bytes)
Event: 37.305 Thread 0x0000019cb2fc0000 nmethod 6448 0x0000019ca53b1b90 code [0x0000019ca53b1d40, 0x0000019ca53b1df8]
Event: 37.306 Thread 0x0000019cb2fc0000 6449       3       java.security.Provider$ServiceKey::<init> (39 bytes)
Event: 37.306 Thread 0x0000019cb2fc0000 nmethod 6449 0x0000019c9e86b910 code [0x0000019c9e86bb20, 0x0000019c9e86c028]
Event: 37.316 Thread 0x0000019cb2e56000 nmethod 6438% 0x0000019ca53b1e90 code [0x0000019ca53b2040, 0x0000019ca53b2738]
Event: 37.316 Thread 0x0000019cb2e56000 6437 %     4       java.math.BigInteger::primitiveLeftShift @ 31 (79 bytes)
Event: 37.323 Thread 0x0000019cb2e56000 nmethod 6437% 0x0000019ca53b2c90 code [0x0000019ca53b2e20, 0x0000019ca53b3158]
Event: 37.323 Thread 0x0000019cb2e56000 6439       4       sun.security.provider.SHA2::implCompress0 (466 bytes)
Event: 37.329 Thread 0x0000019cb2fc0000 6450       3       sun.security.provider.ByteArrayAccess::i2bBig4 (111 bytes)
Event: 37.329 Thread 0x0000019cb2fc0000 nmethod 6450 0x0000019c9e86c210 code [0x0000019c9e86c3e0, 0x0000019c9e86c6c8]
Event: 37.334 Thread 0x0000019cb2fc0000 6452       3       java.util.jar.JarFile::getMetaInfEntryNames (10 bytes)
Event: 37.334 Thread 0x0000019cb2fc0000 nmethod 6452 0x0000019c9e86c810 code [0x0000019c9e86c9e0, 0x0000019c9e86cb68]
Event: 37.334 Thread 0x0000019cb2fc0000 6453       3       java.util.zip.ZipFile$1::getMetaInfEntryNames (5 bytes)
Event: 37.334 Thread 0x0000019cb2fc0000 nmethod 6453 0x0000019c9e86cc90 code [0x0000019c9e86ce40, 0x0000019c9e86cf68]

GC Heap History (20 events):
Event: 32.584 GC heap after
{Heap after GC invocations=62 (full 0):
 garbage-first heap   total 133120K, used 106233K [0x00000000a0000000, 0x0000000100000000)
  region size 1024K, 2 young (2048K), 2 survivors (2048K)
 Metaspace       used 53479K, capacity 55075K, committed 55216K, reserved 1097728K
  class space    used 6811K, capacity 7406K, committed 7424K, reserved 1048576K
}
Event: 33.009 GC heap before
{Heap before GC invocations=62 (full 0):
 garbage-first heap   total 133120K, used 112377K [0x00000000a0000000, 0x0000000100000000)
  region size 1024K, 8 young (8192K), 2 survivors (2048K)
 Metaspace       used 54133K, capacity 55727K, committed 55856K, reserved 1097728K
  class space    used 6909K, capacity 7520K, committed 7552K, reserved 1048576K
}
Event: 33.014 GC heap after
{Heap after GC invocations=63 (full 0):
 garbage-first heap   total 133120K, used 106358K [0x00000000a0000000, 0x0000000100000000)
  region size 1024K, 1 young (1024K), 1 survivors (1024K)
 Metaspace       used 54133K, capacity 55727K, committed 55856K, reserved 1097728K
  class space    used 6909K, capacity 7520K, committed 7552K, reserved 1048576K
}
Event: 33.334 GC heap before
{Heap before GC invocations=64 (full 0):
 garbage-first heap   total 133120K, used 111478K [0x00000000a0000000, 0x0000000100000000)
  region size 1024K, 7 young (7168K), 1 survivors (1024K)
 Metaspace       used 54821K, capacity 56408K, committed 56496K, reserved 1097728K
  class space    used 6994K, capacity 7596K, committed 7680K, reserved 1048576K
}
Event: 33.338 GC heap after
{Heap after GC invocations=65 (full 0):
 garbage-first heap   total 133120K, used 106614K [0x00000000a0000000, 0x0000000100000000)
  region size 1024K, 1 young (1024K), 1 survivors (1024K)
 Metaspace       used 54821K, capacity 56408K, committed 56496K, reserved 1097728K
  class space    used 6994K, capacity 7596K, committed 7680K, reserved 1048576K
}
Event: 33.588 GC heap before
{Heap before GC invocations=65 (full 0):
 garbage-first heap   total 133120K, used 112758K [0x00000000a0000000, 0x0000000100000000)
  region size 1024K, 7 young (7168K), 1 survivors (1024K)
 Metaspace       used 55525K, capacity 57179K, committed 57392K, reserved 1099776K
  class space    used 7090K, capacity 7725K, committed 7808K, reserved 1048576K
}
Event: 33.595 GC heap after
{Heap after GC invocations=66 (full 0):
 garbage-first heap   total 133120K, used 106717K [0x00000000a0000000, 0x0000000100000000)
  region size 1024K, 1 young (1024K), 1 survivors (1024K)
 Metaspace       used 55525K, capacity 57179K, committed 57392K, reserved 1099776K
  class space    used 7090K, capacity 7725K, committed 7808K, reserved 1048576K
}
Event: 34.401 GC heap before
{Heap before GC invocations=67 (full 0):
 garbage-first heap   total 133120K, used 112861K [0x00000000a0000000, 0x0000000100000000)
  region size 1024K, 8 young (8192K), 1 survivors (1024K)
 Metaspace       used 56331K, capacity 58013K, committed 58288K, reserved 1099776K
  class space    used 7202K, capacity 7891K, committed 7936K, reserved 1048576K
}
Event: 34.407 GC heap after
{Heap after GC invocations=68 (full 0):
 garbage-first heap   total 133120K, used 107068K [0x00000000a0000000, 0x0000000100000000)
  region size 1024K, 1 young (1024K), 1 survivors (1024K)
 Metaspace       used 56331K, capacity 58013K, committed 58288K, reserved 1099776K
  class space    used 7202K, capacity 7891K, committed 7936K, reserved 1048576K
}
Event: 34.747 GC heap before
{Heap before GC invocations=68 (full 0):
 garbage-first heap   total 133120K, used 113212K [0x00000000a0000000, 0x0000000100000000)
  region size 1024K, 8 young (8192K), 1 survivors (1024K)
 Metaspace       used 57436K, capacity 59069K, committed 59184K, reserved 1099776K
  class space    used 7302K, capacity 7987K, committed 8064K, reserved 1048576K
}
Event: 34.751 GC heap after
{Heap after GC invocations=69 (full 0):
 garbage-first heap   total 133120K, used 107199K [0x00000000a0000000, 0x0000000100000000)
  region size 1024K, 1 young (1024K), 1 survivors (1024K)
 Metaspace       used 57436K, capacity 59069K, committed 59184K, reserved 1099776K
  class space    used 7302K, capacity 7987K, committed 8064K, reserved 1048576K
}
Event: 35.211 GC heap before
{Heap before GC invocations=70 (full 0):
 garbage-first heap   total 133120K, used 114367K [0x00000000a0000000, 0x0000000100000000)
  region size 1024K, 8 young (8192K), 1 survivors (1024K)
 Metaspace       used 58564K, capacity 60249K, committed 60592K, reserved 1101824K
  class space    used 7423K, capacity 8099K, committed 8192K, reserved 1048576K
}
Event: 35.224 GC heap after
{Heap after GC invocations=71 (full 0):
 garbage-first heap   total 133120K, used 107440K [0x00000000a0000000, 0x0000000100000000)
  region size 1024K, 1 young (1024K), 1 survivors (1024K)
 Metaspace       used 58564K, capacity 60249K, committed 60592K, reserved 1101824K
  class space    used 7423K, capacity 8099K, committed 8192K, reserved 1048576K
}
Event: 35.763 GC heap before
{Heap before GC invocations=71 (full 0):
 garbage-first heap   total 133120K, used 114608K [0x00000000a0000000, 0x0000000100000000)
  region size 1024K, 8 young (8192K), 1 survivors (1024K)
 Metaspace       used 59199K, capacity 60910K, committed 61232K, reserved 1101824K
  class space    used 7541K, capacity 8220K, committed 8320K, reserved 1048576K
}
Event: 35.770 GC heap after
{Heap after GC invocations=72 (full 0):
 garbage-first heap   total 133120K, used 107679K [0x00000000a0000000, 0x0000000100000000)
  region size 1024K, 1 young (1024K), 1 survivors (1024K)
 Metaspace       used 59199K, capacity 60910K, committed 61232K, reserved 1101824K
  class space    used 7541K, capacity 8220K, committed 8320K, reserved 1048576K
}
Event: 36.492 GC heap before
{Heap before GC invocations=73 (full 0):
 garbage-first heap   total 133120K, used 114847K [0x00000000a0000000, 0x0000000100000000)
  region size 1024K, 8 young (8192K), 1 survivors (1024K)
 Metaspace       used 60736K, capacity 62571K, committed 62768K, reserved 1103872K
  class space    used 7745K, capacity 8478K, committed 8576K, reserved 1048576K
}
Event: 36.506 GC heap after
{Heap after GC invocations=74 (full 0):
 garbage-first heap   total 133120K, used 108181K [0x00000000a0000000, 0x0000000100000000)
  region size 1024K, 1 young (1024K), 1 survivors (1024K)
 Metaspace       used 60736K, capacity 62571K, committed 62768K, reserved 1103872K
  class space    used 7745K, capacity 8478K, committed 8576K, reserved 1048576K
}
Event: 36.892 GC heap before
{Heap before GC invocations=74 (full 0):
 garbage-first heap   total 133120K, used 114325K [0x00000000a0000000, 0x0000000100000000)
  region size 1024K, 8 young (8192K), 1 survivors (1024K)
 Metaspace       used 62058K, capacity 63943K, committed 64176K, reserved 1105920K
  class space    used 7898K, capacity 8616K, committed 8704K, reserved 1048576K
}
Event: 36.903 GC heap after
{Heap after GC invocations=75 (full 0):
 garbage-first heap   total 133120K, used 109281K [0x00000000a0000000, 0x0000000100000000)
  region size 1024K, 1 young (1024K), 1 survivors (1024K)
 Metaspace       used 62058K, capacity 63943K, committed 64176K, reserved 1105920K
  class space    used 7898K, capacity 8616K, committed 8704K, reserved 1048576K
}
Event: 37.339 GC heap before
{Heap before GC invocations=76 (full 0):
 garbage-first heap   total 133120K, used 112353K [0x00000000a0000000, 0x0000000100000000)
  region size 1024K, 5 young (5120K), 1 survivors (1024K)
 Metaspace       used 62715K, capacity 64583K, committed 64688K, reserved 1105920K
  class space    used 7970K, capacity 8680K, committed 8704K, reserved 1048576K
}

Deoptimization events (20 events):
Event: 37.332 Thread 0x0000019cb5207800 Uncommon trap: trap_request=0xffffff4d fr.pc=0x0000019ca50f43e8 relative=0x0000000000000288
Event: 37.332 Thread 0x0000019cb5207800 Uncommon trap: reason=unstable_if action=reinterpret pc=0x0000019ca50f43e8 method=java.util.jar.JarFile.maybeInstantiateVerifier()V @ 4 c2
Event: 37.332 Thread 0x0000019cb5207800 DEOPT PACKING pc=0x0000019ca50f43e8 sp=0x0000000b593efe60
Event: 37.332 Thread 0x0000019cb5207800 DEOPT UNPACKING pc=0x0000019c9d5aa1a9 sp=0x0000000b593efde8 mode 2
Event: 37.332 Thread 0x0000019cb5207800 Uncommon trap: trap_request=0xffffffc6 fr.pc=0x0000019ca529adb4 relative=0x00000000000029d4
Event: 37.332 Thread 0x0000019cb5207800 Uncommon trap: reason=bimorphic_or_optimized_type_check action=maybe_recompile pc=0x0000019ca529adb4 method=jdk.internal.loader.Resource.getBytes()[B @ 115 c2
Event: 37.332 Thread 0x0000019cb5207800 DEOPT PACKING pc=0x0000019ca529adb4 sp=0x0000000b593efe20
Event: 37.332 Thread 0x0000019cb5207800 DEOPT UNPACKING pc=0x0000019c9d5aa1a9 sp=0x0000000b593efe30 mode 2
Event: 37.333 Thread 0x0000019cb5207800 Uncommon trap: trap_request=0xffffff4d fr.pc=0x0000019ca533a188 relative=0x00000000000001c8
Event: 37.333 Thread 0x0000019cb5207800 Uncommon trap: reason=unstable_if action=reinterpret pc=0x0000019ca533a188 method=java.security.CodeSource.matchCerts(Ljava/security/CodeSource;Z)Z @ 11 c2
Event: 37.333 Thread 0x0000019cb5207800 DEOPT PACKING pc=0x0000019ca533a188 sp=0x0000000b593efda0
Event: 37.333 Thread 0x0000019cb5207800 DEOPT UNPACKING pc=0x0000019c9d5aa1a9 sp=0x0000000b593efcb0 mode 2
Event: 37.333 Thread 0x0000019cb5207800 Uncommon trap: trap_request=0xffffff4d fr.pc=0x0000019ca5252d80 relative=0x0000000000000060
Event: 37.333 Thread 0x0000019cb5207800 Uncommon trap: reason=unstable_if action=reinterpret pc=0x0000019ca5252d80 method=java.lang.ClassLoader.compareCerts([Ljava/security/cert/Certificate;[Ljava/security/cert/Certificate;)Z @ 1 c2
Event: 37.333 Thread 0x0000019cb5207800 DEOPT PACKING pc=0x0000019ca5252d80 sp=0x0000000b593efca0
Event: 37.333 Thread 0x0000019cb5207800 DEOPT UNPACKING pc=0x0000019c9d5aa1a9 sp=0x0000000b593efbe0 mode 2
Event: 37.334 Thread 0x0000019cb5207800 Uncommon trap: trap_request=0xffffff4d fr.pc=0x0000019ca513f810 relative=0x0000000000000790
Event: 37.334 Thread 0x0000019cb5207800 Uncommon trap: reason=unstable_if action=reinterpret pc=0x0000019ca513f810 method=java.util.jar.JarFile.getVersionedEntry(Ljava/lang/String;Ljava/util/jar/JarEntry;)Ljava/util/jar/JarEntry; @ 67 c2
Event: 37.334 Thread 0x0000019cb5207800 DEOPT PACKING pc=0x0000019ca513f810 sp=0x0000000b593f2b80
Event: 37.334 Thread 0x0000019cb5207800 DEOPT UNPACKING pc=0x0000019c9d5aa1a9 sp=0x0000000b593f2b68 mode 2

Classes redefined (0 events):
No events

Internal exceptions (20 events):
Event: 32.962 Thread 0x0000019cb5207800 Exception <a 'java/lang/NoSuchMethodError'{0x00000000a7d08390}: 'java.lang.Object java.lang.invoke.Invokers$Holder.linkToTargetMethod(java.lang.Object, java.lang.Object, java.lang.Object, int, java.lang.Object)'> (0x00000000a7d08390) thrown at [src/hotspot/share/interpreter/linkResolver.cpp, line 773]
Event: 32.984 Thread 0x0000019cb5207800 Exception <a 'java/lang/NoSuchMethodError'{0x00000000a7dd3520}: 'java.lang.Object java.lang.invoke.Invokers$Holder.linkToTargetMethod(java.lang.Object, int, int, java.lang.Object)'> (0x00000000a7dd3520) thrown at [src/hotspot/share/interpreter/linkResolver.cpp, line 773]
Event: 32.986 Thread 0x0000019cb5207800 Exception <a 'java/lang/NoSuchMethodError'{0x00000000a7deb478}: 'java.lang.Object java.lang.invoke.DirectMethodHandle$Holder.invokeStatic(java.lang.Object, java.lang.Object, int, int, java.lang.Object, java.lang.Object)'> (0x00000000a7deb478) thrown at [src/hotspot/share/interpreter/linkResolver.cpp, line 773]
Event: 34.121 Thread 0x0000019cb5207800 Exception <a 'java/lang/NoSuchMethodError'{0x00000000a7fe32d0}: 'java.lang.Object java.lang.invoke.DirectMethodHandle$Holder.invokeStatic(java.lang.Object, java.lang.Object, java.lang.Object, java.lang.Object, java.lang.Object, java.lang.Object, java.lang.Object, java.lang.Object, java.lang.Object, java.lang.Object, java.lang.Object, java.lang.Object, java.lang.Object, int)'> (0x00000000a7fe32d0) thrown at [src/hotspot/share/interpreter/linkResolver.cpp, line 773]
Event: 34.122 Thread 0x0000019cb5207800 Exception <a 'java/lang/NoSuchMethodError'{0x00000000a7ff0cb8}: 'java.lang.Object java.lang.invoke.DirectMethodHandle$Holder.invokeStatic(java.lang.Object, java.lang.Object, java.lang.Object, java.lang.Object, java.lang.Object, java.lang.Object, java.lang.Object, java.lang.Object, java.lang.Object, java.lang.Object, java.lang.Object, java.lang.Object, java.lang.Object, int, int)'> (0x00000000a7ff0cb8) thrown at [src/hotspot/share/interpreter/linkResolver.cpp, line 773]
Event: 34.306 Thread 0x0000019cb5207800 Exception <a 'java/lang/NoSuchMethodError'{0x00000000a7c4d0f8}: 'int java.lang.invoke.DirectMethodHandle$Holder.invokeInterface(java.lang.Object, java.lang.Object, java.lang.Object, java.lang.Object)'> (0x00000000a7c4d0f8) thrown at [src/hotspot/share/interpreter/linkResolver.cpp, line 773]
Event: 35.295 Thread 0x0000019cb5207800 Exception <a 'java/lang/NoSuchMethodError'{0x00000000a805ed50}: 'java.lang.Object java.lang.invoke.DirectMethodHandle$Holder.invokeSpecial(java.lang.Object, java.lang.Object, int, int, int, java.lang.Object, java.lang.Object, java.lang.Object, java.lang.Object)'> (0x00000000a805ed50) thrown at [src/hotspot/share/interpreter/linkResolver.cpp, line 773]
Event: 35.296 Thread 0x0000019cb5207800 Exception <a 'java/lang/NoSuchMethodError'{0x00000000a80637a0}: 'java.lang.Object java.lang.invoke.DelegatingMethodHandle$Holder.reinvoke_L(java.lang.Object, int, int, int, java.lang.Object, java.lang.Object, java.lang.Object, java.lang.Object)'> (0x00000000a80637a0) thrown at [src/hotspot/share/interpreter/linkResolver.cpp, line 773]
Event: 35.297 Thread 0x0000019cb5207800 Exception <a 'java/lang/NoSuchMethodError'{0x00000000a806c400}: 'java.lang.Object java.lang.invoke.DirectMethodHandle$Holder.invokeStatic(java.lang.Object, java.lang.Object, java.lang.Object, java.lang.Object, java.lang.Object, int)'> (0x00000000a806c400) thrown at [src/hotspot/share/interpreter/linkResolver.cpp, line 773]
Event: 36.100 Thread 0x0000019cb5207800 Exception <a 'java/lang/NoSuchMethodError'{0x00000000a7fbdb98}: 'java.lang.Object java.lang.invoke.DirectMethodHandle$Holder.invokeSpecial(java.lang.Object, java.lang.Object, int, int, java.lang.Object, java.lang.Object, java.lang.Object)'> (0x00000000a7fbdb98) thrown at [src/hotspot/share/interpreter/linkResolver.cpp, line 773]
Event: 36.101 Thread 0x0000019cb5207800 Exception <a 'java/lang/NoSuchMethodError'{0x00000000a7fc2910}: 'java.lang.Object java.lang.invoke.DelegatingMethodHandle$Holder.reinvoke_L(java.lang.Object, int, int, java.lang.Object, java.lang.Object, java.lang.Object)'> (0x00000000a7fc2910) thrown at [src/hotspot/share/interpreter/linkResolver.cpp, line 773]
Event: 36.104 Thread 0x0000019cb5207800 Exception <a 'java/lang/NoSuchMethodError'{0x00000000a7fd9788}: 'java.lang.Object java.lang.invoke.DirectMethodHandle$Holder.invokeStatic(java.lang.Object, java.lang.Object, java.lang.Object, java.lang.Object, int, int)'> (0x00000000a7fd9788) thrown at [src/hotspot/share/interpreter/linkResolver.cpp, line 773]
Event: 36.106 Thread 0x0000019cb5207800 Exception <a 'java/lang/NoSuchMethodError'{0x00000000a7ff00a8}: 'java.lang.Object java.lang.invoke.DirectMethodHandle$Holder.invokeStatic(java.lang.Object, java.lang.Object, java.lang.Object, java.lang.Object, int, int, java.lang.Object)'> (0x00000000a7ff00a8) thrown at [src/hotspot/share/interpreter/linkResolver.cpp, line 773]
Event: 36.107 Thread 0x0000019cb5207800 Exception <a 'java/lang/NoSuchMethodError'{0x00000000a7e08a28}: 'java.lang.Object java.lang.invoke.DirectMethodHandle$Holder.invokeStatic(java.lang.Object, java.lang.Object, java.lang.Object, java.lang.Object, int, int, java.lang.Object, java.lang.Object)'> (0x00000000a7e08a28) thrown at [src/hotspot/share/interpreter/linkResolver.cpp, line 773]
Event: 36.109 Thread 0x0000019cb5207800 Exception <a 'java/lang/NoSuchMethodError'{0x00000000a7e22248}: 'java.lang.Object java.lang.invoke.DirectMethodHandle$Holder.invokeStatic(java.lang.Object, java.lang.Object, java.lang.Object, java.lang.Object, int, int, java.lang.Object, java.lang.Object, java.lang.Object)'> (0x00000000a7e22248) thrown at [src/hotspot/share/interpreter/linkResolver.cpp, line 773]
Event: 36.315 Thread 0x0000019cb5207800 Exception <a 'java/lang/IncompatibleClassChangeError'{0x00000000a7d471f0}: Found class java.lang.Object, but interface was expected> (0x00000000a7d471f0) thrown at [src/hotspot/share/interpreter/linkResolver.cpp, line 839]
Event: 36.453 Thread 0x0000019cb5207800 Implicit null exception at 0x0000019ca534e954 to 0x0000019ca534ead0
Event: 36.453 Thread 0x0000019cb5207800 Implicit null exception at 0x0000019ca5291c38 to 0x0000019ca5293684
Event: 36.810 Thread 0x0000019cb5207800 Implicit null exception at 0x0000019ca522988b to 0x0000019ca5229ac8
Event: 37.124 Thread 0x0000019cb5207800 Implicit null exception at 0x0000019ca51b982c to 0x0000019ca51b995a

Events (20 events):
Event: 37.235 loading class javax/crypto/SecretKey done
Event: 37.241 loading class java/util/Base64
Event: 37.241 loading class java/util/Base64 done
Event: 37.241 loading class java/util/Base64$Decoder
Event: 37.241 loading class java/util/Base64$Decoder done
Event: 37.241 loading class java/util/Base64$Encoder
Event: 37.242 loading class java/util/Base64$Encoder done
Event: 37.259 loading class sun/security/rsa/RSASignature$SHA256withRSA
Event: 37.259 loading class sun/security/rsa/RSASignature$SHA256withRSA done
Event: 37.261 loading class sun/security/provider/DSA$SHA256withDSA
Event: 37.261 loading class sun/security/provider/DSA$SHA256withDSA done
Event: 37.304 loading class java/util/jar/JarVerifier$VerifierStream
Event: 37.304 loading class java/util/jar/JarVerifier$VerifierStream done
Event: 37.305 loading class sun/security/util/ManifestEntryVerifier$SunProviderHolder
Event: 37.305 loading class sun/security/util/ManifestEntryVerifier$SunProviderHolder done
Event: 37.332 loading class org/bouncycastle/operator/OperatorException
Event: 37.332 loading class org/bouncycastle/operator/OperatorException done
Event: 37.334 loading class org/bouncycastle/jce/provider/BouncyCastleProvider
Event: 37.334 loading class org/bouncycastle/jce/provider/BouncyCastleProvider done
Event: 37.338 Executing VM operation: G1CollectForAllocation


Dynamic libraries:
0x00007ff7d4a90000 - 0x00007ff7d4a9a000 	C:\Program Files\Android\Android Studio\jbr\bin\java.exe
0x00007fff3ac90000 - 0x00007fff3ae85000 	C:\Windows\SYSTEM32\ntdll.dll
0x00007fff3a150000 - 0x00007fff3a20e000 	C:\Windows\System32\KERNEL32.DLL
0x00007fff38700000 - 0x00007fff389c8000 	C:\Windows\System32\KERNELBASE.dll
0x00007fff38440000 - 0x00007fff38540000 	C:\Windows\System32\ucrtbase.dll
0x00007fff2eb30000 - 0x00007fff2eb47000 	C:\Program Files\Android\Android Studio\jbr\bin\jli.dll
0x00007fff38d50000 - 0x00007fff38ef1000 	C:\Windows\System32\USER32.dll
0x00007fff386d0000 - 0x00007fff386f2000 	C:\Windows\System32\win32u.dll
0x00007fff39080000 - 0x00007fff390ab000 	C:\Windows\System32\GDI32.dll
0x00007fff38b60000 - 0x00007fff38c6d000 	C:\Windows\System32\gdi32full.dll
0x00007fff383a0000 - 0x00007fff3843d000 	C:\Windows\System32\msvcp_win.dll
0x00007fff32130000 - 0x00007fff3214b000 	C:\Program Files\Android\Android Studio\jbr\bin\VCRUNTIME140.dll
0x00007fff290c0000 - 0x00007fff2935a000 	C:\Windows\WinSxS\amd64_microsoft.windows.common-controls_6595b64144ccf1df_6.0.19041.1110_none_60b5254171f9507e\COMCTL32.dll
0x00007fff39290000 - 0x00007fff3932e000 	C:\Windows\System32\msvcrt.dll
0x00007fff3a420000 - 0x00007fff3a450000 	C:\Windows\System32\IMM32.DLL
0x00007fff35c50000 - 0x00007fff35c5c000 	C:\Program Files\Android\Android Studio\jbr\bin\vcruntime140_1.dll
0x00007fff209c0000 - 0x00007fff20a4d000 	C:\Program Files\Android\Android Studio\jbr\bin\msvcp140.dll
0x00007fff06d00000 - 0x00007fff078bc000 	C:\Program Files\Android\Android Studio\jbr\bin\server\jvm.dll
0x00007fff3aa60000 - 0x00007fff3ab0c000 	C:\Windows\System32\ADVAPI32.dll
0x00007fff38f00000 - 0x00007fff38f9b000 	C:\Windows\System32\sechost.dll
0x00007fff3a2f0000 - 0x00007fff3a41a000 	C:\Windows\System32\RPCRT4.dll
0x00007fff38fa0000 - 0x00007fff38fa8000 	C:\Windows\System32\PSAPI.DLL
0x00007fff33290000 - 0x00007fff33299000 	C:\Windows\SYSTEM32\WSOCK32.dll
0x00007fff227c0000 - 0x00007fff227e7000 	C:\Windows\SYSTEM32\WINMM.dll
0x00007fff39de0000 - 0x00007fff39e4b000 	C:\Windows\System32\WS2_32.dll
0x00007fff2df30000 - 0x00007fff2df3a000 	C:\Windows\SYSTEM32\VERSION.dll
0x00007fff36440000 - 0x00007fff36452000 	C:\Windows\SYSTEM32\kernel.appcore.dll
0x00007fff33280000 - 0x00007fff33290000 	C:\Program Files\Android\Android Studio\jbr\bin\verify.dll
0x00007fff240d0000 - 0x00007fff242b4000 	C:\Windows\SYSTEM32\DBGHELP.DLL
0x00007fff240a0000 - 0x00007fff240cc000 	C:\Windows\SYSTEM32\dbgcore.DLL
0x00007fff38ad0000 - 0x00007fff38b53000 	C:\Windows\System32\bcryptPrimitives.dll
0x00007fff33250000 - 0x00007fff33278000 	C:\Program Files\Android\Android Studio\jbr\bin\java.dll
0x00007fff33240000 - 0x00007fff3324a000 	C:\Program Files\Android\Android Studio\jbr\bin\jimage.dll
0x00007fff1fcc0000 - 0x00007fff1fcd8000 	C:\Program Files\Android\Android Studio\jbr\bin\zip.dll
0x00007fff39330000 - 0x00007fff39a74000 	C:\Windows\System32\SHELL32.dll
0x00007fff36640000 - 0x00007fff36dd4000 	C:\Windows\SYSTEM32\windows.storage.dll
0x00007fff39a80000 - 0x00007fff39dd5000 	C:\Windows\System32\combase.dll
0x00007fff37d20000 - 0x00007fff37d4e000 	C:\Windows\SYSTEM32\Wldp.dll
0x00007fff390b0000 - 0x00007fff3915d000 	C:\Windows\System32\SHCORE.dll
0x00007fff39010000 - 0x00007fff39065000 	C:\Windows\System32\shlwapi.dll
0x00007fff38290000 - 0x00007fff382af000 	C:\Windows\SYSTEM32\profapi.dll
0x00007fff1fc30000 - 0x00007fff1fc49000 	C:\Program Files\Android\Android Studio\jbr\bin\net.dll
0x00007fff30180000 - 0x00007fff3028c000 	C:\Windows\SYSTEM32\WINHTTP.dll
0x00007fff37a80000 - 0x00007fff37aea000 	C:\Windows\system32\mswsock.dll
0x00007fff081c0000 - 0x00007fff081d3000 	C:\Program Files\Android\Android Studio\jbr\bin\nio.dll
0x00007fff20510000 - 0x00007fff20537000 	C:\Users\Admin\Downloads\FoodDeliveryApp-master\native\e1d6ef7f7dcc3fd88c89a11ec53ec762bb8ba0a96d01ffa2cd45eb1d1d8dd5c5\windows-amd64\native-platform.dll
0x00007fff0aea0000 - 0x00007fff0afe4000 	C:\Users\Admin\Downloads\FoodDeliveryApp-master\native\0d407fdbe67a94daf76414ababcb853783967236a71b16ec16e742cd7a986fd3\windows-amd64\native-platform-file-events.dll
0x00007fff265a0000 - 0x00007fff265aa000 	C:\Program Files\Android\Android Studio\jbr\bin\management.dll
0x00007fff258d0000 - 0x00007fff258db000 	C:\Program Files\Android\Android Studio\jbr\bin\management_ext.dll
0x00007fff37c70000 - 0x00007fff37c88000 	C:\Windows\SYSTEM32\CRYPTSP.dll
0x00007fff375b0000 - 0x00007fff375e4000 	C:\Windows\system32\rsaenh.dll
0x00007fff38540000 - 0x00007fff38567000 	C:\Windows\System32\bcrypt.dll
0x00007fff381f0000 - 0x00007fff3821e000 	C:\Windows\SYSTEM32\USERENV.dll
0x00007fff37c90000 - 0x00007fff37c9c000 	C:\Windows\SYSTEM32\CRYPTBASE.dll
0x00007fff37770000 - 0x00007fff377ab000 	C:\Windows\SYSTEM32\IPHLPAPI.DLL
0x00007fff3aa50000 - 0x00007fff3aa58000 	C:\Windows\System32\NSI.dll
0x00007fff2fc70000 - 0x00007fff2fc87000 	C:\Windows\SYSTEM32\dhcpcsvc6.DLL
0x00007fff30a70000 - 0x00007fff30a8d000 	C:\Windows\SYSTEM32\dhcpcsvc.DLL
0x00007fff377b0000 - 0x00007fff3787b000 	C:\Windows\SYSTEM32\DNSAPI.dll

dbghelp: loaded successfully - version: 4.0.5 - missing functions: none
symbol engine: initialized successfully - sym options: 0x614 - pdb path: .;C:\Program Files\Android\Android Studio\jbr\bin;C:\Windows\SYSTEM32;C:\Windows\WinSxS\amd64_microsoft.windows.common-controls_6595b64144ccf1df_6.0.19041.1110_none_60b5254171f9507e;C:\Program Files\Android\Android Studio\jbr\bin\server;C:\Users\Admin\Downloads\FoodDeliveryApp-master\native\e1d6ef7f7dcc3fd88c89a11ec53ec762bb8ba0a96d01ffa2cd45eb1d1d8dd5c5\windows-amd64;C:\Users\Admin\Downloads\FoodDeliveryApp-master\native\0d407fdbe67a94daf76414ababcb853783967236a71b16ec16e742cd7a986fd3\windows-amd64

VM Arguments:
jvm_args: --add-opens=java.base/java.util=ALL-UNNAMED --add-opens=java.base/java.lang=ALL-UNNAMED --add-opens=java.base/java.lang.invoke=ALL-UNNAMED --add-opens=java.base/java.util=ALL-UNNAMED --add-opens=java.prefs/java.util.prefs=ALL-UNNAMED --add-opens=java.prefs/java.util.prefs=ALL-UNNAMED --add-opens=java.base/java.nio.charset=ALL-UNNAMED --add-opens=java.base/java.net=ALL-UNNAMED --add-opens=java.base/java.util.concurrent.atomic=ALL-UNNAMED -Xmx1536m -Dfile.encoding=windows-1252 -Duser.country=US -Duser.language=en -Duser.variant 
java_command: org.gradle.launcher.daemon.bootstrap.GradleDaemon 7.5
java_class_path (initial): C:\Users\Admin\Downloads\FoodDeliveryApp-master\wrapper\dists\gradle-7.5-bin\f1w0cc9nuo0eivz97x2xlu9sv\gradle-7.5\lib\gradle-launcher-7.5.jar
Launcher Type: SUN_STANDARD

[Global flags]
     intx CICompilerCount                          = 2                                         {product} {ergonomic}
     uint ConcGCThreads                            = 1                                         {product} {ergonomic}
     uint G1ConcRefinementThreads                  = 2                                         {product} {ergonomic}
   size_t G1HeapRegionSize                         = 1048576                                   {product} {ergonomic}
    uintx GCDrainStackTargetSize                   = 64                                        {product} {ergonomic}
   size_t InitialHeapSize                          = 65011712                                  {product} {ergonomic}
   size_t MarkStackSize                            = 4194304                                   {product} {ergonomic}
   size_t MaxHeapSize                              = 1610612736                                {product} {command line}
   size_t MaxNewSize                               = 965738496                                 {product} {ergonomic}
   size_t MinHeapDeltaBytes                        = 1048576                                   {product} {ergonomic}
    uintx NonNMethodCodeHeapSize                   = 5825164                                {pd product} {ergonomic}
    uintx NonProfiledCodeHeapSize                  = 122916538                              {pd product} {ergonomic}
    uintx ProfiledCodeHeapSize                     = 122916538                              {pd product} {ergonomic}
    uintx ReservedCodeCacheSize                    = 251658240                              {pd product} {ergonomic}
     bool SegmentedCodeCache                       = true                                      {product} {ergonomic}
     bool UseCompressedClassPointers               = true                                 {lp64_product} {ergonomic}
     bool UseCompressedOops                        = true                                 {lp64_product} {ergonomic}
     bool UseG1GC                                  = true                                      {product} {ergonomic}
     bool UseLargePagesIndividualAllocation        = false                                  {pd product} {ergonomic}

Logging:
Log output configuration:
 #0: stdout all=warning uptime,level,tags
 #1: stderr all=off uptime,level,tags

Environment Variables:
PATH=C:\Program Files\Common Files\Oracle\Java\javapath;C:\Windows\system32;C:\Windows;C:\Windows\System32\Wbem;C:\Windows\System32\WindowsPowerShell\v1.0\;C:\Windows\System32\OpenSSH\;C:\Program Files (x86)\Microsoft SQL Server\160\DTS\Binn\;C:\Program Files\Azure Data Studio\bin;C:\Users\Admin\AppData\Local\Microsoft\WindowsApps;C:\Users\Admin\AppData\Local\Programs\Microsoft VS Code\bin;C:\Program Files\Azure Data Studio\bin
USERNAME=Admin
OS=Windows_NT
PROCESSOR_IDENTIFIER=Intel64 Family 6 Model 122 Stepping 1, GenuineIntel



---------------  S Y S T E M  ---------------

OS: Windows 10 , 64 bit Build 19041 (10.0.19041.1348)
OS uptime: 0 days 3:13 hours

CPU:total 2 (initial active 2) (2 cores per cpu, 1 threads per core) family 6 model 122 stepping 1 microcode 0x32, cmov, cx8, fxsr, mmx, sse, sse2, sse3, ssse3, sse4.1, sse4.2, popcnt, aes, clmul, erms, 3dnowpref, tsc, tscinvbit, sha

Memory: 4k page, system-wide physical 3918M (264M free)
TotalPageFile size 3918M (AvailPageFile size 36M)
current process WorkingSet (physical memory assigned to process): 206M, peak: 256M
current process commit charge ("private bytes"): 343M, peak: 393M

vm_info: OpenJDK 64-Bit Server VM (11.0.15+0-b2043.56-9505619) for windows-amd64 JRE (11.0.15+0-b2043.56-9505619), built on Jan 19 2023 02:48:00 by "builduser" with unknown MS VC++:1929

END.
