#
# There is insufficient memory for the Java Runtime Environment to continue.
# Native memory allocation (malloc) failed to allocate 33408 bytes for Chunk::new
# Possible reasons:
#   The system is out of physical RAM or swap space
#   The process is running with CompressedOops enabled, and the Java Heap may be blocking the growth of the native heap
# Possible solutions:
#   Reduce memory load on the system
#   Increase physical memory or swap space
#   Check if swap backing store is full
#   Decrease Java heap size (-Xmx/-Xms)
#   Decrease number of Java threads
#   Decrease Java thread stack sizes (-Xss)
#   Set larger code cache with -XX:ReservedCodeCacheSize=
#   JVM is running with Unscaled Compressed Oops mode in which the Java heap is
#     placed in the first 4GB address space. The Java Heap base address is the
#     maximum limit for the native heap growth. Please use -XX:HeapBaseMinAddress
#     to set the Java Heap base and to place the Java Heap above 4GB virtual address.
# This output file may be truncated or incomplete.
#
#  Out of Memory Error (src/hotspot/share/memory/arena.cpp:197), pid=4220, tid=4468
#
# JRE version: OpenJDK Runtime Environment (11.0.15) (build 11.0.15+0-b2043.56-9505619)
# Java VM: OpenJDK 64-Bit Server VM (11.0.15+0-b2043.56-9505619, mixed mode, tiered, compressed oops, g1 gc, windows-amd64)
# No core dump will be written. Minidumps are not enabled by default on client versions of Windows
#

---------------  S U M M A R Y ------------

Command Line: --add-opens=java.base/java.util=ALL-UNNAMED --add-opens=java.base/java.lang=ALL-UNNAMED --add-opens=java.base/java.lang.invoke=ALL-UNNAMED --add-opens=java.base/java.util=ALL-UNNAMED --add-opens=java.prefs/java.util.prefs=ALL-UNNAMED --add-opens=java.prefs/java.util.prefs=ALL-UNNAMED --add-opens=java.base/java.nio.charset=ALL-UNNAMED --add-opens=java.base/java.net=ALL-UNNAMED --add-opens=java.base/java.util.concurrent.atomic=ALL-UNNAMED -Xmx1536m -Dfile.encoding=windows-1252 -Duser.country=US -Duser.language=en -Duser.variant org.gradle.launcher.daemon.bootstrap.GradleDaemon 7.5

Host: Intel(R) Celeron(R) N4000 CPU @ 1.10GHz, 2 cores, 3G,  Windows 10 , 64 bit Build 19041 (10.0.19041.1348)
Time: Sat Mar  4 21:29:24 2023 Mountain Standard Time elapsed time: 36.591683 seconds (0d 0h 0m 36s)

---------------  T H R E A D  ---------------

Current thread (0x0000020cf4ab5000):  JavaThread "C2 CompilerThread0" daemon [_thread_in_native, id=4468, stack(0x000000cc1e600000,0x000000cc1e700000)]


Current CompileTask:
C2:  36591 4558       4       org.gradle.internal.reflect.MethodSet::add (50 bytes)

Stack: [0x000000cc1e600000,0x000000cc1e700000]
Native frames: (J=compiled Java code, j=interpreted, Vv=VM code, C=native code)
V  [jvm.dll+0x64135a]
V  [jvm.dll+0x7d39f9]
V  [jvm.dll+0x7d51b9]
V  [jvm.dll+0x7d58a3]
V  [jvm.dll+0x2691c5]
V  [jvm.dll+0xc1a5c]
V  [jvm.dll+0xc200c]
V  [jvm.dll+0xc1b6b]
V  [jvm.dll+0x6a0f9c]
V  [jvm.dll+0x554bbc]
V  [jvm.dll+0x71b13c]
V  [jvm.dll+0x71a187]
V  [jvm.dll+0x55db08]
V  [jvm.dll+0x54d1c6]
V  [jvm.dll+0x220c9d]
V  [jvm.dll+0x223024]
V  [jvm.dll+0x220384]
V  [jvm.dll+0x19e851]
V  [jvm.dll+0x230479]
V  [jvm.dll+0x22e5ef]
V  [jvm.dll+0x794de1]
V  [jvm.dll+0x78dc24]
V  [jvm.dll+0x6400f6]
C  [ucrtbase.dll+0x21bb2]
C  [KERNEL32.DLL+0x17034]
C  [ntdll.dll+0x52651]


---------------  P R O C E S S  ---------------

Threads class SMR info:
_java_thread_list=0x0000020cf93feb10, length=35, elements={
0x0000020cdbd96000, 0x0000020cf4a54000, 0x0000020cf4a5f000, 0x0000020cf4ab0800,
0x0000020cf4ab1800, 0x0000020cf4ab3800, 0x0000020cf4ab5000, 0x0000020cf4aba800,
0x0000020cf4acd000, 0x0000020cf4d28000, 0x0000020cf623a800, 0x0000020cf578c800,
0x0000020cf69ea800, 0x0000020cf61fc800, 0x0000020cf61fd800, 0x0000020cf642c800,
0x0000020cf4f04800, 0x0000020cf59a1000, 0x0000020cf626b800, 0x0000020cf626c000,
0x0000020cf5af9000, 0x0000020cf5af9800, 0x0000020cf5af6800, 0x0000020cf5afd000,
0x0000020cf5af8000, 0x0000020cf5afa800, 0x0000020cf5afb800, 0x0000020cf5afc000,
0x0000020cf5af7000, 0x0000020cf70ec000, 0x0000020cf70ea800, 0x0000020cf70ed000,
0x0000020cf70ee000, 0x0000020cf70e8000, 0x0000020cf70e9000
}

Java Threads: ( => current thread )
  0x0000020cdbd96000 JavaThread "main" [_thread_blocked, id=4404, stack(0x000000cc1da00000,0x000000cc1db00000)]
  0x0000020cf4a54000 JavaThread "Reference Handler" daemon [_thread_blocked, id=4248, stack(0x000000cc1e100000,0x000000cc1e200000)]
  0x0000020cf4a5f000 JavaThread "Finalizer" daemon [_thread_blocked, id=3052, stack(0x000000cc1e200000,0x000000cc1e300000)]
  0x0000020cf4ab0800 JavaThread "Signal Dispatcher" daemon [_thread_blocked, id=4676, stack(0x000000cc1e300000,0x000000cc1e400000)]
  0x0000020cf4ab1800 JavaThread "Attach Listener" daemon [_thread_blocked, id=564, stack(0x000000cc1e400000,0x000000cc1e500000)]
  0x0000020cf4ab3800 JavaThread "Service Thread" daemon [_thread_blocked, id=4208, stack(0x000000cc1e500000,0x000000cc1e600000)]
=>0x0000020cf4ab5000 JavaThread "C2 CompilerThread0" daemon [_thread_in_native, id=4468, stack(0x000000cc1e600000,0x000000cc1e700000)]
  0x0000020cf4aba800 JavaThread "C1 CompilerThread0" daemon [_thread_blocked, id=3648, stack(0x000000cc1e700000,0x000000cc1e800000)]
  0x0000020cf4acd000 JavaThread "Sweeper thread" daemon [_thread_blocked, id=5048, stack(0x000000cc1e800000,0x000000cc1e900000)]
  0x0000020cf4d28000 JavaThread "Common-Cleaner" daemon [_thread_blocked, id=3832, stack(0x000000cc1e900000,0x000000cc1ea00000)]
  0x0000020cf623a800 JavaThread "Daemon health stats" [_thread_blocked, id=3248, stack(0x000000cc1ec00000,0x000000cc1ed00000)]
  0x0000020cf578c800 JavaThread "Incoming local TCP Connector on port 58685" [_thread_in_native, id=2360, stack(0x000000cc1ed00000,0x000000cc1ee00000)]
  0x0000020cf69ea800 JavaThread "Daemon periodic checks" [_thread_blocked, id=4456, stack(0x000000cc1ee00000,0x000000cc1ef00000)]
  0x0000020cf61fc800 JavaThread "Daemon" [_thread_blocked, id=2140, stack(0x000000cc1ef00000,0x000000cc1f000000)]
  0x0000020cf61fd800 JavaThread "Handler for socket connection from /127.0.0.1:58685 to /127.0.0.1:58687" [_thread_in_native, id=1784, stack(0x000000cc1f000000,0x000000cc1f100000)]
  0x0000020cf642c800 JavaThread "Cancel handler" [_thread_blocked, id=3404, stack(0x000000cc1f100000,0x000000cc1f200000)]
  0x0000020cf4f04800 JavaThread "Daemon worker" [_thread_in_native, id=1832, stack(0x000000cc1f200000,0x000000cc1f300000)]
  0x0000020cf59a1000 JavaThread "Asynchronous log dispatcher for DefaultDaemonConnection: socket connection from /127.0.0.1:58685 to /127.0.0.1:58687" [_thread_blocked, id=5100, stack(0x000000cc1f300000,0x000000cc1f400000)]
  0x0000020cf626b800 JavaThread "Stdin handler" [_thread_blocked, id=4360, stack(0x000000cc1f400000,0x000000cc1f500000)]
  0x0000020cf626c000 JavaThread "Daemon client event forwarder" [_thread_blocked, id=3364, stack(0x000000cc1f500000,0x000000cc1f600000)]
  0x0000020cf5af9000 JavaThread "Cache worker for journal cache (C:\Users\Admin\Downloads\FoodDeliveryApp-master\caches\journal-1)" [_thread_blocked, id=1116, stack(0x000000cc1f600000,0x000000cc1f700000)]
  0x0000020cf5af9800 JavaThread "File lock request listener" [_thread_in_native, id=4876, stack(0x000000cc1f700000,0x000000cc1f800000)]
  0x0000020cf5af6800 JavaThread "Cache worker for file hash cache (C:\Users\Admin\Downloads\FoodDeliveryApp-master\caches\7.5\fileHashes)" [_thread_blocked, id=2796, stack(0x000000cc1f800000,0x000000cc1f900000)]
  0x0000020cf5afd000 JavaThread "File watcher server" daemon [_thread_in_native, id=1020, stack(0x000000cc1f900000,0x000000cc1fa00000)]
  0x0000020cf5af8000 JavaThread "File watcher consumer" daemon [_thread_blocked, id=3380, stack(0x000000cc1fa00000,0x000000cc1fb00000)]
  0x0000020cf5afa800 JavaThread "jar transforms" [_thread_blocked, id=1824, stack(0x000000cc1fb00000,0x000000cc1fc00000)]
  0x0000020cf5afb800 JavaThread "jar transforms Thread 2" [_thread_blocked, id=2252, stack(0x000000cc1fc00000,0x000000cc1fd00000)]
  0x0000020cf5afc000 JavaThread "Cache worker for checksums cache (C:\Users\Admin\AndroidStudioProjects\AnggitaPutriDayani\.gradle\7.5\checksums)" [_thread_blocked, id=1852, stack(0x000000cc1fd00000,0x000000cc1fe00000)]
  0x0000020cf5af7000 JavaThread "Cache worker for cache directory md-rule (C:\Users\Admin\Downloads\FoodDeliveryApp-master\caches\7.5\md-rule)" [_thread_blocked, id=5064, stack(0x000000cc1fe00000,0x000000cc1ff00000)]
  0x0000020cf70ec000 JavaThread "Cache worker for file content cache (C:\Users\Admin\Downloads\FoodDeliveryApp-master\caches\7.5\fileContent)" [_thread_blocked, id=3296, stack(0x000000cc1ff00000,0x000000cc20000000)]
  0x0000020cf70ea800 JavaThread "Cache worker for file hash cache (C:\Users\Admin\AndroidStudioProjects\AnggitaPutriDayani\.gradle\7.5\fileHashes)" [_thread_blocked, id=2508, stack(0x000000cc20000000,0x000000cc20100000)]
  0x0000020cf70ed000 JavaThread "Cache worker for cache directory md-supplier (C:\Users\Admin\Downloads\FoodDeliveryApp-master\caches\7.5\md-supplier)" [_thread_blocked, id=5020, stack(0x000000cc20100000,0x000000cc20200000)]
  0x0000020cf70ee000 JavaThread "Cache worker for execution history cache (C:\Users\Admin\Downloads\FoodDeliveryApp-master\caches\7.5\executionHistory)" [_thread_blocked, id=3840, stack(0x000000cc20200000,0x000000cc20300000)]
  0x0000020cf70e8000 JavaThread "Cache worker for dependencies-accessors (C:\Users\Admin\AndroidStudioProjects\AnggitaPutriDayani\.gradle\7.5\dependencies-accessors)" [_thread_blocked, id=3896, stack(0x000000cc20300000,0x000000cc20400000)]
  0x0000020cf70e9000 JavaThread "Cache worker for Build Output Cleanup Cache (C:\Users\Admin\AndroidStudioProjects\AnggitaPutriDayani\.gradle\buildOutputCleanup)" [_thread_blocked, id=2344, stack(0x000000cc20400000,0x000000cc20500000)]

Other Threads:
  0x0000020cf4a2d800 VMThread "VM Thread" [stack: 0x000000cc1e000000,0x000000cc1e100000] [id=4512]
  0x0000020cf4d5f000 WatcherThread [stack: 0x000000cc1ea00000,0x000000cc1eb00000] [id=3396]
  0x0000020cdbda9000 GCTaskThread "GC Thread#0" [stack: 0x000000cc1db00000,0x000000cc1dc00000] [id=4252]
  0x0000020cf4dc5000 GCTaskThread "GC Thread#1" [stack: 0x000000cc1eb00000,0x000000cc1ec00000] [id=4344]
  0x0000020cdbdd1000 ConcurrentGCThread "G1 Main Marker" [stack: 0x000000cc1dc00000,0x000000cc1dd00000] [id=2956]
  0x0000020cdbdd2000 ConcurrentGCThread "G1 Conc#0" [stack: 0x000000cc1dd00000,0x000000cc1de00000] [id=5104]
  0x0000020cdbe11800 ConcurrentGCThread "G1 Refine#0" [stack: 0x000000cc1de00000,0x000000cc1df00000] [id=4332]
  0x0000020cdbe12800 ConcurrentGCThread "G1 Young RemSet Sampling" [stack: 0x000000cc1df00000,0x000000cc1e000000] [id=604]

Threads with active compile tasks:
C2 CompilerThread0    37113 4558       4       org.gradle.internal.reflect.MethodSet::add (50 bytes)

VM state:not at safepoint (normal execution)

VM Mutex/Monitor currently owned by a thread: None

OutOfMemory and StackOverflow Exception counts:
OutOfMemoryError java_heap_errors=1
LinkageErrors=116

Heap address: 0x00000000a0000000, size: 1536 MB, Compressed Oops mode: 32-bit
Narrow klass base: 0x0000000000000000, Narrow klass shift: 3
Compressed class space size: 1073741824 Address: 0x0000000100000000

Heap:
 garbage-first heap   total 177152K, used 114020K [0x00000000a0000000, 0x0000000100000000)
  region size 1024K, 25 young (25600K), 4 survivors (4096K)
 Metaspace       used 50203K, capacity 51679K, committed 51760K, reserved 1093632K
  class space    used 6443K, capacity 7009K, committed 7040K, reserved 1048576K
Heap Regions: E=young(eden), S=young(survivor), O=old, HS=humongous(starts), HC=humongous(continues), CS=collection set, F=free, A=archive, TAMS=top-at-mark-start (previous, next)
|   0|0x00000000a0000000, 0x00000000a0100000, 0x00000000a0100000|100%| O|  |TAMS 0x00000000a0100000, 0x00000000a0000000| Untracked 
|   1|0x00000000a0100000, 0x00000000a0200000, 0x00000000a0200000|100%| O|  |TAMS 0x00000000a0200000, 0x00000000a0100000| Untracked 
|   2|0x00000000a0200000, 0x00000000a0300000, 0x00000000a0300000|100%| O|  |TAMS 0x00000000a0300000, 0x00000000a0200000| Untracked 
|   3|0x00000000a0300000, 0x00000000a0400000, 0x00000000a0400000|100%| O|  |TAMS 0x00000000a0400000, 0x00000000a0300000| Untracked 
|   4|0x00000000a0400000, 0x00000000a0500000, 0x00000000a0500000|100%|HS|  |TAMS 0x00000000a0500000, 0x00000000a0400000| Complete 
|   5|0x00000000a0500000, 0x00000000a0600000, 0x00000000a0600000|100%|HC|  |TAMS 0x00000000a0600000, 0x00000000a0500000| Complete 
|   6|0x00000000a0600000, 0x00000000a0700000, 0x00000000a0700000|100%|HC|  |TAMS 0x00000000a0700000, 0x00000000a0600000| Complete 
|   7|0x00000000a0700000, 0x00000000a0800000, 0x00000000a0800000|100%| O|  |TAMS 0x00000000a0800000, 0x00000000a0700000| Untracked 
|   8|0x00000000a0800000, 0x00000000a0900000, 0x00000000a0900000|100%| O|  |TAMS 0x00000000a0900000, 0x00000000a0800000| Untracked 
|   9|0x00000000a0900000, 0x00000000a0a00000, 0x00000000a0a00000|100%| O|  |TAMS 0x00000000a0a00000, 0x00000000a0900000| Untracked 
|  10|0x00000000a0a00000, 0x00000000a0b00000, 0x00000000a0b00000|100%| O|  |TAMS 0x00000000a0b00000, 0x00000000a0a00000| Untracked 
|  11|0x00000000a0b00000, 0x00000000a0c00000, 0x00000000a0c00000|100%| O|  |TAMS 0x00000000a0c00000, 0x00000000a0b00000| Untracked 
|  12|0x00000000a0c00000, 0x00000000a0d00000, 0x00000000a0d00000|100%| O|  |TAMS 0x00000000a0d00000, 0x00000000a0c00000| Untracked 
|  13|0x00000000a0d00000, 0x00000000a0e00000, 0x00000000a0e00000|100%| O|  |TAMS 0x00000000a0e00000, 0x00000000a0d00000| Untracked 
|  14|0x00000000a0e00000, 0x00000000a0f00000, 0x00000000a0f00000|100%| O|  |TAMS 0x00000000a0f00000, 0x00000000a0e00000| Untracked 
|  15|0x00000000a0f00000, 0x00000000a1000000, 0x00000000a1000000|100%| O|  |TAMS 0x00000000a1000000, 0x00000000a0f00000| Untracked 
|  16|0x00000000a1000000, 0x00000000a1100000, 0x00000000a1100000|100%|HS|  |TAMS 0x00000000a1100000, 0x00000000a1000000| Complete 
|  17|0x00000000a1100000, 0x00000000a1200000, 0x00000000a1200000|100%|HC|  |TAMS 0x00000000a1200000, 0x00000000a1100000| Complete 
|  18|0x00000000a1200000, 0x00000000a1300000, 0x00000000a1300000|100%|HS|  |TAMS 0x00000000a1300000, 0x00000000a1200000| Complete 
|  19|0x00000000a1300000, 0x00000000a1400000, 0x00000000a1400000|100%|HC|  |TAMS 0x00000000a1400000, 0x00000000a1300000| Complete 
|  20|0x00000000a1400000, 0x00000000a1500000, 0x00000000a1500000|100%|HC|  |TAMS 0x00000000a1500000, 0x00000000a1400000| Complete 
|  21|0x00000000a1500000, 0x00000000a1600000, 0x00000000a1600000|100%|HS|  |TAMS 0x00000000a1600000, 0x00000000a1500000| Complete 
|  22|0x00000000a1600000, 0x00000000a1700000, 0x00000000a1700000|100%|HC|  |TAMS 0x00000000a1700000, 0x00000000a1600000| Complete 
|  23|0x00000000a1700000, 0x00000000a1800000, 0x00000000a1800000|100%|HC|  |TAMS 0x00000000a1800000, 0x00000000a1700000| Complete 
|  24|0x00000000a1800000, 0x00000000a1900000, 0x00000000a1900000|100%|HC|  |TAMS 0x00000000a1900000, 0x00000000a1800000| Complete 
|  25|0x00000000a1900000, 0x00000000a1a00000, 0x00000000a1a00000|100%|HC|  |TAMS 0x00000000a1a00000, 0x00000000a1900000| Complete 
|  26|0x00000000a1a00000, 0x00000000a1b00000, 0x00000000a1b00000|100%|HS|  |TAMS 0x00000000a1b00000, 0x00000000a1a00000| Complete 
|  27|0x00000000a1b00000, 0x00000000a1c00000, 0x00000000a1c00000|100%|HC|  |TAMS 0x00000000a1c00000, 0x00000000a1b00000| Complete 
|  28|0x00000000a1c00000, 0x00000000a1d00000, 0x00000000a1d00000|100%| O|  |TAMS 0x00000000a1d00000, 0x00000000a1c00000| Untracked 
|  29|0x00000000a1d00000, 0x00000000a1e00000, 0x00000000a1e00000|100%| O|  |TAMS 0x00000000a1e00000, 0x00000000a1d00000| Untracked 
|  30|0x00000000a1e00000, 0x00000000a1f00000, 0x00000000a1f00000|100%|HS|  |TAMS 0x00000000a1f00000, 0x00000000a1e00000| Complete 
|  31|0x00000000a1f00000, 0x00000000a2000000, 0x00000000a2000000|100%|HC|  |TAMS 0x00000000a2000000, 0x00000000a1f00000| Complete 
|  32|0x00000000a2000000, 0x00000000a2100000, 0x00000000a2100000|100%|HC|  |TAMS 0x00000000a2100000, 0x00000000a2000000| Complete 
|  33|0x00000000a2100000, 0x00000000a2200000, 0x00000000a2200000|100%| O|  |TAMS 0x00000000a2200000, 0x00000000a2100000| Untracked 
|  34|0x00000000a2200000, 0x00000000a2300000, 0x00000000a2300000|100%| O|  |TAMS 0x00000000a2300000, 0x00000000a2200000| Untracked 
|  35|0x00000000a2300000, 0x00000000a2400000, 0x00000000a2400000|100%| O|  |TAMS 0x00000000a2400000, 0x00000000a2300000| Untracked 
|  36|0x00000000a2400000, 0x00000000a2500000, 0x00000000a2500000|100%| O|  |TAMS 0x00000000a2500000, 0x00000000a2400000| Untracked 
|  37|0x00000000a2500000, 0x00000000a2600000, 0x00000000a2600000|100%| O|  |TAMS 0x00000000a2600000, 0x00000000a2500000| Untracked 
|  38|0x00000000a2600000, 0x00000000a2700000, 0x00000000a2700000|100%|HS|  |TAMS 0x00000000a2700000, 0x00000000a2600000| Complete 
|  39|0x00000000a2700000, 0x00000000a2800000, 0x00000000a2800000|100%|HC|  |TAMS 0x00000000a2800000, 0x00000000a2700000| Complete 
|  40|0x00000000a2800000, 0x00000000a2900000, 0x00000000a2900000|100%| O|  |TAMS 0x00000000a2900000, 0x00000000a2800000| Untracked 
|  41|0x00000000a2900000, 0x00000000a2a00000, 0x00000000a2a00000|100%|HS|  |TAMS 0x00000000a2a00000, 0x00000000a2900000| Complete 
|  42|0x00000000a2a00000, 0x00000000a2b00000, 0x00000000a2b00000|100%|HC|  |TAMS 0x00000000a2b00000, 0x00000000a2a00000| Complete 
|  43|0x00000000a2b00000, 0x00000000a2c00000, 0x00000000a2c00000|100%|HC|  |TAMS 0x00000000a2c00000, 0x00000000a2b00000| Complete 
|  44|0x00000000a2c00000, 0x00000000a2d00000, 0x00000000a2d00000|100%|HC|  |TAMS 0x00000000a2d00000, 0x00000000a2c00000| Complete 
|  45|0x00000000a2d00000, 0x00000000a2e00000, 0x00000000a2e00000|100%|HC|  |TAMS 0x00000000a2e00000, 0x00000000a2d00000| Complete 
|  46|0x00000000a2e00000, 0x00000000a2f00000, 0x00000000a2f00000|100%|HC|  |TAMS 0x00000000a2f00000, 0x00000000a2e00000| Complete 
|  47|0x00000000a2f00000, 0x00000000a3000000, 0x00000000a3000000|100%|HC|  |TAMS 0x00000000a3000000, 0x00000000a2f00000| Complete 
|  48|0x00000000a3000000, 0x00000000a3100000, 0x00000000a3100000|100%|HC|  |TAMS 0x00000000a3100000, 0x00000000a3000000| Complete 
|  49|0x00000000a3100000, 0x00000000a3200000, 0x00000000a3200000|100%|HC|  |TAMS 0x00000000a3200000, 0x00000000a3100000| Complete 
|  50|0x00000000a3200000, 0x00000000a3300000, 0x00000000a3300000|100%|HC|  |TAMS 0x00000000a3300000, 0x00000000a3200000| Complete 
|  51|0x00000000a3300000, 0x00000000a3400000, 0x00000000a3400000|100%| O|  |TAMS 0x00000000a3400000, 0x00000000a3300000| Untracked 
|  52|0x00000000a3400000, 0x00000000a3500000, 0x00000000a3500000|100%| O|  |TAMS 0x00000000a3500000, 0x00000000a3400000| Untracked 
|  53|0x00000000a3500000, 0x00000000a3600000, 0x00000000a3600000|100%| O|  |TAMS 0x00000000a3600000, 0x00000000a3500000| Untracked 
|  54|0x00000000a3600000, 0x00000000a3700000, 0x00000000a3700000|100%| O|  |TAMS 0x00000000a3700000, 0x00000000a3600000| Untracked 
|  55|0x00000000a3700000, 0x00000000a3800000, 0x00000000a3800000|100%| O|  |TAMS 0x00000000a3800000, 0x00000000a3700000| Untracked 
|  56|0x00000000a3800000, 0x00000000a3900000, 0x00000000a3900000|100%| O|  |TAMS 0x00000000a3900000, 0x00000000a3800000| Untracked 
|  57|0x00000000a3900000, 0x00000000a3a00000, 0x00000000a3a00000|100%| O|  |TAMS 0x00000000a3a00000, 0x00000000a3900000| Untracked 
|  58|0x00000000a3a00000, 0x00000000a3b00000, 0x00000000a3b00000|100%|HS|  |TAMS 0x00000000a3b00000, 0x00000000a3a00000| Complete 
|  59|0x00000000a3b00000, 0x00000000a3c00000, 0x00000000a3c00000|100%|HC|  |TAMS 0x00000000a3c00000, 0x00000000a3b00000| Complete 
|  60|0x00000000a3c00000, 0x00000000a3d00000, 0x00000000a3d00000|100%|HC|  |TAMS 0x00000000a3d00000, 0x00000000a3c00000| Complete 
|  61|0x00000000a3d00000, 0x00000000a3e00000, 0x00000000a3e00000|100%|HC|  |TAMS 0x00000000a3e00000, 0x00000000a3d00000| Complete 
|  62|0x00000000a3e00000, 0x00000000a3f00000, 0x00000000a3f00000|100%|HC|  |TAMS 0x00000000a3f00000, 0x00000000a3e00000| Complete 
|  63|0x00000000a3f00000, 0x00000000a4000000, 0x00000000a4000000|100%|HC|  |TAMS 0x00000000a4000000, 0x00000000a3f00000| Complete 
|  64|0x00000000a4000000, 0x00000000a4100000, 0x00000000a4100000|100%|HC|  |TAMS 0x00000000a4100000, 0x00000000a4000000| Complete 
|  65|0x00000000a4100000, 0x00000000a4200000, 0x00000000a4200000|100%|HC|  |TAMS 0x00000000a4200000, 0x00000000a4100000| Complete 
|  66|0x00000000a4200000, 0x00000000a4300000, 0x00000000a4300000|100%|HC|  |TAMS 0x00000000a4300000, 0x00000000a4200000| Complete 
|  67|0x00000000a4300000, 0x00000000a4400000, 0x00000000a4400000|100%|HC|  |TAMS 0x00000000a4400000, 0x00000000a4300000| Complete 
|  68|0x00000000a4400000, 0x00000000a4500000, 0x00000000a4500000|100%| O|  |TAMS 0x00000000a4500000, 0x00000000a4400000| Untracked 
|  69|0x00000000a4500000, 0x00000000a4600000, 0x00000000a4600000|100%|HS|  |TAMS 0x00000000a4600000, 0x00000000a4500000| Complete 
|  70|0x00000000a4600000, 0x00000000a4700000, 0x00000000a4700000|100%|HC|  |TAMS 0x00000000a4700000, 0x00000000a4600000| Complete 
|  71|0x00000000a4700000, 0x00000000a4800000, 0x00000000a4800000|100%|HS|  |TAMS 0x00000000a4800000, 0x00000000a4700000| Complete 
|  72|0x00000000a4800000, 0x00000000a4900000, 0x00000000a4900000|100%|HC|  |TAMS 0x00000000a4900000, 0x00000000a4800000| Complete 
|  73|0x00000000a4900000, 0x00000000a4a00000, 0x00000000a4a00000|100%|HC|  |TAMS 0x00000000a4a00000, 0x00000000a4900000| Complete 
|  74|0x00000000a4a00000, 0x00000000a4b00000, 0x00000000a4b00000|100%|HS|  |TAMS 0x00000000a4b00000, 0x00000000a4a00000| Complete 
|  75|0x00000000a4b00000, 0x00000000a4c00000, 0x00000000a4c00000|100%|HC|  |TAMS 0x00000000a4c00000, 0x00000000a4b00000| Complete 
|  76|0x00000000a4c00000, 0x00000000a4d00000, 0x00000000a4d00000|100%|HS|  |TAMS 0x00000000a4d00000, 0x00000000a4c00000| Complete 
|  77|0x00000000a4d00000, 0x00000000a4e00000, 0x00000000a4e00000|100%|HC|  |TAMS 0x00000000a4e00000, 0x00000000a4d00000| Complete 
|  78|0x00000000a4e00000, 0x00000000a4f00000, 0x00000000a4f00000|100%|HC|  |TAMS 0x00000000a4f00000, 0x00000000a4e00000| Complete 
|  79|0x00000000a4f00000, 0x00000000a5000000, 0x00000000a5000000|100%| O|  |TAMS 0x00000000a5000000, 0x00000000a4f00000| Untracked 
|  80|0x00000000a5000000, 0x00000000a5100000, 0x00000000a5100000|100%| O|  |TAMS 0x00000000a5100000, 0x00000000a5000000| Untracked 
|  81|0x00000000a5100000, 0x00000000a5200000, 0x00000000a5200000|100%| O|  |TAMS 0x00000000a5200000, 0x00000000a5100000| Untracked 
|  82|0x00000000a5200000, 0x00000000a52b7800, 0x00000000a5300000| 71%| O|  |TAMS 0x00000000a52b7800, 0x00000000a5200000| Untracked 
|  83|0x00000000a5300000, 0x00000000a5400000, 0x00000000a5400000|100%|HS|  |TAMS 0x00000000a5300000, 0x00000000a5300000| Complete 
|  84|0x00000000a5400000, 0x00000000a5500000, 0x00000000a5500000|100%|HC|  |TAMS 0x00000000a5400000, 0x00000000a5400000| Complete 
|  85|0x00000000a5500000, 0x00000000a5600000, 0x00000000a5600000|100%|HC|  |TAMS 0x00000000a5500000, 0x00000000a5500000| Complete 
|  86|0x00000000a5600000, 0x00000000a5700000, 0x00000000a5700000|100%|HC|  |TAMS 0x00000000a5600000, 0x00000000a5600000| Complete 
|  87|0x00000000a5700000, 0x00000000a5800000, 0x00000000a5800000|100%|HC|  |TAMS 0x00000000a5700000, 0x00000000a5700000| Complete 
|  88|0x00000000a5800000, 0x00000000a5800000, 0x00000000a5900000|  0%| F|  |TAMS 0x00000000a5800000, 0x00000000a5800000| Untracked 
|  89|0x00000000a5900000, 0x00000000a5900000, 0x00000000a5a00000|  0%| F|  |TAMS 0x00000000a5900000, 0x00000000a5900000| Untracked 
|  90|0x00000000a5a00000, 0x00000000a5a00000, 0x00000000a5b00000|  0%| F|  |TAMS 0x00000000a5a00000, 0x00000000a5a00000| Untracked 
|  91|0x00000000a5b00000, 0x00000000a5b00000, 0x00000000a5c00000|  0%| F|  |TAMS 0x00000000a5b00000, 0x00000000a5b00000| Untracked 
|  92|0x00000000a5c00000, 0x00000000a5c00000, 0x00000000a5d00000|  0%| F|  |TAMS 0x00000000a5c00000, 0x00000000a5c00000| Untracked 
|  93|0x00000000a5d00000, 0x00000000a5d00000, 0x00000000a5e00000|  0%| F|  |TAMS 0x00000000a5d00000, 0x00000000a5d00000| Untracked 
|  94|0x00000000a5e00000, 0x00000000a5e00000, 0x00000000a5f00000|  0%| F|  |TAMS 0x00000000a5e00000, 0x00000000a5e00000| Untracked 
|  95|0x00000000a5f00000, 0x00000000a5f00000, 0x00000000a6000000|  0%| F|  |TAMS 0x00000000a5f00000, 0x00000000a5f00000| Untracked 
|  96|0x00000000a6000000, 0x00000000a6000000, 0x00000000a6100000|  0%| F|  |TAMS 0x00000000a6000000, 0x00000000a6000000| Untracked 
|  97|0x00000000a6100000, 0x00000000a6100000, 0x00000000a6200000|  0%| F|  |TAMS 0x00000000a6100000, 0x00000000a6100000| Untracked 
|  98|0x00000000a6200000, 0x00000000a6200000, 0x00000000a6300000|  0%| F|  |TAMS 0x00000000a6200000, 0x00000000a6200000| Untracked 
|  99|0x00000000a6300000, 0x00000000a6300000, 0x00000000a6400000|  0%| F|  |TAMS 0x00000000a6300000, 0x00000000a6300000| Untracked 
| 100|0x00000000a6400000, 0x00000000a6400000, 0x00000000a6500000|  0%| F|  |TAMS 0x00000000a6400000, 0x00000000a6400000| Untracked 
| 101|0x00000000a6500000, 0x00000000a6500000, 0x00000000a6600000|  0%| F|  |TAMS 0x00000000a6500000, 0x00000000a6500000| Untracked 
| 102|0x00000000a6600000, 0x00000000a6600000, 0x00000000a6700000|  0%| F|  |TAMS 0x00000000a6600000, 0x00000000a6600000| Untracked 
| 103|0x00000000a6700000, 0x00000000a6700000, 0x00000000a6800000|  0%| F|  |TAMS 0x00000000a6700000, 0x00000000a6700000| Untracked 
| 104|0x00000000a6800000, 0x00000000a6800000, 0x00000000a6900000|  0%| F|  |TAMS 0x00000000a6800000, 0x00000000a6800000| Untracked 
| 105|0x00000000a6900000, 0x00000000a6900000, 0x00000000a6a00000|  0%| F|  |TAMS 0x00000000a6900000, 0x00000000a6900000| Untracked 
| 106|0x00000000a6a00000, 0x00000000a6a00000, 0x00000000a6b00000|  0%| F|  |TAMS 0x00000000a6a00000, 0x00000000a6a00000| Untracked 
| 107|0x00000000a6b00000, 0x00000000a6b00000, 0x00000000a6c00000|  0%| F|  |TAMS 0x00000000a6b00000, 0x00000000a6b00000| Untracked 
| 108|0x00000000a6c00000, 0x00000000a6c00000, 0x00000000a6d00000|  0%| F|  |TAMS 0x00000000a6c00000, 0x00000000a6c00000| Untracked 
| 109|0x00000000a6d00000, 0x00000000a6d00000, 0x00000000a6e00000|  0%| F|  |TAMS 0x00000000a6d00000, 0x00000000a6d00000| Untracked 
| 110|0x00000000a6e00000, 0x00000000a6e00000, 0x00000000a6f00000|  0%| F|  |TAMS 0x00000000a6e00000, 0x00000000a6e00000| Untracked 
| 111|0x00000000a6f00000, 0x00000000a6f00000, 0x00000000a7000000|  0%| F|  |TAMS 0x00000000a6f00000, 0x00000000a6f00000| Untracked 
| 112|0x00000000a7000000, 0x00000000a7000000, 0x00000000a7100000|  0%| F|  |TAMS 0x00000000a7000000, 0x00000000a7000000| Untracked 
| 113|0x00000000a7100000, 0x00000000a7100000, 0x00000000a7200000|  0%| F|  |TAMS 0x00000000a7100000, 0x00000000a7100000| Untracked 
| 114|0x00000000a7200000, 0x00000000a7200000, 0x00000000a7300000|  0%| F|  |TAMS 0x00000000a7200000, 0x00000000a7200000| Untracked 
| 115|0x00000000a7300000, 0x00000000a7300000, 0x00000000a7400000|  0%| F|  |TAMS 0x00000000a7300000, 0x00000000a7300000| Untracked 
| 116|0x00000000a7400000, 0x00000000a7400000, 0x00000000a7500000|  0%| F|  |TAMS 0x00000000a7400000, 0x00000000a7400000| Untracked 
| 117|0x00000000a7500000, 0x00000000a7500000, 0x00000000a7600000|  0%| F|  |TAMS 0x00000000a7500000, 0x00000000a7500000| Untracked 
| 118|0x00000000a7600000, 0x00000000a7600000, 0x00000000a7700000|  0%| F|  |TAMS 0x00000000a7600000, 0x00000000a7600000| Untracked 
| 119|0x00000000a7700000, 0x00000000a7700000, 0x00000000a7800000|  0%| F|  |TAMS 0x00000000a7700000, 0x00000000a7700000| Untracked 
| 120|0x00000000a7800000, 0x00000000a7800000, 0x00000000a7900000|  0%| F|  |TAMS 0x00000000a7800000, 0x00000000a7800000| Untracked 
| 121|0x00000000a7900000, 0x00000000a7900000, 0x00000000a7a00000|  0%| F|  |TAMS 0x00000000a7900000, 0x00000000a7900000| Untracked 
| 122|0x00000000a7a00000, 0x00000000a7a00000, 0x00000000a7b00000|  0%| F|  |TAMS 0x00000000a7a00000, 0x00000000a7a00000| Untracked 
| 123|0x00000000a7b00000, 0x00000000a7b00000, 0x00000000a7c00000|  0%| F|  |TAMS 0x00000000a7b00000, 0x00000000a7b00000| Untracked 
| 124|0x00000000a7c00000, 0x00000000a7c00000, 0x00000000a7d00000|  0%| F|  |TAMS 0x00000000a7c00000, 0x00000000a7c00000| Untracked 
| 125|0x00000000a7d00000, 0x00000000a7d00000, 0x00000000a7e00000|  0%| F|  |TAMS 0x00000000a7d00000, 0x00000000a7d00000| Untracked 
| 126|0x00000000a7e00000, 0x00000000a7e00000, 0x00000000a7f00000|  0%| F|  |TAMS 0x00000000a7e00000, 0x00000000a7e00000| Untracked 
| 127|0x00000000a7f00000, 0x00000000a7f00000, 0x00000000a8000000|  0%| F|  |TAMS 0x00000000a7f00000, 0x00000000a7f00000| Untracked 
| 128|0x00000000a8000000, 0x00000000a8000000, 0x00000000a8100000|  0%| F|  |TAMS 0x00000000a8000000, 0x00000000a8000000| Untracked 
| 129|0x00000000a8100000, 0x00000000a8100000, 0x00000000a8200000|  0%| F|  |TAMS 0x00000000a8100000, 0x00000000a8100000| Untracked 
| 130|0x00000000a8200000, 0x00000000a8200000, 0x00000000a8300000|  0%| F|  |TAMS 0x00000000a8200000, 0x00000000a8200000| Untracked 
| 131|0x00000000a8300000, 0x00000000a8300000, 0x00000000a8400000|  0%| F|  |TAMS 0x00000000a8300000, 0x00000000a8300000| Untracked 
| 132|0x00000000a8400000, 0x00000000a8400000, 0x00000000a8500000|  0%| F|  |TAMS 0x00000000a8400000, 0x00000000a8400000| Untracked 
| 133|0x00000000a8500000, 0x00000000a8500000, 0x00000000a8600000|  0%| F|  |TAMS 0x00000000a8500000, 0x00000000a8500000| Untracked 
| 134|0x00000000a8600000, 0x00000000a8600000, 0x00000000a8700000|  0%| F|  |TAMS 0x00000000a8600000, 0x00000000a8600000| Untracked 
| 135|0x00000000a8700000, 0x00000000a8700000, 0x00000000a8800000|  0%| F|  |TAMS 0x00000000a8700000, 0x00000000a8700000| Untracked 
| 136|0x00000000a8800000, 0x00000000a8800000, 0x00000000a8900000|  0%| F|  |TAMS 0x00000000a8800000, 0x00000000a8800000| Untracked 
| 137|0x00000000a8900000, 0x00000000a8900000, 0x00000000a8a00000|  0%| F|  |TAMS 0x00000000a8900000, 0x00000000a8900000| Untracked 
| 138|0x00000000a8a00000, 0x00000000a8a00000, 0x00000000a8b00000|  0%| F|  |TAMS 0x00000000a8a00000, 0x00000000a8a00000| Untracked 
| 139|0x00000000a8b00000, 0x00000000a8b00000, 0x00000000a8c00000|  0%| F|  |TAMS 0x00000000a8b00000, 0x00000000a8b00000| Untracked 
| 140|0x00000000a8c00000, 0x00000000a8c00000, 0x00000000a8d00000|  0%| F|  |TAMS 0x00000000a8c00000, 0x00000000a8c00000| Untracked 
| 141|0x00000000a8d00000, 0x00000000a8d00000, 0x00000000a8e00000|  0%| F|  |TAMS 0x00000000a8d00000, 0x00000000a8d00000| Untracked 
| 142|0x00000000a8e00000, 0x00000000a8e00000, 0x00000000a8f00000|  0%| F|  |TAMS 0x00000000a8e00000, 0x00000000a8e00000| Untracked 
| 143|0x00000000a8f00000, 0x00000000a8f00000, 0x00000000a9000000|  0%| F|  |TAMS 0x00000000a8f00000, 0x00000000a8f00000| Untracked 
| 144|0x00000000a9000000, 0x00000000a9000000, 0x00000000a9100000|  0%| F|  |TAMS 0x00000000a9000000, 0x00000000a9000000| Untracked 
| 145|0x00000000a9100000, 0x00000000a9100000, 0x00000000a9200000|  0%| F|  |TAMS 0x00000000a9100000, 0x00000000a9100000| Untracked 
| 146|0x00000000a9200000, 0x00000000a9200000, 0x00000000a9300000|  0%| F|  |TAMS 0x00000000a9200000, 0x00000000a9200000| Untracked 
| 147|0x00000000a9300000, 0x00000000a9300000, 0x00000000a9400000|  0%| F|  |TAMS 0x00000000a9300000, 0x00000000a9300000| Untracked 
| 148|0x00000000a9400000, 0x00000000a9500000, 0x00000000a9500000|100%| E|  |TAMS 0x00000000a9400000, 0x00000000a9400000| Complete 
| 149|0x00000000a9500000, 0x00000000a9600000, 0x00000000a9600000|100%| E|CS|TAMS 0x00000000a9500000, 0x00000000a9500000| Complete 
| 150|0x00000000a9600000, 0x00000000a9700000, 0x00000000a9700000|100%| E|CS|TAMS 0x00000000a9600000, 0x00000000a9600000| Complete 
| 151|0x00000000a9700000, 0x00000000a9800000, 0x00000000a9800000|100%| E|CS|TAMS 0x00000000a9700000, 0x00000000a9700000| Complete 
| 152|0x00000000a9800000, 0x00000000a9900000, 0x00000000a9900000|100%| E|CS|TAMS 0x00000000a9800000, 0x00000000a9800000| Complete 
| 153|0x00000000a9900000, 0x00000000a9a00000, 0x00000000a9a00000|100%| E|CS|TAMS 0x00000000a9900000, 0x00000000a9900000| Complete 
| 154|0x00000000a9a00000, 0x00000000a9aa1960, 0x00000000a9b00000| 63%| S|CS|TAMS 0x00000000a9a00000, 0x00000000a9a00000| Complete 
| 155|0x00000000a9b00000, 0x00000000a9c00000, 0x00000000a9c00000|100%| S|CS|TAMS 0x00000000a9b00000, 0x00000000a9b00000| Complete 
| 156|0x00000000a9c00000, 0x00000000a9d00000, 0x00000000a9d00000|100%| S|CS|TAMS 0x00000000a9c00000, 0x00000000a9c00000| Complete 
| 157|0x00000000a9d00000, 0x00000000a9e00000, 0x00000000a9e00000|100%| S|CS|TAMS 0x00000000a9d00000, 0x00000000a9d00000| Complete 
| 158|0x00000000a9e00000, 0x00000000a9f00000, 0x00000000a9f00000|100%| E|CS|TAMS 0x00000000a9e00000, 0x00000000a9e00000| Complete 
| 159|0x00000000a9f00000, 0x00000000aa000000, 0x00000000aa000000|100%| E|CS|TAMS 0x00000000a9f00000, 0x00000000a9f00000| Complete 
| 160|0x00000000aa000000, 0x00000000aa100000, 0x00000000aa100000|100%| E|CS|TAMS 0x00000000aa000000, 0x00000000aa000000| Complete 
| 161|0x00000000aa100000, 0x00000000aa200000, 0x00000000aa200000|100%| E|CS|TAMS 0x00000000aa100000, 0x00000000aa100000| Complete 
| 162|0x00000000aa200000, 0x00000000aa300000, 0x00000000aa300000|100%| E|CS|TAMS 0x00000000aa200000, 0x00000000aa200000| Complete 
| 163|0x00000000aa300000, 0x00000000aa400000, 0x00000000aa400000|100%| E|CS|TAMS 0x00000000aa300000, 0x00000000aa300000| Complete 
| 164|0x00000000aa400000, 0x00000000aa500000, 0x00000000aa500000|100%| E|CS|TAMS 0x00000000aa400000, 0x00000000aa400000| Complete 
| 165|0x00000000aa500000, 0x00000000aa600000, 0x00000000aa600000|100%| E|CS|TAMS 0x00000000aa500000, 0x00000000aa500000| Complete 
| 166|0x00000000aa600000, 0x00000000aa700000, 0x00000000aa700000|100%| E|CS|TAMS 0x00000000aa600000, 0x00000000aa600000| Complete 
| 167|0x00000000aa700000, 0x00000000aa800000, 0x00000000aa800000|100%| E|CS|TAMS 0x00000000aa700000, 0x00000000aa700000| Complete 
| 168|0x00000000aa800000, 0x00000000aa900000, 0x00000000aa900000|100%| E|CS|TAMS 0x00000000aa800000, 0x00000000aa800000| Complete 
| 169|0x00000000aa900000, 0x00000000aaa00000, 0x00000000aaa00000|100%| E|CS|TAMS 0x00000000aa900000, 0x00000000aa900000| Complete 
| 170|0x00000000aaa00000, 0x00000000aab00000, 0x00000000aab00000|100%| E|CS|TAMS 0x00000000aaa00000, 0x00000000aaa00000| Complete 
| 171|0x00000000aab00000, 0x00000000aac00000, 0x00000000aac00000|100%| E|CS|TAMS 0x00000000aab00000, 0x00000000aab00000| Complete 
| 172|0x00000000aac00000, 0x00000000aad00000, 0x00000000aad00000|100%| E|CS|TAMS 0x00000000aac00000, 0x00000000aac00000| Complete 

Card table byte_map: [0x0000020cee8c0000,0x0000020ceebc0000] _byte_map_base: 0x0000020cee3c0000

Marking Bits (Prev, Next): (CMBitMap*) 0x0000020cdbdca488, (CMBitMap*) 0x0000020cdbdca4c0
 Prev Bits: [0x0000020ceeec0000, 0x0000020cf06c0000)
 Next Bits: [0x0000020cf06c0000, 0x0000020cf1ec0000)

Polling page: 0x0000020cd9ce0000

Metaspace:

Usage:
  Non-class:     43.62 MB capacity,    42.73 MB ( 98%) used,   773.33 KB (  2%) free+waste,   136.69 KB ( <1%) overhead. 
      Class:      6.84 MB capacity,     6.29 MB ( 92%) used,   498.52 KB (  7%) free+waste,    66.75 KB ( <1%) overhead. 
       Both:     50.47 MB capacity,    49.03 MB ( 97%) used,     1.24 MB (  2%) free+waste,   203.44 KB ( <1%) overhead. 

Virtual space:
  Non-class space:       44.00 MB reserved,      43.67 MB (>99%) committed 
      Class space:        1.00 GB reserved,       6.88 MB ( <1%) committed 
             Both:        1.04 GB reserved,      50.55 MB (  5%) committed 

Chunk freelists:
   Non-Class:  50.00 KB
       Class:  0 bytes
        Both:  50.00 KB

MaxMetaspaceSize: 17179869184.00 GB
CompressedClassSpaceSize: 1.00 GB
Initial GC threshold: 20.80 MB
Current GC threshold: 81.75 MB
CDS: off

CodeHeap 'non-profiled nmethods': size=120064Kb used=2684Kb max_used=2684Kb free=117379Kb
 bounds [0x0000020ce7380000, 0x0000020ce7620000, 0x0000020cee8c0000]
CodeHeap 'profiled nmethods': size=120000Kb used=10114Kb max_used=10114Kb free=109885Kb
 bounds [0x0000020cdfe50000, 0x0000020ce0840000, 0x0000020ce7380000]
CodeHeap 'non-nmethods': size=5696Kb used=2293Kb max_used=2332Kb free=3402Kb
 bounds [0x0000020cdf8c0000, 0x0000020cdfb30000, 0x0000020cdfe50000]
 total_blobs=5369 nmethods=4572 adapters=710
 compilation: enabled
              stopped_count=0, restarted_count=0
 full_count=0

Compilation events (20 events):
Event: 36.385 Thread 0x0000020cf4aba800 4559       3       sun.reflect.generics.repository.AbstractRepository::<init> (19 bytes)
Event: 36.385 Thread 0x0000020cf4aba800 nmethod 4559 0x0000020ce081e690 code [0x0000020ce081e860, 0x0000020ce081eb48]
Event: 36.394 Thread 0x0000020cf4aba800 4561       3       java.lang.Class::isLocalOrAnonymousClass (5 bytes)
Event: 36.394 Thread 0x0000020cf4aba800 nmethod 4561 0x0000020ce081ec10 code [0x0000020ce081ede0, 0x0000020ce081efd8]
Event: 36.394 Thread 0x0000020cf4aba800 4562       3       java.lang.Class::hasEnclosingMethodInfo (17 bytes)
Event: 36.395 Thread 0x0000020cf4aba800 nmethod 4562 0x0000020ce081f090 code [0x0000020ce081f260, 0x0000020ce081f418]
Event: 36.397 Thread 0x0000020cf4aba800 4563       3       com.google.common.collect.LinkedHashMultimap$ValueSet::<init> (55 bytes)
Event: 36.398 Thread 0x0000020cf4aba800 nmethod 4563 0x0000020ce081f510 code [0x0000020ce081f720, 0x0000020ce081fc48]
Event: 36.398 Thread 0x0000020cf4aba800 4564       3       com.google.common.collect.AbstractMapBasedMultimap::put (92 bytes)
Event: 36.398 Thread 0x0000020cf4aba800 nmethod 4564 0x0000020ce081fe10 code [0x0000020ce0820040, 0x0000020ce08207f8]
Event: 36.398 Thread 0x0000020cf4aba800 4565       3       com.google.common.collect.LinkedHashMultimap::put (7 bytes)
Event: 36.398 Thread 0x0000020cf4aba800 nmethod 4565 0x0000020ce0820a10 code [0x0000020ce0820be0, 0x0000020ce0820d68]
Event: 36.398 Thread 0x0000020cf4aba800 4566       3       com.google.common.collect.LinkedHashMultimap$ValueSet::add (144 bytes)
Event: 36.400 Thread 0x0000020cf4aba800 nmethod 4566 0x0000020ce0820e90 code [0x0000020ce08211a0, 0x0000020ce0822638]
Event: 36.400 Thread 0x0000020cf4aba800 4567       3       com.google.common.collect.Hashing::needsResizing (22 bytes)
Event: 36.401 Thread 0x0000020cf4aba800 nmethod 4567 0x0000020ce0822d10 code [0x0000020ce0822ec0, 0x0000020ce0823078]
Event: 36.404 Thread 0x0000020cf4aba800 4568       3       org.gradle.model.internal.asm.MethodVisitorScope::_DUP (7 bytes)
Event: 36.405 Thread 0x0000020cf4aba800 nmethod 4568 0x0000020ce0823110 code [0x0000020ce08232e0, 0x0000020ce0823548]
Event: 36.408 Thread 0x0000020cf4aba800 4569       3       org.gradle.internal.instantiation.generator.AsmBackedClassGenerator::getDisplayNameForNext (21 bytes)
Event: 36.409 Thread 0x0000020cf4aba800 nmethod 4569 0x0000020ce0823690 code [0x0000020ce0823860, 0x0000020ce0823b28]

GC Heap History (20 events):
Event: 23.820 GC heap before
{Heap before GC invocations=36 (full 0):
 garbage-first heap   total 97280K, used 74214K [0x00000000a0000000, 0x0000000100000000)
  region size 1024K, 23 young (23552K), 2 survivors (2048K)
 Metaspace       used 39381K, capacity 40502K, committed 40752K, reserved 1085440K
  class space    used 5103K, capacity 5499K, committed 5504K, reserved 1048576K
}
Event: 23.836 GC heap after
{Heap after GC invocations=37 (full 0):
 garbage-first heap   total 97280K, used 57521K [0x00000000a0000000, 0x0000000100000000)
  region size 1024K, 3 young (3072K), 3 survivors (3072K)
 Metaspace       used 39381K, capacity 40502K, committed 40752K, reserved 1085440K
  class space    used 5103K, capacity 5499K, committed 5504K, reserved 1048576K
}
Event: 24.218 GC heap before
{Heap before GC invocations=37 (full 0):
 garbage-first heap   total 97280K, used 75953K [0x00000000a0000000, 0x0000000100000000)
  region size 1024K, 21 young (21504K), 3 survivors (3072K)
 Metaspace       used 39928K, capacity 41140K, committed 41392K, reserved 1085440K
  class space    used 5147K, capacity 5582K, committed 5632K, reserved 1048576K
}
Event: 24.234 GC heap after
{Heap after GC invocations=38 (full 0):
 garbage-first heap   total 147456K, used 59875K [0x00000000a0000000, 0x0000000100000000)
  region size 1024K, 3 young (3072K), 3 survivors (3072K)
 Metaspace       used 39928K, capacity 41140K, committed 41392K, reserved 1085440K
  class space    used 5147K, capacity 5582K, committed 5632K, reserved 1048576K
}
Event: 26.503 GC heap before
{Heap before GC invocations=39 (full 0):
 garbage-first heap   total 147456K, used 97763K [0x00000000a0000000, 0x0000000100000000)
  region size 1024K, 38 young (38912K), 3 survivors (3072K)
 Metaspace       used 43321K, capacity 44493K, committed 44592K, reserved 1087488K
  class space    used 5515K, capacity 5927K, committed 6016K, reserved 1048576K
}
Event: 26.517 GC heap after
{Heap after GC invocations=40 (full 0):
 garbage-first heap   total 147456K, used 61288K [0x00000000a0000000, 0x0000000100000000)
  region size 1024K, 4 young (4096K), 4 survivors (4096K)
 Metaspace       used 43321K, capacity 44493K, committed 44592K, reserved 1087488K
  class space    used 5515K, capacity 5927K, committed 6016K, reserved 1048576K
}
Event: 28.254 GC heap before
{Heap before GC invocations=40 (full 0):
 garbage-first heap   total 147456K, used 82792K [0x00000000a0000000, 0x0000000100000000)
  region size 1024K, 26 young (26624K), 4 survivors (4096K)
 Metaspace       used 44691K, capacity 45877K, committed 46128K, reserved 1089536K
  class space    used 5706K, capacity 6148K, committed 6272K, reserved 1048576K
}
Event: 28.278 GC heap after
{Heap after GC invocations=41 (full 0):
 garbage-first heap   total 147456K, used 62939K [0x00000000a0000000, 0x0000000100000000)
  region size 1024K, 4 young (4096K), 4 survivors (4096K)
 Metaspace       used 44691K, capacity 45877K, committed 46128K, reserved 1089536K
  class space    used 5706K, capacity 6148K, committed 6272K, reserved 1048576K
}
Event: 28.956 GC heap before
{Heap before GC invocations=42 (full 0):
 garbage-first heap   total 147456K, used 72155K [0x00000000a0000000, 0x0000000100000000)
  region size 1024K, 5 young (5120K), 4 survivors (4096K)
 Metaspace       used 44691K, capacity 45877K, committed 46128K, reserved 1089536K
  class space    used 5706K, capacity 6148K, committed 6272K, reserved 1048576K
}
Event: 28.997 GC heap after
{Heap after GC invocations=43 (full 0):
 garbage-first heap   total 147456K, used 72240K [0x00000000a0000000, 0x0000000100000000)
  region size 1024K, 2 young (2048K), 2 survivors (2048K)
 Metaspace       used 44691K, capacity 45877K, committed 46128K, reserved 1089536K
  class space    used 5706K, capacity 6148K, committed 6272K, reserved 1048576K
}
Event: 29.260 GC heap before
{Heap before GC invocations=44 (full 0):
 garbage-first heap   total 147456K, used 74288K [0x00000000a0000000, 0x0000000100000000)
  region size 1024K, 3 young (3072K), 2 survivors (2048K)
 Metaspace       used 44691K, capacity 45877K, committed 46128K, reserved 1089536K
  class space    used 5706K, capacity 6148K, committed 6272K, reserved 1048576K
}
Event: 29.272 GC heap after
{Heap after GC invocations=45 (full 0):
 garbage-first heap   total 177152K, used 74315K [0x00000000a0000000, 0x0000000100000000)
  region size 1024K, 2 young (2048K), 2 survivors (2048K)
 Metaspace       used 44691K, capacity 45877K, committed 46128K, reserved 1089536K
  class space    used 5706K, capacity 6148K, committed 6272K, reserved 1048576K
}
Event: 29.805 GC heap before
{Heap before GC invocations=46 (full 0):
 garbage-first heap   total 177152K, used 79435K [0x00000000a0000000, 0x0000000100000000)
  region size 1024K, 3 young (3072K), 2 survivors (2048K)
 Metaspace       used 44691K, capacity 45877K, committed 46128K, reserved 1089536K
  class space    used 5706K, capacity 6148K, committed 6272K, reserved 1048576K
}
Event: 29.820 GC heap after
{Heap after GC invocations=47 (full 0):
 garbage-first heap   total 177152K, used 80100K [0x00000000a0000000, 0x0000000100000000)
  region size 1024K, 3 young (3072K), 3 survivors (3072K)
 Metaspace       used 44691K, capacity 45877K, committed 46128K, reserved 1089536K
  class space    used 5706K, capacity 6148K, committed 6272K, reserved 1048576K
}
Event: 31.236 GC heap before
{Heap before GC invocations=48 (full 0):
 garbage-first heap   total 177152K, used 97508K [0x00000000a0000000, 0x0000000100000000)
  region size 1024K, 18 young (18432K), 3 survivors (3072K)
 Metaspace       used 45375K, capacity 46692K, committed 46896K, reserved 1089536K
  class space    used 5784K, capacity 6247K, committed 6272K, reserved 1048576K
}
Event: 31.247 GC heap after
{Heap after GC invocations=49 (full 0):
 garbage-first heap   total 177152K, used 85136K [0x00000000a0000000, 0x0000000100000000)
  region size 1024K, 5 young (5120K), 5 survivors (5120K)
 Metaspace       used 45375K, capacity 46692K, committed 46896K, reserved 1089536K
  class space    used 5784K, capacity 6247K, committed 6272K, reserved 1048576K
}
Event: 33.364 GC heap before
{Heap before GC invocations=50 (full 0):
 garbage-first heap   total 177152K, used 122000K [0x00000000a0000000, 0x0000000100000000)
  region size 1024K, 40 young (40960K), 5 survivors (5120K)
 Metaspace       used 47439K, capacity 48852K, committed 48944K, reserved 1091584K
  class space    used 5979K, capacity 6470K, committed 6528K, reserved 1048576K
}
Event: 33.392 GC heap after
{Heap after GC invocations=51 (full 0):
 garbage-first heap   total 177152K, used 87208K [0x00000000a0000000, 0x0000000100000000)
  region size 1024K, 5 young (5120K), 5 survivors (5120K)
 Metaspace       used 47439K, capacity 48852K, committed 48944K, reserved 1091584K
  class space    used 5979K, capacity 6470K, committed 6528K, reserved 1048576K
}
Event: 35.004 GC heap before
{Heap before GC invocations=51 (full 0):
 garbage-first heap   total 177152K, used 101544K [0x00000000a0000000, 0x0000000100000000)
  region size 1024K, 20 young (20480K), 5 survivors (5120K)
 Metaspace       used 48681K, capacity 50056K, committed 50224K, reserved 1093632K
  class space    used 6183K, capacity 6723K, committed 6784K, reserved 1048576K
}
Event: 35.038 GC heap after
{Heap after GC invocations=52 (full 0):
 garbage-first heap   total 177152K, used 88420K [0x00000000a0000000, 0x0000000100000000)
  region size 1024K, 4 young (4096K), 4 survivors (4096K)
 Metaspace       used 48681K, capacity 50056K, committed 50224K, reserved 1093632K
  class space    used 6183K, capacity 6723K, committed 6784K, reserved 1048576K
}

Deoptimization events (20 events):
Event: 36.225 Thread 0x0000020cf4f04800 Uncommon trap: trap_request=0xffffff4d fr.pc=0x0000020ce746f098 relative=0x0000000000000258
Event: 36.225 Thread 0x0000020cf4f04800 Uncommon trap: reason=unstable_if action=reinterpret pc=0x0000020ce746f098 method=java.util.HashMap.hash(Ljava/lang/Object;)I @ 1 c2
Event: 36.225 Thread 0x0000020cf4f04800 DEOPT PACKING pc=0x0000020ce746f098 sp=0x000000cc1f2f7e70
Event: 36.225 Thread 0x0000020cf4f04800 DEOPT UNPACKING pc=0x0000020cdf90a1a9 sp=0x000000cc1f2f7da8 mode 2
Event: 36.225 Thread 0x0000020cf4f04800 Uncommon trap: trap_request=0xffffff4d fr.pc=0x0000020ce7463180 relative=0x00000000000001c0
Event: 36.225 Thread 0x0000020cf4f04800 Uncommon trap: reason=unstable_if action=reinterpret pc=0x0000020ce7463180 method=java.util.HashMap.getNode(ILjava/lang/Object;)Ljava/util/HashMap$Node; @ 53 c2
Event: 36.225 Thread 0x0000020cf4f04800 DEOPT PACKING pc=0x0000020ce7463180 sp=0x000000cc1f2f7df0
Event: 36.225 Thread 0x0000020cf4f04800 DEOPT UNPACKING pc=0x0000020cdf90a1a9 sp=0x000000cc1f2f7d78 mode 2
Event: 36.225 Thread 0x0000020cf4f04800 Uncommon trap: trap_request=0xffffff4d fr.pc=0x0000020ce73aab94 relative=0x00000000000000d4
Event: 36.225 Thread 0x0000020cf4f04800 Uncommon trap: reason=unstable_if action=reinterpret pc=0x0000020ce73aab94 method=java.util.HashMap.hash(Ljava/lang/Object;)I @ 1 c2
Event: 36.225 Thread 0x0000020cf4f04800 DEOPT PACKING pc=0x0000020ce73aab94 sp=0x000000cc1f2f7e70
Event: 36.225 Thread 0x0000020cf4f04800 DEOPT UNPACKING pc=0x0000020cdf90a1a9 sp=0x000000cc1f2f7db0 mode 2
Event: 36.225 Thread 0x0000020cf4f04800 Uncommon trap: trap_request=0xffffff4d fr.pc=0x0000020ce7619610 relative=0x0000000000000710
Event: 36.225 Thread 0x0000020cf4f04800 Uncommon trap: reason=unstable_if action=reinterpret pc=0x0000020ce7619610 method=java.util.HashMap.putVal(ILjava/lang/Object;Ljava/lang/Object;ZZ)Ljava/lang/Object; @ 85 c2
Event: 36.225 Thread 0x0000020cf4f04800 DEOPT PACKING pc=0x0000020ce7619610 sp=0x000000cc1f2f7da0
Event: 36.225 Thread 0x0000020cf4f04800 DEOPT UNPACKING pc=0x0000020cdf90a1a9 sp=0x000000cc1f2f7d58 mode 2
Event: 36.234 Thread 0x0000020cf4f04800 Uncommon trap: trap_request=0xffffff4d fr.pc=0x0000020ce74ee070 relative=0x0000000000000310
Event: 36.234 Thread 0x0000020cf4f04800 Uncommon trap: reason=unstable_if action=reinterpret pc=0x0000020ce74ee070 method=org.gradle.internal.reflect.PropertyAccessorType.isGetGetterName(Ljava/lang/String;)Z @ 14 c2
Event: 36.234 Thread 0x0000020cf4f04800 DEOPT PACKING pc=0x0000020ce74ee070 sp=0x000000cc1f2f8990
Event: 36.234 Thread 0x0000020cf4f04800 DEOPT UNPACKING pc=0x0000020cdf90a1a9 sp=0x000000cc1f2f88e8 mode 2

Classes redefined (0 events):
No events

Internal exceptions (20 events):
Event: 33.346 Thread 0x0000020cf4f04800 Exception <a 'java/lang/ClassNotFoundException'{0x00000000a85150d0}: org/gradle/api/internal/provider/AbstractPropertyCustomizer> (0x00000000a85150d0) thrown at [src/hotspot/share/classfile/systemDictionary.cpp, line 230]
Event: 33.350 Thread 0x0000020cf4f04800 Exception <a 'java/lang/ClassNotFoundException'{0x00000000a854a738}: org/gradle/api/internal/provider/DefaultPropertyCustomizer> (0x00000000a854a738) thrown at [src/hotspot/share/classfile/systemDictionary.cpp, line 230]
Event: 33.361 Thread 0x0000020cf4f04800 Exception <a 'java/lang/ClassNotFoundException'{0x00000000a85c1930}: org/gradle/initialization/DefaultProjectDescriptorBeanInfo> (0x00000000a85c1930) thrown at [src/hotspot/share/classfile/systemDictionary.cpp, line 230]
Event: 33.363 Thread 0x0000020cf4f04800 Exception <a 'java/lang/ClassNotFoundException'{0x00000000a85ea588}: org/gradle/initialization/DefaultProjectDescriptorCustomizer> (0x00000000a85ea588) thrown at [src/hotspot/share/classfile/systemDictionary.cpp, line 230]
Event: 33.903 Thread 0x0000020cf4f04800 Exception <a 'java/lang/ClassNotFoundException'{0x00000000aa874600}: org/jetbrains/plugins/gradle/model/web/WebConfigurationBeanInfo> (0x00000000aa874600) thrown at [src/hotspot/share/classfile/systemDictionary.cpp, line 230]
Event: 33.903 Thread 0x0000020cf4f04800 Exception <a 'java/lang/ClassNotFoundException'{0x00000000aa8849a8}: org/jetbrains/plugins/gradle/model/web/WebConfigurationCustomizer> (0x00000000aa8849a8) thrown at [src/hotspot/share/classfile/systemDictionary.cpp, line 230]
Event: 33.907 Thread 0x0000020cf4f04800 Exception <a 'java/lang/ClassNotFoundException'{0x00000000aa8b7128}: org/jetbrains/plugins/gradle/model/scala/ScalaModelBeanInfo> (0x00000000aa8b7128) thrown at [src/hotspot/share/classfile/systemDictionary.cpp, line 230]
Event: 33.908 Thread 0x0000020cf4f04800 Exception <a 'java/lang/ClassNotFoundException'{0x00000000aa8c70a0}: org/jetbrains/plugins/gradle/model/scala/ScalaModelCustomizer> (0x00000000aa8c70a0) thrown at [src/hotspot/share/classfile/systemDictionary.cpp, line 230]
Event: 35.271 Thread 0x0000020cf4f04800 Exception <a 'java/lang/ClassNotFoundException'{0x00000000aab824e8}: org/gradle/api/internal/project/DefaultProject_DecoratedBeanInfo> (0x00000000aab824e8) thrown at [src/hotspot/share/classfile/systemDictionary.cpp, line 230]
Event: 35.272 Thread 0x0000020cf4f04800 Exception <a 'java/lang/ClassNotFoundException'{0x00000000aab9c620}: org/gradle/api/internal/project/DefaultProjectBeanInfo> (0x00000000aab9c620) thrown at [src/hotspot/share/classfile/systemDictionary.cpp, line 230]
Event: 35.272 Thread 0x0000020cf4f04800 Exception <a 'java/lang/ClassNotFoundException'{0x00000000aabb67a0}: org/gradle/api/internal/project/DefaultProjectCustomizer> (0x00000000aabb67a0) thrown at [src/hotspot/share/classfile/systemDictionary.cpp, line 230]
Event: 35.282 Thread 0x0000020cf4f04800 Exception <a 'java/lang/ClassNotFoundException'{0x00000000aaa65448}: org/gradle/api/internal/project/DefaultProject_DecoratedCustomizer> (0x00000000aaa65448) thrown at [src/hotspot/share/classfile/systemDictionary.cpp, line 230]
Event: 35.606 Thread 0x0000020cf4f04800 Exception <a 'java/lang/NoSuchMethodError'{0x00000000aa3d5a20}: 'java.lang.Object java.lang.invoke.DelegatingMethodHandle$Holder.reinvoke_L(java.lang.Object, java.lang.Object, java.lang.Object, java.lang.Object, java.lang.Object, java.lang.Object, java.lang.Object, java.lang.Object, java.lang.Object, java.lang.Object, java.lang.Object, java.lang.Object, java.lang.Object, java.lang.Object, java.lang.Object, java.lang.Object, java.lang.Object, java.lang.Object, java.lang.Object, java.lang.Object, java.lang.O
Event: 35.607 Thread 0x0000020cf4f04800 Exception <a 'java/lang/NoSuchMethodError'{0x00000000aa3e1e78}: 'java.lang.Object java.lang.invoke.Invokers$Holder.invoker(java.lang.Object, java.lang.Object, java.lang.Object, java.lang.Object, java.lang.Object, java.lang.Object, java.lang.Object, java.lang.Object, java.lang.Object, java.lang.Object, java.lang.Object, java.lang.Object, java.lang.Object, java.lang.Object, java.lang.Object, java.lang.Object, java.lang.Object, java.lang.Object, java.lang.Object, java.lang.Object, java.lang.Object)'> (0x00000
Event: 35.608 Thread 0x0000020cf4f04800 Exception <a 'java/lang/NoSuchMethodError'{0x00000000aa3e99e0}: 'java.lang.Object java.lang.invoke.DelegatingMethodHandle$Holder.delegate(java.lang.Object, java.lang.Object, java.lang.Object, java.lang.Object, java.lang.Object, java.lang.Object, java.lang.Object, java.lang.Object, java.lang.Object, java.lang.Object, java.lang.Object, java.lang.Object, java.lang.Object, java.lang.Object, java.lang.Object, java.lang.Object, java.lang.Object, java.lang.Object, java.lang.Object, java.lang.Object, java.lang.Obj
Event: 35.630 Thread 0x0000020cf4f04800 Exception <a 'java/lang/NoSuchMethodError'{0x00000000aa233930}: 'java.lang.Object java.lang.invoke.DirectMethodHandle$Holder.invokeStatic(java.lang.Object, java.lang.Object, java.lang.Object, java.lang.Object, java.lang.Object, java.lang.Object, java.lang.Object, java.lang.Object, java.lang.Object, java.lang.Object, java.lang.Object, java.lang.Object, java.lang.Object, java.lang.Object, java.lang.Object)'> (0x00000000aa233930) thrown at [src/hotspot/share/interpreter/linkResolver.cpp, line 773]
Event: 35.635 Thread 0x0000020cf4f04800 Exception <a 'java/lang/NoSuchMethodError'{0x00000000aa244a08}: 'java.lang.Object java.lang.invoke.DirectMethodHandle$Holder.invokeStatic(java.lang.Object, java.lang.Object, java.lang.Object, java.lang.Object, java.lang.Object, java.lang.Object, java.lang.Object, java.lang.Object, java.lang.Object, java.lang.Object, java.lang.Object, java.lang.Object, java.lang.Object, java.lang.Object, java.lang.Object, java.lang.Object)'> (0x00000000aa244a08) thrown at [src/hotspot/share/interpreter/linkResolver.cpp, lin
Event: 35.638 Thread 0x0000020cf4f04800 Exception <a 'java/lang/NoSuchMethodError'{0x00000000aa2559f0}: 'java.lang.Object java.lang.invoke.DelegatingMethodHandle$Holder.reinvoke_L(java.lang.Object, java.lang.Object, java.lang.Object, java.lang.Object, java.lang.Object, java.lang.Object, java.lang.Object, java.lang.Object, java.lang.Object, java.lang.Object, java.lang.Object, java.lang.Object, java.lang.Object, java.lang.Object, java.lang.Object, java.lang.Object, java.lang.Object, java.lang.Object, java.lang.Object, java.lang.Object)'> (0x000000
Event: 36.225 Thread 0x0000020cf4f04800 Implicit null exception at 0x0000020ce746ee74 to 0x0000020ce746f08c
Event: 36.225 Thread 0x0000020cf4f04800 Implicit null exception at 0x0000020ce73aaaf8 to 0x0000020ce73aab8a

Events (20 events):
Event: 36.377 loading class org/gradle/api/tasks/diagnostics/OutgoingVariantsReportTask
Event: 36.377 loading class org/gradle/api/tasks/diagnostics/OutgoingVariantsReportTask done
Event: 36.377 loading class org/gradle/api/Action
Event: 36.377 loading class org/gradle/api/Action done
Event: 36.378 loading class org/gradle/api/tasks/diagnostics/ResolvableConfigurationsReportTask
Event: 36.378 loading class org/gradle/api/tasks/diagnostics/ResolvableConfigurationsReportTask done
Event: 36.378 loading class org/gradle/api/tasks/diagnostics/ResolvableConfigurationsReportTask
Event: 36.378 loading class org/gradle/api/tasks/diagnostics/ResolvableConfigurationsReportTask done
Event: 36.378 loading class org/gradle/api/Action
Event: 36.378 loading class org/gradle/api/Action done
Event: 36.378 loading class org/gradle/api/internal/tasks/DefaultRealizableTaskCollection
Event: 36.378 loading class org/gradle/api/internal/tasks/DefaultRealizableTaskCollection done
Event: 36.409 loading class org/gradle/api/tasks/diagnostics/TaskReportTask
Event: 36.409 loading class org/gradle/api/tasks/diagnostics/TaskReportTask done
Event: 36.409 loading class org/gradle/api/tasks/diagnostics/TaskReportTask
Event: 36.409 loading class org/gradle/api/tasks/diagnostics/TaskReportTask done
Event: 36.409 loading class org/gradle/api/Action
Event: 36.409 loading class org/gradle/api/Action done
Event: 36.409 loading class org/gradle/api/internal/collections/CollectionFilter$1
Event: 36.409 loading class org/gradle/api/internal/collections/CollectionFilter$1 done


Dynamic libraries:
0x00007ff7d4a90000 - 0x00007ff7d4a9a000 	C:\Program Files\Android\Android Studio\jbr\bin\java.exe
0x00007fff3ac90000 - 0x00007fff3ae85000 	C:\Windows\SYSTEM32\ntdll.dll
0x00007fff3a150000 - 0x00007fff3a20e000 	C:\Windows\System32\KERNEL32.DLL
0x00007fff38700000 - 0x00007fff389c8000 	C:\Windows\System32\KERNELBASE.dll
0x00007fff38440000 - 0x00007fff38540000 	C:\Windows\System32\ucrtbase.dll
0x00007fff32130000 - 0x00007fff3214b000 	C:\Program Files\Android\Android Studio\jbr\bin\VCRUNTIME140.dll
0x00007fff2eb30000 - 0x00007fff2eb47000 	C:\Program Files\Android\Android Studio\jbr\bin\jli.dll
0x00007fff38d50000 - 0x00007fff38ef1000 	C:\Windows\System32\USER32.dll
0x00007fff290c0000 - 0x00007fff2935a000 	C:\Windows\WinSxS\amd64_microsoft.windows.common-controls_6595b64144ccf1df_6.0.19041.1110_none_60b5254171f9507e\COMCTL32.dll
0x00007fff386d0000 - 0x00007fff386f2000 	C:\Windows\System32\win32u.dll
0x00007fff39290000 - 0x00007fff3932e000 	C:\Windows\System32\msvcrt.dll
0x00007fff39080000 - 0x00007fff390ab000 	C:\Windows\System32\GDI32.dll
0x00007fff38b60000 - 0x00007fff38c6d000 	C:\Windows\System32\gdi32full.dll
0x00007fff383a0000 - 0x00007fff3843d000 	C:\Windows\System32\msvcp_win.dll
0x00007fff3a420000 - 0x00007fff3a450000 	C:\Windows\System32\IMM32.DLL
0x00007fff35c50000 - 0x00007fff35c5c000 	C:\Program Files\Android\Android Studio\jbr\bin\vcruntime140_1.dll
0x00007fff209c0000 - 0x00007fff20a4d000 	C:\Program Files\Android\Android Studio\jbr\bin\msvcp140.dll
0x00007fff06d00000 - 0x00007fff078bc000 	C:\Program Files\Android\Android Studio\jbr\bin\server\jvm.dll
0x00007fff3aa60000 - 0x00007fff3ab0c000 	C:\Windows\System32\ADVAPI32.dll
0x00007fff38f00000 - 0x00007fff38f9b000 	C:\Windows\System32\sechost.dll
0x00007fff3a2f0000 - 0x00007fff3a41a000 	C:\Windows\System32\RPCRT4.dll
0x00007fff38fa0000 - 0x00007fff38fa8000 	C:\Windows\System32\PSAPI.DLL
0x00007fff227c0000 - 0x00007fff227e7000 	C:\Windows\SYSTEM32\WINMM.dll
0x00007fff33290000 - 0x00007fff33299000 	C:\Windows\SYSTEM32\WSOCK32.dll
0x00007fff39de0000 - 0x00007fff39e4b000 	C:\Windows\System32\WS2_32.dll
0x00007fff2df30000 - 0x00007fff2df3a000 	C:\Windows\SYSTEM32\VERSION.dll
0x00007fff36440000 - 0x00007fff36452000 	C:\Windows\SYSTEM32\kernel.appcore.dll
0x00007fff33280000 - 0x00007fff33290000 	C:\Program Files\Android\Android Studio\jbr\bin\verify.dll
0x00007fff240d0000 - 0x00007fff242b4000 	C:\Windows\SYSTEM32\DBGHELP.DLL
0x00007fff240a0000 - 0x00007fff240cc000 	C:\Windows\SYSTEM32\dbgcore.DLL
0x00007fff38ad0000 - 0x00007fff38b53000 	C:\Windows\System32\bcryptPrimitives.dll
0x00007fff33250000 - 0x00007fff33278000 	C:\Program Files\Android\Android Studio\jbr\bin\java.dll
0x00007fff33240000 - 0x00007fff3324a000 	C:\Program Files\Android\Android Studio\jbr\bin\jimage.dll
0x00007fff1fcc0000 - 0x00007fff1fcd8000 	C:\Program Files\Android\Android Studio\jbr\bin\zip.dll
0x00007fff39330000 - 0x00007fff39a74000 	C:\Windows\System32\SHELL32.dll
0x00007fff36640000 - 0x00007fff36dd4000 	C:\Windows\SYSTEM32\windows.storage.dll
0x00007fff39a80000 - 0x00007fff39dd5000 	C:\Windows\System32\combase.dll
0x00007fff37d20000 - 0x00007fff37d4e000 	C:\Windows\SYSTEM32\Wldp.dll
0x00007fff390b0000 - 0x00007fff3915d000 	C:\Windows\System32\SHCORE.dll
0x00007fff39010000 - 0x00007fff39065000 	C:\Windows\System32\shlwapi.dll
0x00007fff38290000 - 0x00007fff382af000 	C:\Windows\SYSTEM32\profapi.dll
0x00007fff1fc30000 - 0x00007fff1fc49000 	C:\Program Files\Android\Android Studio\jbr\bin\net.dll
0x00007fff30180000 - 0x00007fff3028c000 	C:\Windows\SYSTEM32\WINHTTP.dll
0x00007fff37a80000 - 0x00007fff37aea000 	C:\Windows\system32\mswsock.dll
0x00007fff081c0000 - 0x00007fff081d3000 	C:\Program Files\Android\Android Studio\jbr\bin\nio.dll
0x00007fff20510000 - 0x00007fff20537000 	C:\Users\Admin\Downloads\FoodDeliveryApp-master\native\e1d6ef7f7dcc3fd88c89a11ec53ec762bb8ba0a96d01ffa2cd45eb1d1d8dd5c5\windows-amd64\native-platform.dll
0x00007fff0aea0000 - 0x00007fff0afe4000 	C:\Users\Admin\Downloads\FoodDeliveryApp-master\native\0d407fdbe67a94daf76414ababcb853783967236a71b16ec16e742cd7a986fd3\windows-amd64\native-platform-file-events.dll
0x00007fff265a0000 - 0x00007fff265aa000 	C:\Program Files\Android\Android Studio\jbr\bin\management.dll
0x00007fff258d0000 - 0x00007fff258db000 	C:\Program Files\Android\Android Studio\jbr\bin\management_ext.dll
0x00007fff37c70000 - 0x00007fff37c88000 	C:\Windows\SYSTEM32\CRYPTSP.dll
0x00007fff375b0000 - 0x00007fff375e4000 	C:\Windows\system32\rsaenh.dll
0x00007fff38540000 - 0x00007fff38567000 	C:\Windows\System32\bcrypt.dll
0x00007fff381f0000 - 0x00007fff3821e000 	C:\Windows\SYSTEM32\USERENV.dll
0x00007fff37c90000 - 0x00007fff37c9c000 	C:\Windows\SYSTEM32\CRYPTBASE.dll
0x00007fff37770000 - 0x00007fff377ab000 	C:\Windows\SYSTEM32\IPHLPAPI.DLL
0x00007fff3aa50000 - 0x00007fff3aa58000 	C:\Windows\System32\NSI.dll
0x00007fff2fc70000 - 0x00007fff2fc87000 	C:\Windows\SYSTEM32\dhcpcsvc6.DLL
0x00007fff30a70000 - 0x00007fff30a8d000 	C:\Windows\SYSTEM32\dhcpcsvc.DLL
0x00007fff377b0000 - 0x00007fff3787b000 	C:\Windows\SYSTEM32\DNSAPI.dll

dbghelp: loaded successfully - version: 4.0.5 - missing functions: none
symbol engine: initialized successfully - sym options: 0x614 - pdb path: .;C:\Program Files\Android\Android Studio\jbr\bin;C:\Windows\SYSTEM32;C:\Windows\WinSxS\amd64_microsoft.windows.common-controls_6595b64144ccf1df_6.0.19041.1110_none_60b5254171f9507e;C:\Program Files\Android\Android Studio\jbr\bin\server;C:\Users\Admin\Downloads\FoodDeliveryApp-master\native\e1d6ef7f7dcc3fd88c89a11ec53ec762bb8ba0a96d01ffa2cd45eb1d1d8dd5c5\windows-amd64;C:\Users\Admin\Downloads\FoodDeliveryApp-master\native\0d407fdbe67a94daf76414ababcb853783967236a71b16ec16e742cd7a986fd3\windows-amd64

VM Arguments:
jvm_args: --add-opens=java.base/java.util=ALL-UNNAMED --add-opens=java.base/java.lang=ALL-UNNAMED --add-opens=java.base/java.lang.invoke=ALL-UNNAMED --add-opens=java.base/java.util=ALL-UNNAMED --add-opens=java.prefs/java.util.prefs=ALL-UNNAMED --add-opens=java.prefs/java.util.prefs=ALL-UNNAMED --add-opens=java.base/java.nio.charset=ALL-UNNAMED --add-opens=java.base/java.net=ALL-UNNAMED --add-opens=java.base/java.util.concurrent.atomic=ALL-UNNAMED -Xmx1536m -Dfile.encoding=windows-1252 -Duser.country=US -Duser.language=en -Duser.variant 
java_command: org.gradle.launcher.daemon.bootstrap.GradleDaemon 7.5
java_class_path (initial): C:\Users\Admin\Downloads\FoodDeliveryApp-master\wrapper\dists\gradle-7.5-bin\f1w0cc9nuo0eivz97x2xlu9sv\gradle-7.5\lib\gradle-launcher-7.5.jar
Launcher Type: SUN_STANDARD

[Global flags]
     intx CICompilerCount                          = 2                                         {product} {ergonomic}
     uint ConcGCThreads                            = 1                                         {product} {ergonomic}
     uint G1ConcRefinementThreads                  = 2                                         {product} {ergonomic}
   size_t G1HeapRegionSize                         = 1048576                                   {product} {ergonomic}
    uintx GCDrainStackTargetSize                   = 64                                        {product} {ergonomic}
   size_t InitialHeapSize                          = 65011712                                  {product} {ergonomic}
   size_t MarkStackSize                            = 4194304                                   {product} {ergonomic}
   size_t MaxHeapSize                              = 1610612736                                {product} {command line}
   size_t MaxNewSize                               = 965738496                                 {product} {ergonomic}
   size_t MinHeapDeltaBytes                        = 1048576                                   {product} {ergonomic}
    uintx NonNMethodCodeHeapSize                   = 5825164                                {pd product} {ergonomic}
    uintx NonProfiledCodeHeapSize                  = 122916538                              {pd product} {ergonomic}
    uintx ProfiledCodeHeapSize                     = 122916538                              {pd product} {ergonomic}
    uintx ReservedCodeCacheSize                    = 251658240                              {pd product} {ergonomic}
     bool SegmentedCodeCache                       = true                                      {product} {ergonomic}
     bool UseCompressedClassPointers               = true                                 {lp64_product} {ergonomic}
     bool UseCompressedOops                        = true                                 {lp64_product} {ergonomic}
     bool UseG1GC                                  = true                                      {product} {ergonomic}
     bool UseLargePagesIndividualAllocation        = false                                  {pd product} {ergonomic}

Logging:
Log output configuration:
 #0: stdout all=warning uptime,level,tags
 #1: stderr all=off uptime,level,tags

Environment Variables:
PATH=C:\Program Files\Common Files\Oracle\Java\javapath;C:\Windows\system32;C:\Windows;C:\Windows\System32\Wbem;C:\Windows\System32\WindowsPowerShell\v1.0\;C:\Windows\System32\OpenSSH\;C:\Program Files (x86)\Microsoft SQL Server\160\DTS\Binn\;C:\Program Files\Azure Data Studio\bin;C:\Users\Admin\AppData\Local\Microsoft\WindowsApps;C:\Users\Admin\AppData\Local\Programs\Microsoft VS Code\bin;C:\Program Files\Azure Data Studio\bin
USERNAME=Admin
OS=Windows_NT
PROCESSOR_IDENTIFIER=Intel64 Family 6 Model 122 Stepping 1, GenuineIntel



---------------  S Y S T E M  ---------------

OS: Windows 10 , 64 bit Build 19041 (10.0.19041.1348)
OS uptime: 0 days 3:16 hours

CPU:total 2 (initial active 2) (2 cores per cpu, 1 threads per core) family 6 model 122 stepping 1 microcode 0x32, cmov, cx8, fxsr, mmx, sse, sse2, sse3, ssse3, sse4.1, sse4.2, popcnt, aes, clmul, erms, 3dnowpref, tsc, tscinvbit, sha

Memory: 4k page, system-wide physical 3918M (263M free)
TotalPageFile size 3918M (AvailPageFile size 2M)
current process WorkingSet (physical memory assigned to process): 183M, peak: 236M
current process commit charge ("private bytes"): 345M, peak: 351M

vm_info: OpenJDK 64-Bit Server VM (11.0.15+0-b2043.56-9505619) for windows-amd64 JRE (11.0.15+0-b2043.56-9505619), built on Jan 19 2023 02:48:00 by "builduser" with unknown MS VC++:1929

END.
